【登录信息】
*b0be8ec3c973f045a4ae91cf2d997f5f*
`登陆天数: 39天 / 677天
等级: 130
石头: 4102
呼符: 220
体力: 25.623333333333335 / 138
友情点: 0 / 363185`
_2024-07-01 04:08:38_
--------
*eb2249351f62e8f53edd212e354b4ab0*
`登陆天数: 39天 / 676天
等级: 130
石头: 4091
呼符: 299
体力: 25.593333333333334 / 138
友情点: 0 / 361660`
_2024-07-01 04:08:46_
--------
*75e790417deaedf66a35fa3ab3f26639*
`登陆天数: 39天 / 677天
等级: 130
石头: 4101
呼符: 220
体力: 25.566666666666663 / 138
友情点: 0 / 364770`
_2024-07-01 04:08:53_
--------
*00a84f6e84e13de772bf49acefa6fc7e*
`登陆天数: 39天 / 677天
等级: 130
石头: 4098
呼符: 44
体力: 25.53333333333333 / 138
友情点: 0 / 398310`
_2024-07-01 04:09:01_
--------
*25b5b0980a09bb194720b885c2db93c1*
`登陆天数: 39天 / 676天
等级: 130
石头: 4090
呼符: 239
体力: 25.50666666666666 / 138
友情点: 0 / 365690`
_2024-07-01 04:09:09_
--------
*c18683b9479c8ce71d91e4c7be7f9e76*
`登陆天数: 39天 / 676天
等级: 130
石头: 4097
呼符: 293
体力: 25.480000000000004 / 138
友情点: 0 / 364385`
_2024-07-01 04:09:16_
--------
*0e1bd5e231db09692ee34cf2c0b70d51*
`登陆天数: 39天 / 676天
等级: 130
石头: 4106
呼符: 85
体力: 25.450000000000003 / 138
友情点: 0 / 393375`
_2024-07-01 04:09:24_
--------
*b47dbe145b08f3cfbe87b7807296db90*
`登陆天数: 39天 / 676天
等级: 130
石头: 4098
呼符: 81
体力: 25.423333333333332 / 138
友情点: 0 / 380280`
_2024-07-01 04:09:32_
--------
*b530e8c4258bfcc88af39490c55a47af*
`登陆天数: 39天 / 678天
等级: 130
石头: 4109
呼符: 75
体力: 25.400000000000006 / 138
友情点: 0 / 390815`
_2024-07-01 04:09:40_
--------
*b86c825dac1ea8f15d25f75c35fada21*
`登陆天数: 39天 / 677天
等级: 130
石头: 4110
呼符: 174
体力: 25.370000000000005 / 138
友情点: 0 / 366635`
_2024-07-01 04:09:48_
--------
*b94c54a2875840777c50a96d4d265f1f*
`登陆天数: 39天 / 676天
等级: 130
石头: 4087
呼符: 253
体力: 25.346666666666664 / 138
友情点: 0 / 363625`
_2024-07-01 04:09:55_
--------
*df8cfb9e510537bfd10243005fe97845*
`登陆天数: 39天 / 677天
等级: 130
石头: 4099
呼符: 243
体力: 25.313333333333333 / 138
友情点: 0 / 365975`
_2024-07-01 04:10:03_
--------
*67e271c2249c946385b3420be623a16f*
`登陆天数: 39天 / 676天
等级: 130
石头: 4087
呼符: 241
体力: 25.290000000000006 / 138
友情点: 0 / 370110`
_2024-07-01 04:10:11_
--------
*6cff570ebf13a96c25b0b39f4004a1de*
`登陆天数: 39天 / 676天
等级: 130
石头: 4075
呼符: 187
体力: 25.263333333333335 / 138
友情点: 0 / 363990`
_2024-07-01 04:10:18_
--------
*ac5d32649e3e9df38c2f61467831f9b8*
`登陆天数: 39天 / 676天
等级: 130
石头: 4089
呼符: 203
体力: 25.233333333333334 / 138
友情点: 0 / 368930`
_2024-07-01 04:10:26_
--------
*caac5ba732410d259f8ff56d837f7d90*
`登陆天数: 39天 / 676天
等级: 130
石头: 4097
呼符: 334
体力: 25.206666666666663 / 138
友情点: 0 / 362345`
_2024-07-01 04:10:34_
--------
*5f5f8a8d61889cb68af952c9bc50adc5*
`登陆天数: 39天 / 677天
等级: 130
石头: 4073
呼符: 203
体力: 25.176666666666662 / 138
友情点: 0 / 362135`
_2024-07-01 04:10:42_
--------
*baf9ab9f160b6298d65428c56e79a8dd*
`登陆天数: 39天 / 676天
等级: 130
石头: 4108
呼符: 272
体力: 25.150000000000006 / 138
友情点: 0 / 363510`
_2024-07-01 04:10:49_
--------
*6e2837d3f5424f813d1262f4ffee4787*
`登陆天数: 39天 / 676天
等级: 130
石头: 4099
呼符: 269
体力: 25.120000000000005 / 138
友情点: 0 / 362880`
_2024-07-01 04:10:57_
--------
*af074a2c5a2afae6484b6040d8ea3a7f*
`登陆天数: 39天 / 676天
等级: 130
石头: 4098
呼符: 131
体力: 25.090000000000003 / 138
友情点: 0 / 378595`
_2024-07-01 04:11:05_
--------
*1e2fd353db51a8006ab9d4ac0fc45db4*
`登陆天数: 39天 / 677天
等级: 130
石头: 4091
呼符: 263
体力: 25.063333333333333 / 138
友情点: 0 / 362425`
_2024-07-01 04:11:13_
--------
*41e5b952ef0c8025f198679921798a92*
`登陆天数: 39天 / 676天
等级: 130
石头: 4102
呼符: 263
体力: 25.03666666666666 / 138
友情点: 0 / 361970`
_2024-07-01 04:11:20_
--------
*507f766cf75da0b70eb68d7b324d917b*
`登陆天数: 39天 / 676天
等级: 130
石头: 4104
呼符: 284
体力: 25.00333333333333 / 138
友情点: 0 / 362020`
_2024-07-01 04:11:28_
--------
*4f2027fed62c9c49b78fd28501b77e45*
`登陆天数: 39天 / 676天
等级: 130
石头: 4106
呼符: 306
体力: 24.97333333333333 / 138
友情点: 0 / 362195`
_2024-07-01 04:11:36_
--------
*80ca42db235ad0f1272ac9859d32bc24*
`登陆天数: 39天 / 677天
等级: 130
石头: 4106
呼符: 326
体力: 24.943333333333328 / 138
友情点: 0 / 363850`
_2024-07-01 04:11:44_
--------
*6e2f7b4ef9e6081b745add320fba79f5*
`登陆天数: 39天 / 677天
等级: 130
石头: 4111
呼符: 44
体力: 24.913333333333327 / 138
友情点: 0 / 401675`
_2024-07-01 04:11:52_
--------
*fd2adbfe86cd2ad3d7255fc256b75bc2*
`登陆天数: 39天 / 677天
等级: 130
石头: 4103
呼符: 309
体力: 24.88666666666667 / 138
友情点: 0 / 362610`
_2024-07-01 04:11:59_
--------
*1d341ee0b29ad7788e8b4266705e8b76*
`登陆天数: 39天 / 676天
等级: 130
石头: 4102
呼符: 196
体力: 24.85666666666667 / 138
友情点: 0 / 368475`
_2024-07-01 04:12:07_
--------
*3d133f3c928c3e78ffbe07316572bfee*
`登陆天数: 39天 / 676天
等级: 130
石头: 4100
呼符: 287
体力: 24.83 / 138
友情点: 0 / 362365`
_2024-07-01 04:12:15_
--------
*313db5b217a08f67ab8e60718cb261e6*
`登陆天数: 39天 / 676天
等级: 130
石头: 4102
呼符: 305
体力: 24.803333333333327 / 138
友情点: 0 / 362925`
_2024-07-01 04:12:22_
--------
*274c3532571f884b74fee411bb18b2bb*
`登陆天数: 39天 / 677天
等级: 130
石头: 4105
呼符: 289
体力: 24.773333333333326 / 138
友情点: 0 / 362650`
_2024-07-01 04:12:30_
--------
*7b0d4d11086605f45fb0df9c2f892bfb*
`登陆天数: 39天 / 676天
等级: 130
石头: 4101
呼符: 255
体力: 24.74333333333334 / 138
友情点: 0 / 363765`
_2024-07-01 04:12:38_
--------
*d7ff81a6a499b582a169dc0e518ac884*
`登陆天数: 39天 / 676天
等级: 130
石头: 4099
呼符: 300
体力: 24.71333333333334 / 138
友情点: 0 / 362940`
_2024-07-01 04:12:46_
--------
*5a45bbc431edc0484aa4cb8e38d600be*
`登陆天数: 39天 / 677天
等级: 130
石头: 4090
呼符: 107
体力: 24.686666666666667 / 138
友情点: 0 / 384895`
_2024-07-01 04:12:54_
--------
*553bf7b212cc9edc421f87c00d34655d*
`登陆天数: 39天 / 676天
等级: 130
石头: 4105
呼符: 296
体力: 24.663333333333327 / 138
友情点: 0 / 362955`
_2024-07-01 04:13:01_
--------
*5ac34b6c894deb8c0e944d2cd836c59d*
`登陆天数: 39天 / 676天
等级: 130
石头: 4087
呼符: 311
体力: 24.63666666666667 / 138
友情点: 0 / 362565`
_2024-07-01 04:13:09_
--------
*bf29c812f99379270241926ddd49421b*
`登陆天数: 39天 / 676天
等级: 130
石头: 4103
呼符: 339
体力: 24.60333333333334 / 138
友情点: 0 / 361910`
_2024-07-01 04:13:17_
--------
*0bb36eaaabe7d21ca1ed912448cf945d*
`登陆天数: 39天 / 677天
等级: 130
石头: 4098
呼符: 263
体力: 24.576666666666668 / 138
友情点: 0 / 361940`
_2024-07-01 04:13:25_
--------
*1ea8c965f62327f0ad44df589ec185ae*
`登陆天数: 39天 / 676天
等级: 130
石头: 4103
呼符: 258
体力: 24.549999999999997 / 138
友情点: 0 / 363015`
_2024-07-01 04:13:32_
--------
*9ee4eadc22981537d9cf75dd4f277bc0*
`登陆天数: 39天 / 677天
等级: 130
石头: 4106
呼符: 280
体力: 24.516666666666666 / 138
友情点: 0 / 363415`
_2024-07-01 04:13:40_
--------
*8057e895fb9e70d1093a9d6290af4684*
`登陆天数: 39天 / 677天
等级: 130
石头: 4059
呼符: 299
体力: 24.489999999999995 / 138
友情点: 0 / 363455`
_2024-07-01 04:13:48_
--------
*740d4af934530c572b942a40933b2bf4*
`登陆天数: 39天 / 676天
等级: 130
石头: 4108
呼符: 300
体力: 24.459999999999994 / 138
友情点: 0 / 362540`
_2024-07-01 04:13:56_
--------
*9004025abcd141c61c179117fb88a601*
`登陆天数: 39天 / 676天
等级: 130
石头: 4100
呼符: 323
体力: 24.433333333333337 / 138
友情点: 0 / 362585`
_2024-07-01 04:14:04_
--------
*9fe4660f2c336ca246c4238fd8c583e5*
`登陆天数: 39天 / 677天
等级: 130
石头: 4057
呼符: 292
体力: 24.403333333333336 / 138
友情点: 0 / 362940`
_2024-07-01 04:14:12_
--------
*0aef84db5226d670f527438090555540*
`登陆天数: 39天 / 676天
等级: 130
石头: 4066
呼符: 275
体力: 24.376666666666665 / 138
友情点: 0 / 362130`
_2024-07-01 04:14:19_
--------
*598d48a432718df785414f903a3c1ca6*
`登陆天数: 39天 / 676天
等级: 130
石头: 4101
呼符: 323
体力: 24.349999999999994 / 138
友情点: 0 / 363935`
_2024-07-01 04:14:27_
--------
*e70c5fbb86b56b8d13b0d75e15a2b660*
`登陆天数: 39天 / 677天
等级: 130
石头: 4103
呼符: 44
体力: 24.319999999999993 / 138
友情点: 0 / 394025`
_2024-07-01 04:14:35_
--------
*2fd782c4dc0ebf482af4dd92aadb2e11*
`登陆天数: 39天 / 677天
等级: 130
石头: 4105
呼符: 270
体力: 24.293333333333337 / 138
友情点: 0 / 369230`
_2024-07-01 04:14:42_
--------
*fba1cc9af4246db78526318adfd5e915*
`登陆天数: 39天 / 677天
等级: 130
石头: 4092
呼符: 340
体力: 24.269999999999996 / 138
友情点: 0 / 362865`
_2024-07-01 04:14:51_
--------
*58113125fd8e6e7daa6886570d01a5e1*
`登陆天数: 39天 / 676天
等级: 130
石头: 4010
呼符: 24
体力: 23089.246666666666 / 138
友情点: 0 / 468535`
_2024-07-01 04:14:59_
--------
