【登录信息】
*b0be8ec3c973f045a4ae91cf2d997f5f*
`登陆天数: 40天 / 678天
等级: 130
石头: 4102
呼符: 220
体力: 25.933333333333337 / 138
友情点: 0 / 363185`
_2024-07-02 04:08:25_
--------
*eb2249351f62e8f53edd212e354b4ab0*
`登陆天数: 40天 / 677天
等级: 130
石头: 4091
呼符: 299
体力: 25.909999999999997 / 138
友情点: 0 / 355660`
_2024-07-02 04:08:33_
--------
*75e790417deaedf66a35fa3ab3f26639*
`登陆天数: 40天 / 678天
等级: 130
石头: 4101
呼符: 220
体力: 25.879999999999995 / 138
友情点: 0 / 364770`
_2024-07-02 04:08:41_
--------
*00a84f6e84e13de772bf49acefa6fc7e*
`登陆天数: 40天 / 678天
等级: 130
石头: 4098
呼符: 44
体力: 25.85666666666667 / 138
友情点: 0 / 398310`
_2024-07-02 04:08:50_
--------
*25b5b0980a09bb194720b885c2db93c1*
`登陆天数: 40天 / 677天
等级: 130
石头: 4090
呼符: 239
体力: 25.83333333333333 / 138
友情点: 0 / 363690`
_2024-07-02 04:08:58_
--------
*c18683b9479c8ce71d91e4c7be7f9e76*
`登陆天数: 40天 / 677天
等级: 130
石头: 4097
呼符: 293
体力: 25.806666666666672 / 138
友情点: 0 / 358385`
_2024-07-02 04:09:06_
--------
*0e1bd5e231db09692ee34cf2c0b70d51*
`登陆天数: 40天 / 677天
等级: 130
石头: 4106
呼符: 85
体力: 25.77666666666667 / 138
友情点: 0 / 393375`
_2024-07-02 04:09:14_
--------
*b47dbe145b08f3cfbe87b7807296db90*
`登陆天数: 40天 / 677天
等级: 130
石头: 4098
呼符: 81
体力: 25.75333333333333 / 138
友情点: 0 / 380280`
_2024-07-02 04:09:23_
--------
*b530e8c4258bfcc88af39490c55a47af*
`登陆天数: 40天 / 679天
等级: 130
石头: 4109
呼符: 75
体力: 25.726666666666674 / 138
友情点: 0 / 390815`
_2024-07-02 04:09:31_
--------
*b86c825dac1ea8f15d25f75c35fada21*
`登陆天数: 40天 / 678天
等级: 130
石头: 4110
呼符: 174
体力: 25.703333333333333 / 138
友情点: 0 / 366635`
_2024-07-02 04:09:39_
--------
*b94c54a2875840777c50a96d4d265f1f*
`登陆天数: 40天 / 677天
等级: 130
石头: 4087
呼符: 253
体力: 25.680000000000007 / 138
友情点: 0 / 363625`
_2024-07-02 04:09:47_
--------
*df8cfb9e510537bfd10243005fe97845*
`登陆天数: 40天 / 678天
等级: 130
石头: 4099
呼符: 243
体力: 25.656666666666666 / 138
友情点: 0 / 365975`
_2024-07-02 04:09:55_
--------
*67e271c2249c946385b3420be623a16f*
`登陆天数: 40天 / 677天
等级: 130
石头: 4087
呼符: 241
体力: 25.629999999999995 / 138
友情点: 0 / 370110`
_2024-07-02 04:10:03_
--------
*6cff570ebf13a96c25b0b39f4004a1de*
`登陆天数: 40天 / 677天
等级: 130
石头: 4075
呼符: 187
体力: 25.60333333333334 / 138
友情点: 0 / 363990`
_2024-07-02 04:10:12_
--------
*ac5d32649e3e9df38c2f61467831f9b8*
`登陆天数: 40天 / 677天
等级: 130
石头: 4089
呼符: 203
体力: 25.58 / 138
友情点: 0 / 368930`
_2024-07-02 04:10:20_
--------
*caac5ba732410d259f8ff56d837f7d90*
`登陆天数: 40天 / 677天
等级: 130
石头: 4097
呼符: 334
体力: 25.553333333333327 / 138
友情点: 0 / 356345`
_2024-07-02 04:10:28_
--------
*5f5f8a8d61889cb68af952c9bc50adc5*
`登陆天数: 40天 / 678天
等级: 130
石头: 4073
呼符: 203
体力: 25.523333333333326 / 138
友情点: 0 / 362135`
_2024-07-02 04:10:36_
--------
*baf9ab9f160b6298d65428c56e79a8dd*
`登陆天数: 40天 / 677天
等级: 130
石头: 4108
呼符: 272
体力: 25.5 / 138
友情点: 0 / 363510`
_2024-07-02 04:10:44_
--------
*6e2837d3f5424f813d1262f4ffee4787*
`登陆天数: 40天 / 677天
等级: 130
石头: 4099
呼符: 269
体力: 25.476666666666674 / 138
友情点: 0 / 358880`
_2024-07-02 04:10:52_
--------
*af074a2c5a2afae6484b6040d8ea3a7f*
`登陆天数: 40天 / 677天
等级: 130
石头: 4098
呼符: 131
体力: 25.446666666666673 / 138
友情点: 0 / 378595`
_2024-07-02 04:11:00_
--------
*1e2fd353db51a8006ab9d4ac0fc45db4*
`登陆天数: 40天 / 678天
等级: 130
石头: 4091
呼符: 263
体力: 25.426666666666662 / 138
友情点: 0 / 356425`
_2024-07-02 04:11:09_
--------
*41e5b952ef0c8025f198679921798a92*
`登陆天数: 40天 / 677天
等级: 130
石头: 4102
呼符: 263
体力: 25.39666666666666 / 138
友情点: 0 / 355970`
_2024-07-02 04:11:17_
--------
*507f766cf75da0b70eb68d7b324d917b*
`登陆天数: 40天 / 677天
等级: 130
石头: 4104
呼符: 284
体力: 25.370000000000005 / 138
友情点: 0 / 358020`
_2024-07-02 04:11:25_
--------
*4f2027fed62c9c49b78fd28501b77e45*
`登陆天数: 40天 / 677天
等级: 130
石头: 4106
呼符: 306
体力: 25.343333333333334 / 138
友情点: 0 / 356195`
_2024-07-02 04:11:33_
--------
*80ca42db235ad0f1272ac9859d32bc24*
`登陆天数: 40天 / 678天
等级: 130
石头: 4106
呼符: 326
体力: 25.313333333333333 / 138
友情点: 0 / 361850`
_2024-07-02 04:11:41_
--------
*6e2f7b4ef9e6081b745add320fba79f5*
`登陆天数: 40天 / 678天
等级: 130
石头: 4111
呼符: 44
体力: 25.290000000000006 / 138
友情点: 0 / 401675`
_2024-07-02 04:11:49_
--------
*fd2adbfe86cd2ad3d7255fc256b75bc2*
`登陆天数: 40天 / 678天
等级: 130
石头: 4103
呼符: 309
体力: 25.266666666666666 / 138
友情点: 0 / 356610`
_2024-07-02 04:11:57_
--------
*1d341ee0b29ad7788e8b4266705e8b76*
`登陆天数: 40天 / 677天
等级: 130
石头: 4102
呼符: 196
体力: 25.239999999999995 / 138
友情点: 0 / 368475`
_2024-07-02 04:12:05_
--------
*3d133f3c928c3e78ffbe07316572bfee*
`登陆天数: 40天 / 677天
等级: 130
石头: 4100
呼符: 287
体力: 25.21333333333334 / 138
友情点: 0 / 358365`
_2024-07-02 04:12:13_
--------
*313db5b217a08f67ab8e60718cb261e6*
`登陆天数: 40天 / 677天
等级: 130
石头: 4102
呼符: 305
体力: 25.186666666666667 / 138
友情点: 0 / 356925`
_2024-07-02 04:12:21_
--------
*274c3532571f884b74fee411bb18b2bb*
`登陆天数: 40天 / 678天
等级: 130
石头: 4105
呼符: 289
体力: 25.159999999999997 / 138
友情点: 0 / 360650`
_2024-07-02 04:12:30_
--------
*7b0d4d11086605f45fb0df9c2f892bfb*
`登陆天数: 40天 / 677天
等级: 130
石头: 4101
呼符: 255
体力: 25.13666666666667 / 138
友情点: 0 / 359765`
_2024-07-02 04:12:38_
--------
*d7ff81a6a499b582a169dc0e518ac884*
`登陆天数: 40天 / 677天
等级: 130
石头: 4099
呼符: 300
体力: 25.10666666666667 / 138
友情点: 0 / 360940`
_2024-07-02 04:12:47_
--------
*5a45bbc431edc0484aa4cb8e38d600be*
`登陆天数: 40天 / 678天
等级: 130
石头: 4090
呼符: 107
体力: 25.08333333333333 / 138
友情点: 0 / 384895`
_2024-07-02 04:12:55_
--------
*553bf7b212cc9edc421f87c00d34655d*
`登陆天数: 40天 / 677天
等级: 130
石头: 4105
呼符: 296
体力: 25.056666666666672 / 138
友情点: 0 / 356955`
_2024-07-02 04:13:03_
--------
*5ac34b6c894deb8c0e944d2cd836c59d*
`登陆天数: 40天 / 677天
等级: 130
石头: 4087
呼符: 311
体力: 25.03 / 138
友情点: 0 / 356565`
_2024-07-02 04:13:11_
--------
*bf29c812f99379270241926ddd49421b*
`登陆天数: 40天 / 677天
等级: 130
石头: 4103
呼符: 339
体力: 25.0 / 138
友情点: 0 / 355910`
_2024-07-02 04:13:19_
--------
*0bb36eaaabe7d21ca1ed912448cf945d*
`登陆天数: 40天 / 678天
等级: 130
石头: 4098
呼符: 263
体力: 24.97333333333333 / 138
友情点: 0 / 359940`
_2024-07-02 04:13:27_
--------
*1ea8c965f62327f0ad44df589ec185ae*
`登陆天数: 40天 / 677天
等级: 130
石头: 4103
呼符: 258
体力: 24.953333333333333 / 138
友情点: 0 / 363015`
_2024-07-02 04:13:35_
--------
*9ee4eadc22981537d9cf75dd4f277bc0*
`登陆天数: 40天 / 678天
等级: 130
石头: 4106
呼符: 280
体力: 24.930000000000007 / 138
友情点: 0 / 361415`
_2024-07-02 04:13:43_
--------
*8057e895fb9e70d1093a9d6290af4684*
`登陆天数: 40天 / 678天
等级: 130
石头: 4059
呼符: 299
体力: 24.903333333333336 / 138
友情点: 0 / 359455`
_2024-07-02 04:13:52_
--------
*740d4af934530c572b942a40933b2bf4*
`登陆天数: 40天 / 677天
等级: 130
石头: 4108
呼符: 300
体力: 24.876666666666665 / 138
友情点: 0 / 356540`
_2024-07-02 04:14:00_
--------
*9004025abcd141c61c179117fb88a601*
`登陆天数: 40天 / 677天
等级: 130
石头: 4100
呼符: 323
体力: 24.849999999999994 / 138
友情点: 0 / 360585`
_2024-07-02 04:14:08_
--------
*9fe4660f2c336ca246c4238fd8c583e5*
`登陆天数: 40天 / 678天
等级: 130
石头: 4057
呼符: 292
体力: 24.826666666666668 / 138
友情点: 0 / 358940`
_2024-07-02 04:14:16_
--------
*0aef84db5226d670f527438090555540*
`登陆天数: 40天 / 677天
等级: 130
石头: 4066
呼符: 275
体力: 24.793333333333337 / 138
友情点: 0 / 356130`
_2024-07-02 04:14:24_
--------
*598d48a432718df785414f903a3c1ca6*
`登陆天数: 40天 / 677天
等级: 130
石头: 4101
呼符: 323
体力: 24.766666666666666 / 138
友情点: 0 / 357935`
_2024-07-02 04:14:32_
--------
*e70c5fbb86b56b8d13b0d75e15a2b660*
`登陆天数: 40天 / 678天
等级: 130
石头: 4103
呼符: 44
体力: 24.736666666666665 / 138
友情点: 0 / 394025`
_2024-07-02 04:14:40_
--------
*2fd782c4dc0ebf482af4dd92aadb2e11*
`登陆天数: 40天 / 678天
等级: 130
石头: 4105
呼符: 270
体力: 24.709999999999994 / 138
友情点: 0 / 369230`
_2024-07-02 04:14:48_
--------
*fba1cc9af4246db78526318adfd5e915*
`登陆天数: 40天 / 678天
等级: 130
石头: 4092
呼符: 340
体力: 24.683333333333337 / 138
友情点: 0 / 356865`
_2024-07-02 04:14:57_
--------
*58113125fd8e6e7daa6886570d01a5e1*
`登陆天数: 40天 / 677天
等级: 130
石头: 4010
呼符: 24
体力: 23377.266666666666 / 138
友情点: 0 / 468535`
_2024-07-02 04:15:04_
--------
