【登录信息】
*b0be8ec3c973f045a4ae91cf2d997f5f*
`登陆天数: 14天 / 652天
等级: 130
石头: 4013
呼符: 201
体力: 15892.193333333333 / 138
友情点: 0 / 465185`
*連続ログイン7日間到達おめでとうございます！
明日は1日目からリスタートされます。*
`獣の足跡 X 1
呼符 X 1
6月交換券(2024) X 1
`*カルデア・サマーアドベンチャー！ アンケート復刻版 開幕記念 ログインボーナス*
*開催期間中、1日1回 最大21回 ログインボーナスをプレゼント！*
`白銀の果実 X 1
`_2024-06-06 04:29:41_
--------
*eb2249351f62e8f53edd212e354b4ab0*
`登陆天数: 14天 / 651天
等级: 130
石头: 4000
呼符: 280
体力: 15892.22 / 138
友情点: 0 / 467660`
*連続ログイン7日間到達おめでとうございます！
明日は1日目からリスタートされます。*
`獣の足跡 X 1
呼符 X 1
6月交換券(2024) X 1
`*カルデア・サマーアドベンチャー！ アンケート復刻版 開幕記念 ログインボーナス*
*開催期間中、1日1回 最大21回 ログインボーナスをプレゼント！*
`白銀の果実 X 1
`_2024-06-06 04:29:49_
--------
*75e790417deaedf66a35fa3ab3f26639*
`登陆天数: 14天 / 652天
等级: 130
石头: 4012
呼符: 201
体力: 15892.246666666666 / 138
友情点: 0 / 466770`
*連続ログイン7日間到達おめでとうございます！
明日は1日目からリスタートされます。*
`獣の足跡 X 1
呼符 X 1
6月交換券(2024) X 1
`*カルデア・サマーアドベンチャー！ アンケート復刻版 開幕記念 ログインボーナス*
*開催期間中、1日1回 最大21回 ログインボーナスをプレゼント！*
`白銀の果実 X 1
`_2024-06-06 04:29:57_
--------
*00a84f6e84e13de772bf49acefa6fc7e*
`登陆天数: 14天 / 652天
等级: 130
石头: 4009
呼符: 25
体力: 15892.273333333333 / 138
友情点: 0 / 468310`
*連続ログイン7日間到達おめでとうございます！
明日は1日目からリスタートされます。*
`獣の足跡 X 1
呼符 X 1
6月交換券(2024) X 1
`*カルデア・サマーアドベンチャー！ アンケート復刻版 開幕記念 ログインボーナス*
*開催期間中、1日1回 最大21回 ログインボーナスをプレゼント！*
`白銀の果実 X 1
`_2024-06-06 04:30:05_
--------
*25b5b0980a09bb194720b885c2db93c1*
`登陆天数: 14天 / 651天
等级: 130
石头: 3999
呼符: 220
体力: 15892.3 / 138
友情点: 0 / 469690`
*連続ログイン7日間到達おめでとうございます！
明日は1日目からリスタートされます。*
`獣の足跡 X 1
呼符 X 1
6月交換券(2024) X 1
`*カルデア・サマーアドベンチャー！ アンケート復刻版 開幕記念 ログインボーナス*
*開催期間中、1日1回 最大21回 ログインボーナスをプレゼント！*
`白銀の果実 X 1
`_2024-06-06 04:30:14_
--------
*c18683b9479c8ce71d91e4c7be7f9e76*
`登陆天数: 14天 / 651天
等级: 130
石头: 4006
呼符: 274
体力: 15892.33 / 138
友情点: 0 / 468385`
*連続ログイン7日間到達おめでとうございます！
明日は1日目からリスタートされます。*
`獣の足跡 X 1
呼符 X 1
6月交換券(2024) X 1
`*カルデア・サマーアドベンチャー！ アンケート復刻版 開幕記念 ログインボーナス*
*開催期間中、1日1回 最大21回 ログインボーナスをプレゼント！*
`白銀の果実 X 1
`_2024-06-06 04:30:22_
--------
*0e1bd5e231db09692ee34cf2c0b70d51*
`登陆天数: 14天 / 651天
等级: 130
石头: 4015
呼符: 66
体力: 15892.356666666667 / 138
友情点: 0 / 469375`
*連続ログイン7日間到達おめでとうございます！
明日は1日目からリスタートされます。*
`獣の足跡 X 1
呼符 X 1
6月交換券(2024) X 1
`*カルデア・サマーアドベンチャー！ アンケート復刻版 開幕記念 ログインボーナス*
*開催期間中、1日1回 最大21回 ログインボーナスをプレゼント！*
`白銀の果実 X 1
`_2024-06-06 04:30:30_
--------
*b47dbe145b08f3cfbe87b7807296db90*
`登陆天数: 14天 / 651天
等级: 130
石头: 4007
呼符: 62
体力: 15892.383333333333 / 138
友情点: 0 / 468280`
*連続ログイン7日間到達おめでとうございます！
明日は1日目からリスタートされます。*
`獣の足跡 X 1
呼符 X 1
6月交換券(2024) X 1
`*カルデア・サマーアドベンチャー！ アンケート復刻版 開幕記念 ログインボーナス*
*開催期間中、1日1回 最大21回 ログインボーナスをプレゼント！*
`白銀の果実 X 1
`_2024-06-06 04:30:39_
--------
*b530e8c4258bfcc88af39490c55a47af*
`登陆天数: 14天 / 653天
等级: 130
石头: 4019
呼符: 56
体力: 15892.413333333334 / 138
友情点: 0 / 466815`
*連続ログイン7日間到達おめでとうございます！
明日は1日目からリスタートされます。*
`獣の足跡 X 1
呼符 X 1
6月交換券(2024) X 1
`*カルデア・サマーアドベンチャー！ アンケート復刻版 開幕記念 ログインボーナス*
*開催期間中、1日1回 最大21回 ログインボーナスをプレゼント！*
`黄金の果実 X 1
`_2024-06-06 04:30:47_
--------
*b86c825dac1ea8f15d25f75c35fada21*
`登陆天数: 14天 / 652天
等级: 130
石头: 4021
呼符: 155
体力: 15892.44 / 138
友情点: 0 / 466635`
*連続ログイン7日間到達おめでとうございます！
明日は1日目からリスタートされます。*
`獣の足跡 X 1
呼符 X 1
6月交換券(2024) X 1
`*カルデア・サマーアドベンチャー！ アンケート復刻版 開幕記念 ログインボーナス*
*開催期間中、1日1回 最大21回 ログインボーナスをプレゼント！*
`白銀の果実 X 1
`_2024-06-06 04:30:55_
--------
*b94c54a2875840777c50a96d4d265f1f*
`登陆天数: 14天 / 651天
等级: 130
石头: 3996
呼符: 234
体力: 15892.466666666667 / 138
友情点: 0 / 469625`
*連続ログイン7日間到達おめでとうございます！
明日は1日目からリスタートされます。*
`獣の足跡 X 1
呼符 X 1
6月交換券(2024) X 1
`*カルデア・サマーアドベンチャー！ アンケート復刻版 開幕記念 ログインボーナス*
*開催期間中、1日1回 最大21回 ログインボーナスをプレゼント！*
`白銀の果実 X 1
`_2024-06-06 04:31:03_
--------
*df8cfb9e510537bfd10243005fe97845*
`登陆天数: 14天 / 652天
等级: 130
石头: 4010
呼符: 224
体力: 15892.49 / 138
友情点: 0 / 465975`
*連続ログイン7日間到達おめでとうございます！
明日は1日目からリスタートされます。*
`獣の足跡 X 1
呼符 X 1
6月交換券(2024) X 1
`*カルデア・サマーアドベンチャー！ アンケート復刻版 開幕記念 ログインボーナス*
*開催期間中、1日1回 最大21回 ログインボーナスをプレゼント！*
`白銀の果実 X 1
`_2024-06-06 04:31:11_
--------
*67e271c2249c946385b3420be623a16f*
`登陆天数: 14天 / 651天
等级: 130
石头: 3996
呼符: 222
体力: 15892.52 / 138
友情点: 0 / 468110`
*連続ログイン7日間到達おめでとうございます！
明日は1日目からリスタートされます。*
`獣の足跡 X 1
呼符 X 1
6月交換券(2024) X 1
`*カルデア・サマーアドベンチャー！ アンケート復刻版 開幕記念 ログインボーナス*
*開催期間中、1日1回 最大21回 ログインボーナスをプレゼント！*
`白銀の果実 X 1
`_2024-06-06 04:31:19_
--------
*6cff570ebf13a96c25b0b39f4004a1de*
`登陆天数: 14天 / 651天
等级: 130
石头: 3984
呼符: 168
体力: 15892.546666666667 / 138
友情点: 0 / 469990`
*連続ログイン7日間到達おめでとうございます！
明日は1日目からリスタートされます。*
`獣の足跡 X 1
呼符 X 1
6月交換券(2024) X 1
`*カルデア・サマーアドベンチャー！ アンケート復刻版 開幕記念 ログインボーナス*
*開催期間中、1日1回 最大21回 ログインボーナスをプレゼント！*
`白銀の果実 X 1
`_2024-06-06 04:31:27_
--------
*ac5d32649e3e9df38c2f61467831f9b8*
`登陆天数: 14天 / 651天
等级: 130
石头: 3998
呼符: 184
体力: 15892.573333333334 / 138
友情点: 0 / 468930`
*連続ログイン7日間到達おめでとうございます！
明日は1日目からリスタートされます。*
`獣の足跡 X 1
呼符 X 1
6月交換券(2024) X 1
`*カルデア・サマーアドベンチャー！ アンケート復刻版 開幕記念 ログインボーナス*
*開催期間中、1日1回 最大21回 ログインボーナスをプレゼント！*
`白銀の果実 X 1
`_2024-06-06 04:31:35_
--------
*caac5ba732410d259f8ff56d837f7d90*
`登陆天数: 14天 / 651天
等级: 130
石头: 4006
呼符: 315
体力: 15892.6 / 138
友情点: 0 / 468345`
*連続ログイン7日間到達おめでとうございます！
明日は1日目からリスタートされます。*
`獣の足跡 X 1
呼符 X 1
6月交換券(2024) X 1
`*カルデア・サマーアドベンチャー！ アンケート復刻版 開幕記念 ログインボーナス*
*開催期間中、1日1回 最大21回 ログインボーナスをプレゼント！*
`白銀の果実 X 1
`_2024-06-06 04:31:43_
--------
*5f5f8a8d61889cb68af952c9bc50adc5*
`登陆天数: 14天 / 652天
等级: 130
石头: 3984
呼符: 184
体力: 15892.626666666667 / 138
友情点: 0 / 466135`
*連続ログイン7日間到達おめでとうございます！
明日は1日目からリスタートされます。*
`獣の足跡 X 1
呼符 X 1
6月交換券(2024) X 1
`*カルデア・サマーアドベンチャー！ アンケート復刻版 開幕記念 ログインボーナス*
*開催期間中、1日1回 最大21回 ログインボーナスをプレゼント！*
`白銀の果実 X 1
`_2024-06-06 04:31:51_
--------
*baf9ab9f160b6298d65428c56e79a8dd*
`登陆天数: 14天 / 651天
等级: 130
石头: 4017
呼符: 253
体力: 15892.653333333334 / 138
友情点: 0 / 467510`
*連続ログイン7日間到達おめでとうございます！
明日は1日目からリスタートされます。*
`獣の足跡 X 1
呼符 X 1
6月交換券(2024) X 1
`*カルデア・サマーアドベンチャー！ アンケート復刻版 開幕記念 ログインボーナス*
*開催期間中、1日1回 最大21回 ログインボーナスをプレゼント！*
`白銀の果実 X 1
`_2024-06-06 04:31:59_
--------
*6e2837d3f5424f813d1262f4ffee4787*
`登陆天数: 14天 / 651天
等级: 130
石头: 4008
呼符: 250
体力: 15892.676666666666 / 138
友情点: 0 / 468880`
*連続ログイン7日間到達おめでとうございます！
明日は1日目からリスタートされます。*
`獣の足跡 X 1
呼符 X 1
6月交換券(2024) X 1
`*カルデア・サマーアドベンチャー！ アンケート復刻版 開幕記念 ログインボーナス*
*開催期間中、1日1回 最大21回 ログインボーナスをプレゼント！*
`白銀の果実 X 1
`_2024-06-06 04:32:07_
--------
*af074a2c5a2afae6484b6040d8ea3a7f*
`登陆天数: 14天 / 651天
等级: 130
石头: 4007
呼符: 112
体力: 15892.706666666667 / 138
友情点: 0 / 468595`
*連続ログイン7日間到達おめでとうございます！
明日は1日目からリスタートされます。*
`獣の足跡 X 1
呼符 X 1
6月交換券(2024) X 1
`*カルデア・サマーアドベンチャー！ アンケート復刻版 開幕記念 ログインボーナス*
*開催期間中、1日1回 最大21回 ログインボーナスをプレゼント！*
`白銀の果実 X 1
`_2024-06-06 04:32:15_
--------
*1e2fd353db51a8006ab9d4ac0fc45db4*
`登陆天数: 14天 / 652天
等级: 130
石头: 4002
呼符: 244
体力: 15892.733333333334 / 138
友情点: 0 / 466425`
*連続ログイン7日間到達おめでとうございます！
明日は1日目からリスタートされます。*
`獣の足跡 X 1
呼符 X 1
6月交換券(2024) X 1
`*カルデア・サマーアドベンチャー！ アンケート復刻版 開幕記念 ログインボーナス*
*開催期間中、1日1回 最大21回 ログインボーナスをプレゼント！*
`白銀の果実 X 1
`_2024-06-06 04:32:23_
--------
*41e5b952ef0c8025f198679921798a92*
`登陆天数: 14天 / 651天
等级: 130
石头: 4011
呼符: 244
体力: 15892.76 / 138
友情点: 0 / 467970`
*連続ログイン7日間到達おめでとうございます！
明日は1日目からリスタートされます。*
`獣の足跡 X 1
呼符 X 1
6月交換券(2024) X 1
`*カルデア・サマーアドベンチャー！ アンケート復刻版 開幕記念 ログインボーナス*
*開催期間中、1日1回 最大21回 ログインボーナスをプレゼント！*
`白銀の果実 X 1
`_2024-06-06 04:32:31_
--------
*507f766cf75da0b70eb68d7b324d917b*
`登陆天数: 14天 / 651天
等级: 130
石头: 4013
呼符: 265
体力: 15892.786666666667 / 138
友情点: 0 / 468020`
*連続ログイン7日間到達おめでとうございます！
明日は1日目からリスタートされます。*
`獣の足跡 X 1
呼符 X 1
6月交換券(2024) X 1
`*カルデア・サマーアドベンチャー！ アンケート復刻版 開幕記念 ログインボーナス*
*開催期間中、1日1回 最大21回 ログインボーナスをプレゼント！*
`白銀の果実 X 1
`_2024-06-06 04:32:40_
--------
*4f2027fed62c9c49b78fd28501b77e45*
`登陆天数: 14天 / 651天
等级: 130
石头: 4015
呼符: 287
体力: 15892.816666666668 / 138
友情点: 0 / 468195`
*連続ログイン7日間到達おめでとうございます！
明日は1日目からリスタートされます。*
`獣の足跡 X 1
呼符 X 1
6月交換券(2024) X 1
`*カルデア・サマーアドベンチャー！ アンケート復刻版 開幕記念 ログインボーナス*
*開催期間中、1日1回 最大21回 ログインボーナスをプレゼント！*
`白銀の果実 X 1
`_2024-06-06 04:32:48_
--------
*80ca42db235ad0f1272ac9859d32bc24*
`登陆天数: 14天 / 652天
等级: 130
石头: 4017
呼符: 307
体力: 15892.84 / 138
友情点: 0 / 467850`
*連続ログイン7日間到達おめでとうございます！
明日は1日目からリスタートされます。*
`獣の足跡 X 1
呼符 X 1
6月交換券(2024) X 1
`*カルデア・サマーアドベンチャー！ アンケート復刻版 開幕記念 ログインボーナス*
*開催期間中、1日1回 最大21回 ログインボーナスをプレゼント！*
`白銀の果実 X 1
`_2024-06-06 04:32:56_
--------
*6e2f7b4ef9e6081b745add320fba79f5*
`登陆天数: 14天 / 652天
等级: 130
石头: 4022
呼符: 25
体力: 15892.866666666667 / 138
友情点: 0 / 467675`
*連続ログイン7日間到達おめでとうございます！
明日は1日目からリスタートされます。*
`獣の足跡 X 1
呼符 X 1
6月交換券(2024) X 1
`*カルデア・サマーアドベンチャー！ アンケート復刻版 開幕記念 ログインボーナス*
*開催期間中、1日1回 最大21回 ログインボーナスをプレゼント！*
`白銀の果実 X 1
`_2024-06-06 04:33:04_
--------
*fd2adbfe86cd2ad3d7255fc256b75bc2*
`登陆天数: 14天 / 652天
等级: 130
石头: 4014
呼符: 290
体力: 15892.893333333333 / 138
友情点: 0 / 466610`
*連続ログイン7日間到達おめでとうございます！
明日は1日目からリスタートされます。*
`獣の足跡 X 1
呼符 X 1
6月交換券(2024) X 1
`*カルデア・サマーアドベンチャー！ アンケート復刻版 開幕記念 ログインボーナス*
*開催期間中、1日1回 最大21回 ログインボーナスをプレゼント！*
`白銀の果実 X 1
`_2024-06-06 04:33:12_
--------
*1d341ee0b29ad7788e8b4266705e8b76*
`登陆天数: 14天 / 651天
等级: 130
石头: 4011
呼符: 177
体力: 15892.92 / 138
友情点: 0 / 468475`
*連続ログイン7日間到達おめでとうございます！
明日は1日目からリスタートされます。*
`獣の足跡 X 1
呼符 X 1
6月交換券(2024) X 1
`*カルデア・サマーアドベンチャー！ アンケート復刻版 開幕記念 ログインボーナス*
*開催期間中、1日1回 最大21回 ログインボーナスをプレゼント！*
`白銀の果実 X 1
`_2024-06-06 04:33:19_
--------
*3d133f3c928c3e78ffbe07316572bfee*
`登陆天数: 14天 / 651天
等级: 130
石头: 4009
呼符: 268
体力: 15892.946666666667 / 138
友情点: 0 / 468365`
*連続ログイン7日間到達おめでとうございます！
明日は1日目からリスタートされます。*
`獣の足跡 X 1
呼符 X 1
6月交換券(2024) X 1
`*カルデア・サマーアドベンチャー！ アンケート復刻版 開幕記念 ログインボーナス*
*開催期間中、1日1回 最大21回 ログインボーナスをプレゼント！*
`白銀の果実 X 1
`_2024-06-06 04:33:27_
--------
*313db5b217a08f67ab8e60718cb261e6*
`登陆天数: 14天 / 651天
等级: 130
石头: 4011
呼符: 286
体力: 15892.973333333333 / 138
友情点: 0 / 468925`
*連続ログイン7日間到達おめでとうございます！
明日は1日目からリスタートされます。*
`獣の足跡 X 1
呼符 X 1
6月交換券(2024) X 1
`*カルデア・サマーアドベンチャー！ アンケート復刻版 開幕記念 ログインボーナス*
*開催期間中、1日1回 最大21回 ログインボーナスをプレゼント！*
`白銀の果実 X 1
`_2024-06-06 04:33:36_
--------
*274c3532571f884b74fee411bb18b2bb*
`登陆天数: 14天 / 652天
等级: 130
石头: 4016
呼符: 270
体力: 15893.0 / 138
友情点: 0 / 466650`
*連続ログイン7日間到達おめでとうございます！
明日は1日目からリスタートされます。*
`獣の足跡 X 1
呼符 X 1
6月交換券(2024) X 1
`*カルデア・サマーアドベンチャー！ アンケート復刻版 開幕記念 ログインボーナス*
*開催期間中、1日1回 最大21回 ログインボーナスをプレゼント！*
`白銀の果実 X 1
`_2024-06-06 04:33:44_
--------
*7b0d4d11086605f45fb0df9c2f892bfb*
`登陆天数: 14天 / 651天
等级: 130
石头: 4010
呼符: 236
体力: 15893.023333333333 / 138
友情点: 0 / 469765`
*連続ログイン7日間到達おめでとうございます！
明日は1日目からリスタートされます。*
`獣の足跡 X 1
呼符 X 1
6月交換券(2024) X 1
`*カルデア・サマーアドベンチャー！ アンケート復刻版 開幕記念 ログインボーナス*
*開催期間中、1日1回 最大21回 ログインボーナスをプレゼント！*
`白銀の果実 X 1
`_2024-06-06 04:33:52_
--------
*d7ff81a6a499b582a169dc0e518ac884*
`登陆天数: 14天 / 651天
等级: 130
石头: 4008
呼符: 281
体力: 15893.056666666667 / 138
友情点: 0 / 468940`
*連続ログイン7日間到達おめでとうございます！
明日は1日目からリスタートされます。*
`獣の足跡 X 1
呼符 X 1
6月交換券(2024) X 1
`*カルデア・サマーアドベンチャー！ アンケート復刻版 開幕記念 ログインボーナス*
*開催期間中、1日1回 最大21回 ログインボーナスをプレゼント！*
`白銀の果実 X 1
`_2024-06-06 04:34:00_
--------
*5a45bbc431edc0484aa4cb8e38d600be*
`登陆天数: 14天 / 652天
等级: 130
石头: 4001
呼符: 88
体力: 15893.076666666666 / 138
友情点: 0 / 466895`
*連続ログイン7日間到達おめでとうございます！
明日は1日目からリスタートされます。*
`獣の足跡 X 1
呼符 X 1
6月交換券(2024) X 1
`*カルデア・サマーアドベンチャー！ アンケート復刻版 開幕記念 ログインボーナス*
*開催期間中、1日1回 最大21回 ログインボーナスをプレゼント！*
`白銀の果実 X 1
`_2024-06-06 04:34:08_
--------
*553bf7b212cc9edc421f87c00d34655d*
`登陆天数: 14天 / 651天
等级: 130
石头: 4014
呼符: 277
体力: 15893.103333333333 / 138
友情点: 0 / 468955`
*連続ログイン7日間到達おめでとうございます！
明日は1日目からリスタートされます。*
`獣の足跡 X 1
呼符 X 1
6月交換券(2024) X 1
`*カルデア・サマーアドベンチャー！ アンケート復刻版 開幕記念 ログインボーナス*
*開催期間中、1日1回 最大21回 ログインボーナスをプレゼント！*
`白銀の果実 X 1
`_2024-06-06 04:34:16_
--------
*5ac34b6c894deb8c0e944d2cd836c59d*
`登陆天数: 14天 / 651天
等级: 130
石头: 3996
呼符: 292
体力: 15893.133333333333 / 138
友情点: 0 / 468565`
*連続ログイン7日間到達おめでとうございます！
明日は1日目からリスタートされます。*
`獣の足跡 X 1
呼符 X 1
6月交換券(2024) X 1
`*カルデア・サマーアドベンチャー！ アンケート復刻版 開幕記念 ログインボーナス*
*開催期間中、1日1回 最大21回 ログインボーナスをプレゼント！*
`白銀の果実 X 1
`_2024-06-06 04:34:24_
--------
*bf29c812f99379270241926ddd49421b*
`登陆天数: 14天 / 651天
等级: 130
石头: 4012
呼符: 320
体力: 15893.156666666666 / 138
友情点: 0 / 467910`
*連続ログイン7日間到達おめでとうございます！
明日は1日目からリスタートされます。*
`獣の足跡 X 1
呼符 X 1
6月交換券(2024) X 1
`*カルデア・サマーアドベンチャー！ アンケート復刻版 開幕記念 ログインボーナス*
*開催期間中、1日1回 最大21回 ログインボーナスをプレゼント！*
`白銀の果実 X 1
`_2024-06-06 04:34:32_
--------
*0bb36eaaabe7d21ca1ed912448cf945d*
`登陆天数: 14天 / 652天
等级: 130
石头: 4009
呼符: 244
体力: 15893.186666666666 / 138
友情点: 0 / 465940`
*連続ログイン7日間到達おめでとうございます！
明日は1日目からリスタートされます。*
`獣の足跡 X 1
呼符 X 1
6月交換券(2024) X 1
`*カルデア・サマーアドベンチャー！ アンケート復刻版 開幕記念 ログインボーナス*
*開催期間中、1日1回 最大21回 ログインボーナスをプレゼント！*
`白銀の果実 X 1
`_2024-06-06 04:34:40_
--------
*1ea8c965f62327f0ad44df589ec185ae*
`登陆天数: 14天 / 651天
等级: 130
石头: 4012
呼符: 239
体力: 15893.21 / 138
友情点: 0 / 469015`
*連続ログイン7日間到達おめでとうございます！
明日は1日目からリスタートされます。*
`獣の足跡 X 1
呼符 X 1
6月交換券(2024) X 1
`*カルデア・サマーアドベンチャー！ アンケート復刻版 開幕記念 ログインボーナス*
*開催期間中、1日1回 最大21回 ログインボーナスをプレゼント！*
`白銀の果実 X 1
`_2024-06-06 04:34:47_
--------
*9ee4eadc22981537d9cf75dd4f277bc0*
`登陆天数: 14天 / 652天
等级: 130
石头: 4017
呼符: 261
体力: 15893.24 / 138
友情点: 0 / 467415`
*連続ログイン7日間到達おめでとうございます！
明日は1日目からリスタートされます。*
`獣の足跡 X 1
呼符 X 1
6月交換券(2024) X 1
`*カルデア・サマーアドベンチャー！ アンケート復刻版 開幕記念 ログインボーナス*
*開催期間中、1日1回 最大21回 ログインボーナスをプレゼント！*
`白銀の果実 X 1
`_2024-06-06 04:34:55_
--------
*8057e895fb9e70d1093a9d6290af4684*
`登陆天数: 14天 / 652天
等级: 130
石头: 3970
呼符: 280
体力: 15893.263333333334 / 138
友情点: 0 / 467455`
*連続ログイン7日間到達おめでとうございます！
明日は1日目からリスタートされます。*
`獣の足跡 X 1
呼符 X 1
6月交換券(2024) X 1
`*カルデア・サマーアドベンチャー！ アンケート復刻版 開幕記念 ログインボーナス*
*開催期間中、1日1回 最大21回 ログインボーナスをプレゼント！*
`白銀の果実 X 1
`_2024-06-06 04:35:03_
--------
*740d4af934530c572b942a40933b2bf4*
`登陆天数: 14天 / 651天
等级: 130
石头: 4017
呼符: 281
体力: 15893.293333333333 / 138
友情点: 0 / 468540`
*連続ログイン7日間到達おめでとうございます！
明日は1日目からリスタートされます。*
`獣の足跡 X 1
呼符 X 1
6月交換券(2024) X 1
`*カルデア・サマーアドベンチャー！ アンケート復刻版 開幕記念 ログインボーナス*
*開催期間中、1日1回 最大21回 ログインボーナスをプレゼント！*
`白銀の果実 X 1
`_2024-06-06 04:35:11_
--------
*9004025abcd141c61c179117fb88a601*
`登陆天数: 14天 / 651天
等级: 130
石头: 4009
呼符: 304
体力: 15893.316666666668 / 138
友情点: 0 / 468585`
*連続ログイン7日間到達おめでとうございます！
明日は1日目からリスタートされます。*
`獣の足跡 X 1
呼符 X 1
6月交換券(2024) X 1
`*カルデア・サマーアドベンチャー！ アンケート復刻版 開幕記念 ログインボーナス*
*開催期間中、1日1回 最大21回 ログインボーナスをプレゼント！*
`白銀の果実 X 1
`_2024-06-06 04:35:19_
--------
*9fe4660f2c336ca246c4238fd8c583e5*
`登陆天数: 14天 / 652天
等级: 130
石头: 3968
呼符: 273
体力: 15893.343333333334 / 138
友情点: 0 / 466940`
*連続ログイン7日間到達おめでとうございます！
明日は1日目からリスタートされます。*
`獣の足跡 X 1
呼符 X 1
6月交換券(2024) X 1
`*カルデア・サマーアドベンチャー！ アンケート復刻版 開幕記念 ログインボーナス*
*開催期間中、1日1回 最大21回 ログインボーナスをプレゼント！*
`白銀の果実 X 1
`_2024-06-06 04:35:27_
--------
*0aef84db5226d670f527438090555540*
`登陆天数: 14天 / 651天
等级: 130
石头: 3975
呼符: 256
体力: 15893.37 / 138
友情点: 0 / 468130`
*連続ログイン7日間到達おめでとうございます！
明日は1日目からリスタートされます。*
`獣の足跡 X 1
呼符 X 1
6月交換券(2024) X 1
`*カルデア・サマーアドベンチャー！ アンケート復刻版 開幕記念 ログインボーナス*
*開催期間中、1日1回 最大21回 ログインボーナスをプレゼント！*
`白銀の果実 X 1
`_2024-06-06 04:35:34_
--------
*598d48a432718df785414f903a3c1ca6*
`登陆天数: 14天 / 651天
等级: 130
石头: 4010
呼符: 304
体力: 15893.396666666667 / 138
友情点: 0 / 467935`
*連続ログイン7日間到達おめでとうございます！
明日は1日目からリスタートされます。*
`獣の足跡 X 1
呼符 X 1
6月交換券(2024) X 1
`*カルデア・サマーアドベンチャー！ アンケート復刻版 開幕記念 ログインボーナス*
*開催期間中、1日1回 最大21回 ログインボーナスをプレゼント！*
`白銀の果実 X 1
`_2024-06-06 04:35:42_
--------
*e70c5fbb86b56b8d13b0d75e15a2b660*
`登陆天数: 14天 / 652天
等级: 130
石头: 4014
呼符: 25
体力: 15893.423333333334 / 138
友情点: 0 / 466025`
*連続ログイン7日間到達おめでとうございます！
明日は1日目からリスタートされます。*
`獣の足跡 X 1
呼符 X 1
6月交換券(2024) X 1
`*カルデア・サマーアドベンチャー！ アンケート復刻版 開幕記念 ログインボーナス*
*開催期間中、1日1回 最大21回 ログインボーナスをプレゼント！*
`白銀の果実 X 1
`_2024-06-06 04:35:50_
--------
*2fd782c4dc0ebf482af4dd92aadb2e11*
`登陆天数: 14天 / 652天
等级: 130
石头: 4016
呼符: 251
体力: 15893.453333333333 / 138
友情点: 0 / 469230`
*連続ログイン7日間到達おめでとうございます！
明日は1日目からリスタートされます。*
`獣の足跡 X 1
呼符 X 1
6月交換券(2024) X 1
`*カルデア・サマーアドベンチャー！ アンケート復刻版 開幕記念 ログインボーナス*
*開催期間中、1日1回 最大21回 ログインボーナスをプレゼント！*
`白銀の果実 X 1
`_2024-06-06 04:35:59_
--------
*fba1cc9af4246db78526318adfd5e915*
`登陆天数: 14天 / 652天
等级: 130
石头: 4003
呼符: 321
体力: 15893.476666666667 / 138
友情点: 0 / 466865`
*連続ログイン7日間到達おめでとうございます！
明日は1日目からリスタートされます。*
`獣の足跡 X 1
呼符 X 1
6月交換券(2024) X 1
`*カルデア・サマーアドベンチャー！ アンケート復刻版 開幕記念 ログインボーナス*
*開催期間中、1日1回 最大21回 ログインボーナスをプレゼント！*
`白銀の果実 X 1
`_2024-06-06 04:36:07_
--------
*58113125fd8e6e7daa6886570d01a5e1*
`登陆天数: 14天 / 651天
等级: 130
石头: 4010
呼符: 24
体力: 15893.5 / 138
友情点: 0 / 468535`
*連続ログイン7日間到達おめでとうございます！
明日は1日目からリスタートされます。*
`獣の足跡 X 1
呼符 X 1
6月交換券(2024) X 1
`*カルデア・サマーアドベンチャー！ アンケート復刻版 開幕記念 ログインボーナス*
*開催期間中、1日1回 最大21回 ログインボーナスをプレゼント！*
`白銀の果実 X 1
`_2024-06-06 04:36:14_
--------
