【登录信息】
*b0be8ec3c973f045a4ae91cf2d997f5f*
`登陆天数: 20天 / 658天
等级: 130
石头: 4065
呼符: 210
体力: 28.60666666666667 / 138
友情点: 0 / 469185`
_2024-06-12 04:30:18_
--------
*eb2249351f62e8f53edd212e354b4ab0*
`登陆天数: 20天 / 657天
等级: 130
石头: 4054
呼符: 289
体力: 28.573333333333338 / 138
友情点: 0 / 469660`
_2024-06-12 04:30:25_
--------
*75e790417deaedf66a35fa3ab3f26639*
`登陆天数: 20天 / 658天
等级: 130
石头: 4064
呼符: 210
体力: 28.543333333333337 / 138
友情点: 0 / 470770`
_2024-06-12 04:30:33_
--------
*00a84f6e84e13de772bf49acefa6fc7e*
`登陆天数: 20天 / 658天
等级: 130
石头: 4061
呼符: 34
体力: 28.513333333333335 / 138
友情点: 0 / 472310`
_2024-06-12 04:30:41_
--------
*25b5b0980a09bb194720b885c2db93c1*
`登陆天数: 20天 / 657天
等级: 130
石头: 4053
呼符: 229
体力: 28.476666666666674 / 138
友情点: 0 / 471690`
_2024-06-12 04:30:49_
--------
*c18683b9479c8ce71d91e4c7be7f9e76*
`登陆天数: 20天 / 657天
等级: 130
石头: 4060
呼符: 283
体力: 28.446666666666673 / 138
友情点: 0 / 470385`
_2024-06-12 04:30:57_
--------
*0e1bd5e231db09692ee34cf2c0b70d51*
`登陆天数: 20天 / 657天
等级: 130
石头: 4069
呼符: 75
体力: 28.41666666666667 / 138
友情点: 0 / 471375`
_2024-06-12 04:31:05_
--------
*b47dbe145b08f3cfbe87b7807296db90*
`登陆天数: 20天 / 657天
等级: 130
石头: 4061
呼符: 71
体力: 28.38666666666667 / 138
友情点: 0 / 470280`
_2024-06-12 04:31:12_
--------
*b530e8c4258bfcc88af39490c55a47af*
`登陆天数: 20天 / 659天
等级: 130
石头: 4072
呼符: 65
体力: 28.35666666666667 / 138
友情点: 0 / 470815`
_2024-06-12 04:31:20_
--------
*b86c825dac1ea8f15d25f75c35fada21*
`登陆天数: 20天 / 658天
等级: 130
石头: 4073
呼符: 164
体力: 28.319999999999993 / 138
友情点: 0 / 470635`
_2024-06-12 04:31:28_
--------
*b94c54a2875840777c50a96d4d265f1f*
`登陆天数: 20天 / 657天
等级: 130
石头: 4050
呼符: 243
体力: 28.290000000000006 / 138
友情点: 0 / 471625`
_2024-06-12 04:31:36_
--------
*df8cfb9e510537bfd10243005fe97845*
`登陆天数: 20天 / 658天
等级: 130
石头: 4062
呼符: 233
体力: 28.260000000000005 / 138
友情点: 0 / 469975`
_2024-06-12 04:31:43_
--------
*67e271c2249c946385b3420be623a16f*
`登陆天数: 20天 / 657天
等级: 130
石头: 4050
呼符: 231
体力: 28.226666666666674 / 138
友情点: 0 / 470110`
_2024-06-12 04:31:51_
--------
*6cff570ebf13a96c25b0b39f4004a1de*
`登陆天数: 20天 / 657天
等级: 130
石头: 4038
呼符: 177
体力: 28.193333333333328 / 138
友情点: 0 / 471990`
_2024-06-12 04:31:59_
--------
*ac5d32649e3e9df38c2f61467831f9b8*
`登陆天数: 20天 / 657天
等级: 130
石头: 4052
呼符: 193
体力: 28.163333333333327 / 138
友情点: 0 / 470930`
_2024-06-12 04:32:07_
--------
*caac5ba732410d259f8ff56d837f7d90*
`登陆天数: 20天 / 657天
等级: 130
石头: 4060
呼符: 324
体力: 28.13333333333334 / 138
友情点: 0 / 470345`
_2024-06-12 04:32:14_
--------
*5f5f8a8d61889cb68af952c9bc50adc5*
`登陆天数: 20天 / 658天
等级: 130
石头: 4036
呼符: 193
体力: 28.10333333333334 / 138
友情点: 0 / 470135`
_2024-06-12 04:32:22_
--------
*baf9ab9f160b6298d65428c56e79a8dd*
`登陆天数: 20天 / 657天
等级: 130
石头: 4071
呼符: 262
体力: 28.066666666666663 / 138
友情点: 0 / 469510`
_2024-06-12 04:32:30_
--------
*6e2837d3f5424f813d1262f4ffee4787*
`登陆天数: 20天 / 657天
等级: 130
石头: 4062
呼符: 259
体力: 28.03666666666666 / 138
友情点: 0 / 470880`
_2024-06-12 04:32:38_
--------
*af074a2c5a2afae6484b6040d8ea3a7f*
`登陆天数: 20天 / 657天
等级: 130
石头: 4061
呼符: 121
体力: 28.00333333333333 / 138
友情点: 0 / 470595`
_2024-06-12 04:32:45_
--------
*1e2fd353db51a8006ab9d4ac0fc45db4*
`登陆天数: 20天 / 658天
等级: 130
石头: 4054
呼符: 253
体力: 27.96666666666667 / 138
友情点: 0 / 470425`
_2024-06-12 04:32:53_
--------
*41e5b952ef0c8025f198679921798a92*
`登陆天数: 20天 / 657天
等级: 130
石头: 4065
呼符: 253
体力: 27.936666666666667 / 138
友情点: 0 / 469970`
_2024-06-12 04:33:00_
--------
*507f766cf75da0b70eb68d7b324d917b*
`登陆天数: 20天 / 657天
等级: 130
石头: 4067
呼符: 274
体力: 27.903333333333336 / 138
友情点: 0 / 470020`
_2024-06-12 04:33:08_
--------
*4f2027fed62c9c49b78fd28501b77e45*
`登陆天数: 20天 / 657天
等级: 130
石头: 4069
呼符: 296
体力: 27.873333333333335 / 138
友情点: 0 / 470195`
_2024-06-12 04:33:16_
--------
*80ca42db235ad0f1272ac9859d32bc24*
`登陆天数: 20天 / 658天
等级: 130
石头: 4069
呼符: 316
体力: 27.843333333333334 / 138
友情点: 0 / 471850`
_2024-06-12 04:33:24_
--------
*6e2f7b4ef9e6081b745add320fba79f5*
`登陆天数: 20天 / 658天
等级: 130
石头: 4074
呼符: 34
体力: 27.813333333333333 / 138
友情点: 0 / 471675`
_2024-06-12 04:33:32_
--------
*fd2adbfe86cd2ad3d7255fc256b75bc2*
`登陆天数: 20天 / 658天
等级: 130
石头: 4066
呼符: 299
体力: 27.78333333333333 / 138
友情点: 0 / 470610`
_2024-06-12 04:33:40_
--------
*1d341ee0b29ad7788e8b4266705e8b76*
`登陆天数: 20天 / 657天
等级: 130
石头: 4065
呼符: 186
体力: 27.75333333333333 / 138
友情点: 0 / 470475`
_2024-06-12 04:33:48_
--------
*3d133f3c928c3e78ffbe07316572bfee*
`登陆天数: 20天 / 657天
等级: 130
石头: 4063
呼符: 277
体力: 27.72 / 138
友情点: 0 / 470365`
_2024-06-12 04:33:56_
--------
*313db5b217a08f67ab8e60718cb261e6*
`登陆天数: 20天 / 657天
等级: 130
石头: 4065
呼符: 295
体力: 27.693333333333328 / 138
友情点: 0 / 470925`
_2024-06-12 04:34:04_
--------
*274c3532571f884b74fee411bb18b2bb*
`登陆天数: 20天 / 658天
等级: 130
石头: 4068
呼符: 279
体力: 27.663333333333327 / 138
友情点: 0 / 470650`
_2024-06-12 04:34:11_
--------
*7b0d4d11086605f45fb0df9c2f892bfb*
`登陆天数: 20天 / 657天
等级: 130
石头: 4064
呼符: 245
体力: 27.626666666666665 / 138
友情点: 0 / 471765`
_2024-06-12 04:34:19_
--------
*d7ff81a6a499b582a169dc0e518ac884*
`登陆天数: 20天 / 657天
等级: 130
石头: 4062
呼符: 290
体力: 27.596666666666664 / 138
友情点: 0 / 470940`
_2024-06-12 04:34:27_
--------
*5a45bbc431edc0484aa4cb8e38d600be*
`登陆天数: 20天 / 658天
等级: 130
石头: 4053
呼符: 97
体力: 27.566666666666663 / 138
友情点: 0 / 470895`
_2024-06-12 04:34:35_
--------
*553bf7b212cc9edc421f87c00d34655d*
`登陆天数: 20天 / 657天
等级: 130
石头: 4068
呼符: 286
体力: 27.53666666666666 / 138
友情点: 0 / 470955`
_2024-06-12 04:34:43_
--------
*5ac34b6c894deb8c0e944d2cd836c59d*
`登陆天数: 20天 / 657天
等级: 130
石头: 4050
呼符: 301
体力: 27.50666666666666 / 138
友情点: 0 / 470565`
_2024-06-12 04:34:50_
--------
*bf29c812f99379270241926ddd49421b*
`登陆天数: 20天 / 657天
等级: 130
石头: 4066
呼符: 329
体力: 27.476666666666674 / 138
友情点: 0 / 469910`
_2024-06-12 04:34:58_
--------
*0bb36eaaabe7d21ca1ed912448cf945d*
`登陆天数: 20天 / 658天
等级: 130
石头: 4061
呼符: 253
体力: 27.446666666666673 / 138
友情点: 0 / 469940`
_2024-06-12 04:35:06_
--------
*1ea8c965f62327f0ad44df589ec185ae*
`登陆天数: 20天 / 657天
等级: 130
石头: 4066
呼符: 248
体力: 27.409999999999997 / 138
友情点: 0 / 471015`
_2024-06-12 04:35:14_
--------
*9ee4eadc22981537d9cf75dd4f277bc0*
`登陆天数: 20天 / 658天
等级: 130
石头: 4069
呼符: 270
体力: 27.38333333333334 / 138
友情点: 0 / 471415`
_2024-06-12 04:35:22_
--------
*8057e895fb9e70d1093a9d6290af4684*
`登陆天数: 20天 / 658天
等级: 130
石头: 4022
呼符: 289
体力: 27.35333333333334 / 138
友情点: 0 / 471455`
_2024-06-12 04:35:30_
--------
*740d4af934530c572b942a40933b2bf4*
`登陆天数: 20天 / 657天
等级: 130
石头: 4071
呼符: 290
体力: 27.323333333333338 / 138
友情点: 0 / 470540`
_2024-06-12 04:35:38_
--------
*9004025abcd141c61c179117fb88a601*
`登陆天数: 20天 / 657天
等级: 130
石头: 4063
呼符: 313
体力: 27.290000000000006 / 138
友情点: 0 / 470585`
_2024-06-12 04:35:45_
--------
*9fe4660f2c336ca246c4238fd8c583e5*
`登陆天数: 20天 / 658天
等级: 130
石头: 4020
呼符: 282
体力: 27.260000000000005 / 138
友情点: 0 / 470940`
_2024-06-12 04:35:53_
--------
*0aef84db5226d670f527438090555540*
`登陆天数: 20天 / 657天
等级: 130
石头: 4029
呼符: 265
体力: 27.22333333333333 / 138
友情点: 0 / 470130`
_2024-06-12 04:36:01_
--------
*598d48a432718df785414f903a3c1ca6*
`登陆天数: 20天 / 657天
等级: 130
石头: 4064
呼符: 313
体力: 27.196666666666673 / 138
友情点: 0 / 469935`
_2024-06-12 04:36:08_
--------
*e70c5fbb86b56b8d13b0d75e15a2b660*
`登陆天数: 20天 / 658天
等级: 130
石头: 4066
呼符: 34
体力: 27.163333333333327 / 138
友情点: 0 / 470025`
_2024-06-12 04:36:17_
--------
*2fd782c4dc0ebf482af4dd92aadb2e11*
`登陆天数: 20天 / 658天
等级: 130
石头: 4068
呼符: 260
体力: 27.13333333333334 / 138
友情点: 0 / 473230`
_2024-06-12 04:36:25_
--------
*fba1cc9af4246db78526318adfd5e915*
`登陆天数: 20天 / 658天
等级: 130
石头: 4055
呼符: 330
体力: 27.10333333333334 / 138
友情点: 0 / 470865`
_2024-06-12 04:36:33_
--------
*58113125fd8e6e7daa6886570d01a5e1*
`登陆天数: 20天 / 657天
等级: 130
石头: 4010
呼符: 24
体力: 17621.586666666666 / 138
友情点: 0 / 468535`
_2024-06-12 04:36:40_
--------
