【登录信息】
*b0be8ec3c973f045a4ae91cf2d997f5f*
`登陆天数: 21天 / 659天
等级: 130
石头: 4065
呼符: 211
体力: 30.486666666666665 / 138
友情点: 0 / 463185`
_2024-06-13 04:31:08_
--------
*eb2249351f62e8f53edd212e354b4ab0*
`登陆天数: 21天 / 658天
等级: 130
石头: 4054
呼符: 290
体力: 30.459999999999994 / 138
友情点: 0 / 463660`
_2024-06-13 04:31:15_
--------
*75e790417deaedf66a35fa3ab3f26639*
`登陆天数: 21天 / 659天
等级: 130
石头: 4064
呼符: 211
体力: 30.433333333333337 / 138
友情点: 0 / 464770`
_2024-06-13 04:31:23_
--------
*00a84f6e84e13de772bf49acefa6fc7e*
`登陆天数: 21天 / 659天
等级: 130
石头: 4061
呼符: 35
体力: 30.406666666666666 / 138
友情点: 0 / 466310`
_2024-06-13 04:31:31_
--------
*25b5b0980a09bb194720b885c2db93c1*
`登陆天数: 21天 / 658天
等级: 130
石头: 4053
呼符: 230
体力: 30.376666666666665 / 138
友情点: 0 / 465690`
_2024-06-13 04:31:39_
--------
*c18683b9479c8ce71d91e4c7be7f9e76*
`登陆天数: 21天 / 658天
等级: 130
石头: 4060
呼符: 284
体力: 30.349999999999994 / 138
友情点: 0 / 464385`
_2024-06-13 04:31:47_
--------
*0e1bd5e231db09692ee34cf2c0b70d51*
`登陆天数: 21天 / 658天
等级: 130
石头: 4069
呼符: 76
体力: 30.323333333333338 / 138
友情点: 0 / 465375`
_2024-06-13 04:31:55_
--------
*b47dbe145b08f3cfbe87b7807296db90*
`登陆天数: 21天 / 658天
等级: 130
石头: 4061
呼符: 72
体力: 30.296666666666667 / 138
友情点: 0 / 464280`
_2024-06-13 04:32:03_
--------
*b530e8c4258bfcc88af39490c55a47af*
`登陆天数: 21天 / 660天
等级: 130
石头: 4072
呼符: 66
体力: 30.269999999999996 / 138
友情点: 0 / 464815`
_2024-06-13 04:32:10_
--------
*b86c825dac1ea8f15d25f75c35fada21*
`登陆天数: 21天 / 659天
等级: 130
石头: 4073
呼符: 165
体力: 30.24333333333334 / 138
友情点: 0 / 464635`
_2024-06-13 04:32:18_
--------
*b94c54a2875840777c50a96d4d265f1f*
`登陆天数: 21天 / 658天
等级: 130
石头: 4050
呼符: 244
体力: 30.21666666666667 / 138
友情点: 0 / 465625`
_2024-06-13 04:32:26_
--------
*df8cfb9e510537bfd10243005fe97845*
`登陆天数: 21天 / 659天
等级: 130
石头: 4062
呼符: 234
体力: 30.186666666666667 / 138
友情点: 0 / 463975`
_2024-06-13 04:32:34_
--------
*67e271c2249c946385b3420be623a16f*
`登陆天数: 21天 / 658天
等级: 130
石头: 4050
呼符: 232
体力: 30.159999999999997 / 138
友情点: 0 / 464110`
_2024-06-13 04:32:41_
--------
*6cff570ebf13a96c25b0b39f4004a1de*
`登陆天数: 21天 / 658天
等级: 130
石头: 4038
呼符: 178
体力: 30.13333333333334 / 138
友情点: 0 / 465990`
_2024-06-13 04:32:49_
--------
*ac5d32649e3e9df38c2f61467831f9b8*
`登陆天数: 21天 / 658天
等级: 130
石头: 4052
呼符: 194
体力: 30.10666666666667 / 138
友情点: 0 / 464930`
_2024-06-13 04:32:57_
--------
*caac5ba732410d259f8ff56d837f7d90*
`登陆天数: 21天 / 658天
等级: 130
石头: 4060
呼符: 325
体力: 30.08 / 138
友情点: 0 / 464345`
_2024-06-13 04:33:05_
--------
*5f5f8a8d61889cb68af952c9bc50adc5*
`登陆天数: 21天 / 659天
等级: 130
石头: 4036
呼符: 194
体力: 30.053333333333327 / 138
友情点: 0 / 464135`
_2024-06-13 04:33:13_
--------
*baf9ab9f160b6298d65428c56e79a8dd*
`登陆天数: 21天 / 658天
等级: 130
石头: 4071
呼符: 263
体力: 30.02666666666667 / 138
友情点: 0 / 463510`
_2024-06-13 04:33:21_
--------
*6e2837d3f5424f813d1262f4ffee4787*
`登陆天数: 21天 / 658天
等级: 130
石头: 4062
呼符: 260
体力: 29.99666666666667 / 138
友情点: 0 / 464880`
_2024-06-13 04:33:29_
--------
*af074a2c5a2afae6484b6040d8ea3a7f*
`登陆天数: 21天 / 658天
等级: 130
石头: 4061
呼符: 122
体力: 29.97333333333333 / 138
友情点: 0 / 464595`
_2024-06-13 04:33:36_
--------
*1e2fd353db51a8006ab9d4ac0fc45db4*
`登陆天数: 21天 / 659天
等级: 130
石头: 4054
呼符: 254
体力: 29.939999999999998 / 138
友情点: 0 / 464425`
_2024-06-13 04:33:44_
--------
*41e5b952ef0c8025f198679921798a92*
`登陆天数: 21天 / 658天
等级: 130
石头: 4065
呼符: 254
体力: 29.913333333333327 / 138
友情点: 0 / 463970`
_2024-06-13 04:33:52_
--------
*507f766cf75da0b70eb68d7b324d917b*
`登陆天数: 21天 / 658天
等级: 130
石头: 4067
呼符: 275
体力: 29.89 / 138
友情点: 0 / 464020`
_2024-06-13 04:33:59_
--------
*4f2027fed62c9c49b78fd28501b77e45*
`登陆天数: 21天 / 658天
等级: 130
石头: 4069
呼符: 297
体力: 29.86 / 138
友情点: 0 / 464195`
_2024-06-13 04:34:07_
--------
*80ca42db235ad0f1272ac9859d32bc24*
`登陆天数: 21天 / 659天
等级: 130
石头: 4069
呼符: 317
体力: 29.83333333333333 / 138
友情点: 0 / 465850`
_2024-06-13 04:34:15_
--------
*6e2f7b4ef9e6081b745add320fba79f5*
`登陆天数: 21天 / 659天
等级: 130
石头: 4074
呼符: 35
体力: 29.806666666666672 / 138
友情点: 0 / 465675`
_2024-06-13 04:34:22_
--------
*fd2adbfe86cd2ad3d7255fc256b75bc2*
`登陆天数: 21天 / 659天
等级: 130
石头: 4066
呼符: 300
体力: 29.77666666666667 / 138
友情点: 0 / 464610`
_2024-06-13 04:34:30_
--------
*1d341ee0b29ad7788e8b4266705e8b76*
`登陆天数: 21天 / 658天
等级: 130
石头: 4065
呼符: 187
体力: 29.75 / 138
友情点: 0 / 464475`
_2024-06-13 04:34:38_
--------
*3d133f3c928c3e78ffbe07316572bfee*
`登陆天数: 21天 / 658天
等级: 130
石头: 4063
呼符: 278
体力: 29.72333333333333 / 138
友情点: 0 / 464365`
_2024-06-13 04:34:46_
--------
*313db5b217a08f67ab8e60718cb261e6*
`登陆天数: 21天 / 658天
等级: 130
石头: 4065
呼符: 296
体力: 29.696666666666673 / 138
友情点: 0 / 464925`
_2024-06-13 04:34:54_
--------
*274c3532571f884b74fee411bb18b2bb*
`登陆天数: 21天 / 659天
等级: 130
石头: 4068
呼符: 280
体力: 29.673333333333332 / 138
友情点: 0 / 464650`
_2024-06-13 04:35:01_
--------
*7b0d4d11086605f45fb0df9c2f892bfb*
`登陆天数: 21天 / 658天
等级: 130
石头: 4064
呼符: 246
体力: 29.64666666666666 / 138
友情点: 0 / 465765`
_2024-06-13 04:35:09_
--------
*d7ff81a6a499b582a169dc0e518ac884*
`登陆天数: 21天 / 658天
等级: 130
石头: 4062
呼符: 291
体力: 29.620000000000005 / 138
友情点: 0 / 464940`
_2024-06-13 04:35:17_
--------
*5a45bbc431edc0484aa4cb8e38d600be*
`登陆天数: 21天 / 659天
等级: 130
石头: 4053
呼符: 98
体力: 29.593333333333334 / 138
友情点: 0 / 464895`
_2024-06-13 04:35:25_
--------
*553bf7b212cc9edc421f87c00d34655d*
`登陆天数: 21天 / 658天
等级: 130
石头: 4068
呼符: 287
体力: 29.566666666666663 / 138
友情点: 0 / 464955`
_2024-06-13 04:35:33_
--------
*5ac34b6c894deb8c0e944d2cd836c59d*
`登陆天数: 21天 / 658天
等级: 130
石头: 4050
呼符: 302
体力: 29.540000000000006 / 138
友情点: 0 / 464565`
_2024-06-13 04:35:41_
--------
*bf29c812f99379270241926ddd49421b*
`登陆天数: 21天 / 658天
等级: 130
石头: 4066
呼符: 330
体力: 29.510000000000005 / 138
友情点: 0 / 463910`
_2024-06-13 04:35:49_
--------
*0bb36eaaabe7d21ca1ed912448cf945d*
`登陆天数: 21天 / 659天
等级: 130
石头: 4061
呼符: 254
体力: 29.483333333333334 / 138
友情点: 0 / 463940`
_2024-06-13 04:35:57_
--------
*1ea8c965f62327f0ad44df589ec185ae*
`登陆天数: 21天 / 658天
等级: 130
石头: 4066
呼符: 249
体力: 29.456666666666663 / 138
友情点: 0 / 465015`
_2024-06-13 04:36:04_
--------
*9ee4eadc22981537d9cf75dd4f277bc0*
`登陆天数: 21天 / 659天
等级: 130
石头: 4069
呼符: 271
体力: 29.433333333333337 / 138
友情点: 0 / 465415`
_2024-06-13 04:36:12_
--------
*8057e895fb9e70d1093a9d6290af4684*
`登陆天数: 21天 / 659天
等级: 130
石头: 4022
呼符: 290
体力: 29.403333333333336 / 138
友情点: 0 / 465455`
_2024-06-13 04:36:20_
--------
*740d4af934530c572b942a40933b2bf4*
`登陆天数: 21天 / 658天
等级: 130
石头: 4071
呼符: 291
体力: 29.376666666666665 / 138
友情点: 0 / 464540`
_2024-06-13 04:36:28_
--------
*9004025abcd141c61c179117fb88a601*
`登陆天数: 21天 / 658天
等级: 130
石头: 4063
呼符: 314
体力: 29.349999999999994 / 138
友情点: 0 / 464585`
_2024-06-13 04:36:36_
--------
*9fe4660f2c336ca246c4238fd8c583e5*
`登陆天数: 21天 / 659天
等级: 130
石头: 4020
呼符: 283
体力: 29.319999999999993 / 138
友情点: 0 / 464940`
_2024-06-13 04:36:43_
--------
*0aef84db5226d670f527438090555540*
`登陆天数: 21天 / 658天
等级: 130
石头: 4029
呼符: 266
体力: 29.293333333333337 / 138
友情点: 0 / 464130`
_2024-06-13 04:36:51_
--------
*598d48a432718df785414f903a3c1ca6*
`登陆天数: 21天 / 658天
等级: 130
石头: 4064
呼符: 314
体力: 29.266666666666666 / 138
友情点: 0 / 463935`
_2024-06-13 04:36:58_
--------
*e70c5fbb86b56b8d13b0d75e15a2b660*
`登陆天数: 21天 / 659天
等级: 130
石头: 4066
呼符: 35
体力: 29.239999999999995 / 138
友情点: 0 / 464025`
_2024-06-13 04:37:06_
--------
*2fd782c4dc0ebf482af4dd92aadb2e11*
`登陆天数: 21天 / 659天
等级: 130
石头: 4068
呼符: 261
体力: 29.209999999999994 / 138
友情点: 0 / 467230`
_2024-06-13 04:37:14_
--------
*fba1cc9af4246db78526318adfd5e915*
`登陆天数: 21天 / 659天
等级: 130
石头: 4055
呼符: 331
体力: 29.183333333333337 / 138
友情点: 0 / 464865`
_2024-06-13 04:37:22_
--------
*58113125fd8e6e7daa6886570d01a5e1*
`登陆天数: 21天 / 658天
等级: 130
石头: 4010
呼符: 24
体力: 17909.75 / 138
友情点: 0 / 468535`
_2024-06-13 04:37:29_
--------
