【登录信息】
*b0be8ec3c973f045a4ae91cf2d997f5f*
`登陆天数: 22天 / 660天
等级: 130
石头: 4065
呼符: 211
体力: 30.319999999999993 / 138
友情点: 0 / 459185`
_2024-06-14 04:30:32_
--------
*eb2249351f62e8f53edd212e354b4ab0*
`登陆天数: 22天 / 659天
等级: 130
石头: 4054
呼符: 290
体力: 30.293333333333337 / 138
友情点: 0 / 459660`
_2024-06-14 04:30:39_
--------
*75e790417deaedf66a35fa3ab3f26639*
`登陆天数: 22天 / 660天
等级: 130
石头: 4064
呼符: 211
体力: 30.263333333333335 / 138
友情点: 0 / 460770`
_2024-06-14 04:30:47_
--------
*00a84f6e84e13de772bf49acefa6fc7e*
`登陆天数: 22天 / 660天
等级: 130
石头: 4061
呼符: 35
体力: 30.236666666666665 / 138
友情点: 0 / 462310`
_2024-06-14 04:30:54_
--------
*25b5b0980a09bb194720b885c2db93c1*
`登陆天数: 22天 / 659天
等级: 130
石头: 4053
呼符: 230
体力: 30.206666666666663 / 138
友情点: 0 / 461690`
_2024-06-14 04:31:02_
--------
*c18683b9479c8ce71d91e4c7be7f9e76*
`登陆天数: 22天 / 659天
等级: 130
石头: 4060
呼符: 284
体力: 30.180000000000007 / 138
友情点: 0 / 460385`
_2024-06-14 04:31:10_
--------
*0e1bd5e231db09692ee34cf2c0b70d51*
`登陆天数: 22天 / 659天
等级: 130
石头: 4069
呼符: 76
体力: 30.153333333333336 / 138
友情点: 0 / 461375`
_2024-06-14 04:31:17_
--------
*b47dbe145b08f3cfbe87b7807296db90*
`登陆天数: 22天 / 659天
等级: 130
石头: 4061
呼符: 72
体力: 30.126666666666665 / 138
友情点: 0 / 460280`
_2024-06-14 04:31:25_
--------
*b530e8c4258bfcc88af39490c55a47af*
`登陆天数: 22天 / 661天
等级: 130
石头: 4072
呼符: 66
体力: 30.096666666666664 / 138
友情点: 0 / 460815`
_2024-06-14 04:31:33_
--------
*b86c825dac1ea8f15d25f75c35fada21*
`登陆天数: 22天 / 660天
等级: 130
石头: 4073
呼符: 165
体力: 30.069999999999993 / 138
友情点: 0 / 460635`
_2024-06-14 04:31:40_
--------
*b94c54a2875840777c50a96d4d265f1f*
`登陆天数: 22天 / 659天
等级: 130
石头: 4050
呼符: 244
体力: 30.040000000000006 / 138
友情点: 0 / 461625`
_2024-06-14 04:31:48_
--------
*df8cfb9e510537bfd10243005fe97845*
`登陆天数: 22天 / 660天
等级: 130
石头: 4062
呼符: 234
体力: 30.016666666666666 / 138
友情点: 0 / 459975`
_2024-06-14 04:31:55_
--------
*67e271c2249c946385b3420be623a16f*
`登陆天数: 22天 / 659天
等级: 130
石头: 4050
呼符: 232
体力: 29.986666666666665 / 138
友情点: 0 / 460110`
_2024-06-14 04:32:03_
--------
*6cff570ebf13a96c25b0b39f4004a1de*
`登陆天数: 22天 / 659天
等级: 130
石头: 4038
呼符: 178
体力: 29.959999999999994 / 138
友情点: 0 / 461990`
_2024-06-14 04:32:10_
--------
*ac5d32649e3e9df38c2f61467831f9b8*
`登陆天数: 22天 / 659天
等级: 130
石头: 4052
呼符: 194
体力: 29.930000000000007 / 138
友情点: 0 / 460930`
_2024-06-14 04:32:18_
--------
*caac5ba732410d259f8ff56d837f7d90*
`登陆天数: 22天 / 659天
等级: 130
石头: 4060
呼符: 325
体力: 29.903333333333336 / 138
友情点: 0 / 460345`
_2024-06-14 04:32:25_
--------
*5f5f8a8d61889cb68af952c9bc50adc5*
`登陆天数: 22天 / 660天
等级: 130
石头: 4036
呼符: 194
体力: 29.876666666666665 / 138
友情点: 0 / 460135`
_2024-06-14 04:32:33_
--------
*baf9ab9f160b6298d65428c56e79a8dd*
`登陆天数: 22天 / 659天
等级: 130
石头: 4071
呼符: 263
体力: 29.846666666666664 / 138
友情点: 0 / 459510`
_2024-06-14 04:32:41_
--------
*6e2837d3f5424f813d1262f4ffee4787*
`登陆天数: 22天 / 659天
等级: 130
石头: 4062
呼符: 260
体力: 29.819999999999993 / 138
友情点: 0 / 460880`
_2024-06-14 04:32:48_
--------
*af074a2c5a2afae6484b6040d8ea3a7f*
`登陆天数: 22天 / 659天
等级: 130
石头: 4061
呼符: 122
体力: 29.793333333333337 / 138
友情点: 0 / 460595`
_2024-06-14 04:32:56_
--------
*1e2fd353db51a8006ab9d4ac0fc45db4*
`登陆天数: 22天 / 660天
等级: 130
石头: 4054
呼符: 254
体力: 29.766666666666666 / 138
友情点: 0 / 460425`
_2024-06-14 04:33:04_
--------
*41e5b952ef0c8025f198679921798a92*
`登陆天数: 22天 / 659天
等级: 130
石头: 4065
呼符: 254
体力: 29.739999999999995 / 138
友情点: 0 / 459970`
_2024-06-14 04:33:11_
--------
*507f766cf75da0b70eb68d7b324d917b*
`登陆天数: 22天 / 659天
等级: 130
石头: 4067
呼符: 275
体力: 29.71333333333334 / 138
友情点: 0 / 460020`
_2024-06-14 04:33:19_
--------
*4f2027fed62c9c49b78fd28501b77e45*
`登陆天数: 22天 / 659天
等级: 130
石头: 4069
呼符: 297
体力: 29.683333333333337 / 138
友情点: 0 / 460195`
_2024-06-14 04:33:27_
--------
*80ca42db235ad0f1272ac9859d32bc24*
`登陆天数: 22天 / 660天
等级: 130
石头: 4069
呼符: 317
体力: 29.656666666666666 / 138
友情点: 0 / 461850`
_2024-06-14 04:33:34_
--------
*6e2f7b4ef9e6081b745add320fba79f5*
`登陆天数: 22天 / 660天
等级: 130
石头: 4074
呼符: 35
体力: 29.629999999999995 / 138
友情点: 0 / 461675`
_2024-06-14 04:33:42_
--------
*fd2adbfe86cd2ad3d7255fc256b75bc2*
`登陆天数: 22天 / 660天
等级: 130
石头: 4066
呼符: 300
体力: 29.599999999999994 / 138
友情点: 0 / 460610`
_2024-06-14 04:33:50_
--------
*1d341ee0b29ad7788e8b4266705e8b76*
`登陆天数: 22天 / 659天
等级: 130
石头: 4065
呼符: 187
体力: 29.573333333333338 / 138
友情点: 0 / 460475`
_2024-06-14 04:33:57_
--------
*3d133f3c928c3e78ffbe07316572bfee*
`登陆天数: 22天 / 659天
等级: 130
石头: 4063
呼符: 278
体力: 29.546666666666667 / 138
友情点: 0 / 460365`
_2024-06-14 04:34:05_
--------
*313db5b217a08f67ab8e60718cb261e6*
`登陆天数: 22天 / 659天
等级: 130
石头: 4065
呼符: 296
体力: 29.519999999999996 / 138
友情点: 0 / 460925`
_2024-06-14 04:34:13_
--------
*274c3532571f884b74fee411bb18b2bb*
`登陆天数: 22天 / 660天
等级: 130
石头: 4068
呼符: 280
体力: 29.49333333333334 / 138
友情点: 0 / 460650`
_2024-06-14 04:34:21_
--------
*7b0d4d11086605f45fb0df9c2f892bfb*
`登陆天数: 22天 / 659天
等级: 130
石头: 4064
呼符: 246
体力: 29.47 / 138
友情点: 0 / 461765`
_2024-06-14 04:34:28_
--------
*d7ff81a6a499b582a169dc0e518ac884*
`登陆天数: 22天 / 659天
等级: 130
石头: 4062
呼符: 291
体力: 29.436666666666667 / 138
友情点: 0 / 460940`
_2024-06-14 04:34:36_
--------
*5a45bbc431edc0484aa4cb8e38d600be*
`登陆天数: 22天 / 660天
等级: 130
石头: 4053
呼符: 98
体力: 29.413333333333327 / 138
友情点: 0 / 460895`
_2024-06-14 04:34:44_
--------
*553bf7b212cc9edc421f87c00d34655d*
`登陆天数: 22天 / 659天
等级: 130
石头: 4068
呼符: 287
体力: 29.38333333333334 / 138
友情点: 0 / 460955`
_2024-06-14 04:34:51_
--------
*5ac34b6c894deb8c0e944d2cd836c59d*
`登陆天数: 22天 / 659天
等级: 130
石头: 4050
呼符: 302
体力: 29.35666666666667 / 138
友情点: 0 / 460565`
_2024-06-14 04:34:59_
--------
*bf29c812f99379270241926ddd49421b*
`登陆天数: 22天 / 659天
等级: 130
石头: 4066
呼符: 330
体力: 29.33 / 138
友情点: 0 / 459910`
_2024-06-14 04:35:06_
--------
*0bb36eaaabe7d21ca1ed912448cf945d*
`登陆天数: 22天 / 660天
等级: 130
石头: 4061
呼符: 254
体力: 29.303333333333327 / 138
友情点: 0 / 459940`
_2024-06-14 04:35:14_
--------
*1ea8c965f62327f0ad44df589ec185ae*
`登陆天数: 22天 / 659天
等级: 130
石头: 4066
呼符: 249
体力: 29.273333333333326 / 138
友情点: 0 / 461015`
_2024-06-14 04:35:21_
--------
*9ee4eadc22981537d9cf75dd4f277bc0*
`登陆天数: 22天 / 660天
等级: 130
石头: 4069
呼符: 271
体力: 29.25 / 138
友情点: 0 / 461415`
_2024-06-14 04:35:29_
--------
*8057e895fb9e70d1093a9d6290af4684*
`登陆天数: 22天 / 660天
等级: 130
石头: 4022
呼符: 290
体力: 29.22333333333333 / 138
友情点: 0 / 461455`
_2024-06-14 04:35:36_
--------
*740d4af934530c572b942a40933b2bf4*
`登陆天数: 22天 / 659天
等级: 130
石头: 4071
呼符: 291
体力: 29.193333333333328 / 138
友情点: 0 / 460540`
_2024-06-14 04:35:44_
--------
*9004025abcd141c61c179117fb88a601*
`登陆天数: 22天 / 659天
等级: 130
石头: 4063
呼符: 314
体力: 29.16666666666667 / 138
友情点: 0 / 460585`
_2024-06-14 04:35:51_
--------
*9fe4660f2c336ca246c4238fd8c583e5*
`登陆天数: 22天 / 660天
等级: 130
石头: 4020
呼符: 283
体力: 29.14 / 138
友情点: 0 / 460940`
_2024-06-14 04:35:59_
--------
*0aef84db5226d670f527438090555540*
`登陆天数: 22天 / 659天
等级: 130
石头: 4029
呼符: 266
体力: 29.11333333333333 / 138
友情点: 0 / 460130`
_2024-06-14 04:36:06_
--------
*598d48a432718df785414f903a3c1ca6*
`登陆天数: 22天 / 659天
等级: 130
石头: 4064
呼符: 314
体力: 29.08333333333333 / 138
友情点: 0 / 459935`
_2024-06-14 04:36:14_
--------
*e70c5fbb86b56b8d13b0d75e15a2b660*
`登陆天数: 22天 / 660天
等级: 130
石头: 4066
呼符: 35
体力: 29.056666666666672 / 138
友情点: 0 / 460025`
_2024-06-14 04:36:21_
--------
*2fd782c4dc0ebf482af4dd92aadb2e11*
`登陆天数: 22天 / 660天
等级: 130
石头: 4068
呼符: 261
体力: 29.02666666666667 / 138
友情点: 0 / 463230`
_2024-06-14 04:36:29_
--------
*fba1cc9af4246db78526318adfd5e915*
`登陆天数: 22天 / 660天
等级: 130
石头: 4055
呼符: 331
体力: 29.0 / 138
友情点: 0 / 460865`
_2024-06-14 04:36:36_
--------
*58113125fd8e6e7daa6886570d01a5e1*
`登陆天数: 22天 / 659天
等级: 130
石头: 4010
呼符: 24
体力: 18197.596666666668 / 138
友情点: 0 / 468535`
_2024-06-14 04:36:44_
--------
