【登录信息】
*b0be8ec3c973f045a4ae91cf2d997f5f*
`登陆天数: 24天 / 662天
等级: 130
石头: 4066
呼符: 211
体力: 30.099999999999994 / 138
友情点: 0 / 447185`
_2024-06-16 04:29:07_
--------
*eb2249351f62e8f53edd212e354b4ab0*
`登陆天数: 24天 / 661天
等级: 130
石头: 4055
呼符: 290
体力: 30.069999999999993 / 138
友情点: 0 / 447660`
_2024-06-16 04:29:15_
--------
*75e790417deaedf66a35fa3ab3f26639*
`登陆天数: 24天 / 662天
等级: 130
石头: 4065
呼符: 211
体力: 30.040000000000006 / 138
友情点: 0 / 448770`
_2024-06-16 04:29:24_
--------
*00a84f6e84e13de772bf49acefa6fc7e*
`登陆天数: 24天 / 662天
等级: 130
石头: 4062
呼符: 35
体力: 30.00666666666666 / 138
友情点: 0 / 450310`
_2024-06-16 04:29:32_
--------
*25b5b0980a09bb194720b885c2db93c1*
`登陆天数: 24天 / 661天
等级: 130
石头: 4054
呼符: 230
体力: 29.980000000000004 / 138
友情点: 0 / 449690`
_2024-06-16 04:29:40_
--------
*c18683b9479c8ce71d91e4c7be7f9e76*
`登陆天数: 24天 / 661天
等级: 130
石头: 4061
呼符: 284
体力: 29.946666666666673 / 138
友情点: 0 / 448385`
_2024-06-16 04:29:48_
--------
*0e1bd5e231db09692ee34cf2c0b70d51*
`登陆天数: 24天 / 661天
等级: 130
石头: 4070
呼符: 76
体力: 29.91666666666667 / 138
友情点: 0 / 449375`
_2024-06-16 04:29:56_
--------
*b47dbe145b08f3cfbe87b7807296db90*
`登陆天数: 24天 / 661天
等级: 130
石头: 4062
呼符: 72
体力: 29.89 / 138
友情点: 0 / 448280`
_2024-06-16 04:30:05_
--------
*b530e8c4258bfcc88af39490c55a47af*
`登陆天数: 24天 / 663天
等级: 130
石头: 4073
呼符: 66
体力: 29.86 / 138
友情点: 0 / 448815`
_2024-06-16 04:30:13_
--------
*b86c825dac1ea8f15d25f75c35fada21*
`登陆天数: 24天 / 662天
等级: 130
石头: 4074
呼符: 165
体力: 29.83 / 138
友情点: 0 / 448635`
_2024-06-16 04:30:21_
--------
*b94c54a2875840777c50a96d4d265f1f*
`登陆天数: 24天 / 661天
等级: 130
石头: 4051
呼符: 244
体力: 29.799999999999997 / 138
友情点: 0 / 449625`
_2024-06-16 04:30:29_
--------
*df8cfb9e510537bfd10243005fe97845*
`登陆天数: 24天 / 662天
等级: 130
石头: 4063
呼符: 234
体力: 29.769999999999996 / 138
友情点: 0 / 447975`
_2024-06-16 04:30:37_
--------
*67e271c2249c946385b3420be623a16f*
`登陆天数: 24天 / 661天
等级: 130
石头: 4051
呼符: 232
体力: 29.739999999999995 / 138
友情点: 0 / 448110`
_2024-06-16 04:30:46_
--------
*6cff570ebf13a96c25b0b39f4004a1de*
`登陆天数: 24天 / 661天
等级: 130
石头: 4039
呼符: 178
体力: 29.709999999999994 / 138
友情点: 0 / 449990`
_2024-06-16 04:30:54_
--------
*ac5d32649e3e9df38c2f61467831f9b8*
`登陆天数: 24天 / 661天
等级: 130
石头: 4053
呼符: 194
体力: 29.680000000000007 / 138
友情点: 0 / 448930`
_2024-06-16 04:31:02_
--------
*caac5ba732410d259f8ff56d837f7d90*
`登陆天数: 24天 / 661天
等级: 130
石头: 4061
呼符: 325
体力: 29.653333333333336 / 138
友情点: 0 / 448345`
_2024-06-16 04:31:10_
--------
*5f5f8a8d61889cb68af952c9bc50adc5*
`登陆天数: 24天 / 662天
等级: 130
石头: 4037
呼符: 194
体力: 29.623333333333335 / 138
友情点: 0 / 448135`
_2024-06-16 04:31:18_
--------
*baf9ab9f160b6298d65428c56e79a8dd*
`登陆天数: 24天 / 661天
等级: 130
石头: 4072
呼符: 263
体力: 29.596666666666664 / 138
友情点: 0 / 447510`
_2024-06-16 04:31:26_
--------
*6e2837d3f5424f813d1262f4ffee4787*
`登陆天数: 24天 / 661天
等级: 130
石头: 4063
呼符: 260
体力: 29.566666666666663 / 138
友情点: 0 / 448880`
_2024-06-16 04:31:34_
--------
*af074a2c5a2afae6484b6040d8ea3a7f*
`登陆天数: 24天 / 661天
等级: 130
石头: 4062
呼符: 122
体力: 29.53666666666666 / 138
友情点: 0 / 448595`
_2024-06-16 04:31:42_
--------
*1e2fd353db51a8006ab9d4ac0fc45db4*
`登陆天数: 24天 / 662天
等级: 130
石头: 4055
呼符: 254
体力: 29.510000000000005 / 138
友情点: 0 / 448425`
_2024-06-16 04:31:50_
--------
*41e5b952ef0c8025f198679921798a92*
`登陆天数: 24天 / 661天
等级: 130
石头: 4066
呼符: 254
体力: 29.480000000000004 / 138
友情点: 0 / 447970`
_2024-06-16 04:31:58_
--------
*507f766cf75da0b70eb68d7b324d917b*
`登陆天数: 24天 / 661天
等级: 130
石头: 4068
呼符: 275
体力: 29.450000000000003 / 138
友情点: 0 / 448020`
_2024-06-16 04:32:06_
--------
*4f2027fed62c9c49b78fd28501b77e45*
`登陆天数: 24天 / 661天
等级: 130
石头: 4070
呼符: 297
体力: 29.423333333333332 / 138
友情点: 0 / 448195`
_2024-06-16 04:32:14_
--------
*80ca42db235ad0f1272ac9859d32bc24*
`登陆天数: 24天 / 662天
等级: 130
石头: 4070
呼符: 317
体力: 29.39333333333333 / 138
友情点: 0 / 449850`
_2024-06-16 04:32:22_
--------
*6e2f7b4ef9e6081b745add320fba79f5*
`登陆天数: 24天 / 662天
等级: 130
石头: 4075
呼符: 35
体力: 29.36666666666666 / 138
友情点: 0 / 449675`
_2024-06-16 04:32:31_
--------
*fd2adbfe86cd2ad3d7255fc256b75bc2*
`登陆天数: 24天 / 662天
等级: 130
石头: 4067
呼符: 300
体力: 29.340000000000003 / 138
友情点: 0 / 448610`
_2024-06-16 04:32:39_
--------
*1d341ee0b29ad7788e8b4266705e8b76*
`登陆天数: 24天 / 661天
等级: 130
石头: 4066
呼符: 187
体力: 29.310000000000002 / 138
友情点: 0 / 448475`
_2024-06-16 04:32:47_
--------
*3d133f3c928c3e78ffbe07316572bfee*
`登陆天数: 24天 / 661天
等级: 130
石头: 4064
呼符: 278
体力: 29.28 / 138
友情点: 0 / 448365`
_2024-06-16 04:32:55_
--------
*313db5b217a08f67ab8e60718cb261e6*
`登陆天数: 24天 / 661天
等级: 130
石头: 4066
呼符: 296
体力: 29.25333333333333 / 138
友情点: 0 / 448925`
_2024-06-16 04:33:03_
--------
*274c3532571f884b74fee411bb18b2bb*
`登陆天数: 24天 / 662天
等级: 130
石头: 4069
呼符: 280
体力: 29.22333333333333 / 138
友情点: 0 / 448650`
_2024-06-16 04:33:11_
--------
*7b0d4d11086605f45fb0df9c2f892bfb*
`登陆天数: 24天 / 661天
等级: 130
石头: 4065
呼符: 246
体力: 29.193333333333328 / 138
友情点: 0 / 449765`
_2024-06-16 04:33:20_
--------
*d7ff81a6a499b582a169dc0e518ac884*
`登陆天数: 24天 / 661天
等级: 130
石头: 4063
呼符: 291
体力: 29.163333333333327 / 138
友情点: 0 / 448940`
_2024-06-16 04:33:28_
--------
*5a45bbc431edc0484aa4cb8e38d600be*
`登陆天数: 24天 / 662天
等级: 130
石头: 4054
呼符: 98
体力: 29.13333333333334 / 138
友情点: 0 / 448895`
_2024-06-16 04:33:36_
--------
*553bf7b212cc9edc421f87c00d34655d*
`登陆天数: 24天 / 661天
等级: 130
石头: 4069
呼符: 287
体力: 29.10666666666667 / 138
友情点: 0 / 448955`
_2024-06-16 04:33:44_
--------
*5ac34b6c894deb8c0e944d2cd836c59d*
`登陆天数: 24天 / 661天
等级: 130
石头: 4051
呼符: 302
体力: 29.076666666666668 / 138
友情点: 0 / 448565`
_2024-06-16 04:33:52_
--------
*bf29c812f99379270241926ddd49421b*
`登陆天数: 24天 / 661天
等级: 130
石头: 4067
呼符: 330
体力: 29.049999999999997 / 138
友情点: 0 / 447910`
_2024-06-16 04:34:00_
--------
*0bb36eaaabe7d21ca1ed912448cf945d*
`登陆天数: 24天 / 662天
等级: 130
石头: 4062
呼符: 254
体力: 29.019999999999996 / 138
友情点: 0 / 447940`
_2024-06-16 04:34:08_
--------
*1ea8c965f62327f0ad44df589ec185ae*
`登陆天数: 24天 / 661天
等级: 130
石头: 4067
呼符: 249
体力: 28.989999999999995 / 138
友情点: 0 / 449015`
_2024-06-16 04:34:16_
--------
*9ee4eadc22981537d9cf75dd4f277bc0*
`登陆天数: 24天 / 662天
等级: 130
石头: 4070
呼符: 271
体力: 28.96333333333334 / 138
友情点: 0 / 449415`
_2024-06-16 04:34:25_
--------
*8057e895fb9e70d1093a9d6290af4684*
`登陆天数: 24天 / 662天
等级: 130
石头: 4023
呼符: 290
体力: 28.936666666666667 / 138
友情点: 0 / 449455`
_2024-06-16 04:34:33_
--------
*740d4af934530c572b942a40933b2bf4*
`登陆天数: 24天 / 661天
等级: 130
石头: 4072
呼符: 291
体力: 28.906666666666666 / 138
友情点: 0 / 448540`
_2024-06-16 04:34:41_
--------
*9004025abcd141c61c179117fb88a601*
`登陆天数: 24天 / 661天
等级: 130
石头: 4064
呼符: 314
体力: 28.876666666666665 / 138
友情点: 0 / 448585`
_2024-06-16 04:34:49_
--------
*9fe4660f2c336ca246c4238fd8c583e5*
`登陆天数: 24天 / 662天
等级: 130
石头: 4021
呼符: 283
体力: 28.849999999999994 / 138
友情点: 0 / 448940`
_2024-06-16 04:34:57_
--------
*0aef84db5226d670f527438090555540*
`登陆天数: 24天 / 661天
等级: 130
石头: 4030
呼符: 266
体力: 28.819999999999993 / 138
友情点: 0 / 448130`
_2024-06-16 04:35:05_
--------
*598d48a432718df785414f903a3c1ca6*
`登陆天数: 24天 / 661天
等级: 130
石头: 4065
呼符: 314
体力: 28.790000000000006 / 138
友情点: 0 / 447935`
_2024-06-16 04:35:14_
--------
*e70c5fbb86b56b8d13b0d75e15a2b660*
`登陆天数: 24天 / 662天
等级: 130
石头: 4067
呼符: 35
体力: 28.766666666666666 / 138
友情点: 0 / 448025`
_2024-06-16 04:35:22_
--------
*2fd782c4dc0ebf482af4dd92aadb2e11*
`登陆天数: 24天 / 662天
等级: 130
石头: 4069
呼符: 261
体力: 28.736666666666665 / 138
友情点: 0 / 451230`
_2024-06-16 04:35:30_
--------
*fba1cc9af4246db78526318adfd5e915*
`登陆天数: 24天 / 662天
等级: 130
石头: 4056
呼符: 331
体力: 28.709999999999994 / 138
友情点: 0 / 448865`
_2024-06-16 04:35:38_
--------
*58113125fd8e6e7daa6886570d01a5e1*
`登陆天数: 24天 / 661天
等级: 130
石头: 4010
呼符: 24
体力: 18773.406666666666 / 138
友情点: 0 / 468535`
_2024-06-16 04:35:47_
--------
