【登录信息】
*b0be8ec3c973f045a4ae91cf2d997f5f*
`登陆天数: 25天 / 663天
等级: 130
石头: 4067
呼符: 211
体力: 30.46666666666667 / 138
友情点: 0 / 441185`
_2024-06-17 04:33:15_
--------
*eb2249351f62e8f53edd212e354b4ab0*
`登陆天数: 25天 / 662天
等级: 130
石头: 4056
呼符: 290
体力: 30.433333333333337 / 138
友情点: 0 / 441660`
_2024-06-17 04:33:23_
--------
*75e790417deaedf66a35fa3ab3f26639*
`登陆天数: 25天 / 663天
等级: 130
石头: 4066
呼符: 211
体力: 30.400000000000006 / 138
友情点: 0 / 442770`
_2024-06-17 04:33:31_
--------
*00a84f6e84e13de772bf49acefa6fc7e*
`登陆天数: 25天 / 663天
等级: 130
石头: 4063
呼符: 35
体力: 30.370000000000005 / 138
友情点: 0 / 444310`
_2024-06-17 04:33:39_
--------
*25b5b0980a09bb194720b885c2db93c1*
`登陆天数: 25天 / 662天
等级: 130
石头: 4055
呼符: 230
体力: 30.340000000000003 / 138
友情点: 0 / 443690`
_2024-06-17 04:33:47_
--------
*c18683b9479c8ce71d91e4c7be7f9e76*
`登陆天数: 25天 / 662天
等级: 130
石头: 4062
呼符: 284
体力: 30.313333333333333 / 138
友情点: 0 / 442385`
_2024-06-17 04:33:55_
--------
*0e1bd5e231db09692ee34cf2c0b70d51*
`登陆天数: 25天 / 662天
等级: 130
石头: 4071
呼符: 76
体力: 30.28333333333333 / 138
友情点: 0 / 443375`
_2024-06-17 04:34:03_
--------
*b47dbe145b08f3cfbe87b7807296db90*
`登陆天数: 25天 / 662天
等级: 130
石头: 4063
呼符: 72
体力: 30.25333333333333 / 138
友情点: 0 / 442280`
_2024-06-17 04:34:11_
--------
*b530e8c4258bfcc88af39490c55a47af*
`登陆天数: 25天 / 664天
等级: 130
石头: 4074
呼符: 66
体力: 30.226666666666674 / 138
友情点: 0 / 442815`
_2024-06-17 04:34:20_
--------
*b86c825dac1ea8f15d25f75c35fada21*
`登陆天数: 25天 / 663天
等级: 130
石头: 4075
呼符: 165
体力: 30.193333333333328 / 138
友情点: 0 / 442635`
_2024-06-17 04:34:28_
--------
*b94c54a2875840777c50a96d4d265f1f*
`登陆天数: 25天 / 662天
等级: 130
石头: 4052
呼符: 244
体力: 30.16666666666667 / 138
友情点: 0 / 443625`
_2024-06-17 04:34:36_
--------
*df8cfb9e510537bfd10243005fe97845*
`登陆天数: 25天 / 663天
等级: 130
石头: 4064
呼符: 234
体力: 30.13666666666667 / 138
友情点: 0 / 441975`
_2024-06-17 04:34:44_
--------
*67e271c2249c946385b3420be623a16f*
`登陆天数: 25天 / 662天
等级: 130
石头: 4052
呼符: 232
体力: 30.10666666666667 / 138
友情点: 0 / 442110`
_2024-06-17 04:34:52_
--------
*6cff570ebf13a96c25b0b39f4004a1de*
`登陆天数: 25天 / 662天
等级: 130
石头: 4040
呼符: 178
体力: 30.076666666666668 / 138
友情点: 0 / 443990`
_2024-06-17 04:35:00_
--------
*ac5d32649e3e9df38c2f61467831f9b8*
`登陆天数: 25天 / 662天
等级: 130
石头: 4054
呼符: 194
体力: 30.046666666666667 / 138
友情点: 0 / 442930`
_2024-06-17 04:35:09_
--------
*caac5ba732410d259f8ff56d837f7d90*
`登陆天数: 25天 / 662天
等级: 130
石头: 4062
呼符: 325
体力: 30.016666666666666 / 138
友情点: 0 / 442345`
_2024-06-17 04:35:17_
--------
*5f5f8a8d61889cb68af952c9bc50adc5*
`登陆天数: 25天 / 663天
等级: 130
石头: 4038
呼符: 194
体力: 29.986666666666665 / 138
友情点: 0 / 442135`
_2024-06-17 04:35:25_
--------
*baf9ab9f160b6298d65428c56e79a8dd*
`登陆天数: 25天 / 662天
等级: 130
石头: 4073
呼符: 263
体力: 29.956666666666663 / 138
友情点: 0 / 441510`
_2024-06-17 04:35:33_
--------
*6e2837d3f5424f813d1262f4ffee4787*
`登陆天数: 25天 / 662天
等级: 130
石头: 4064
呼符: 260
体力: 29.923333333333332 / 138
友情点: 0 / 442880`
_2024-06-17 04:35:41_
--------
*af074a2c5a2afae6484b6040d8ea3a7f*
`登陆天数: 25天 / 662天
等级: 130
石头: 4063
呼符: 122
体力: 29.89666666666666 / 138
友情点: 0 / 442595`
_2024-06-17 04:35:48_
--------
*1e2fd353db51a8006ab9d4ac0fc45db4*
`登陆天数: 25天 / 663天
等级: 130
石头: 4056
呼符: 254
体力: 29.86666666666666 / 138
友情点: 0 / 442425`
_2024-06-17 04:35:56_
--------
*41e5b952ef0c8025f198679921798a92*
`登陆天数: 25天 / 662天
等级: 130
石头: 4067
呼符: 254
体力: 29.836666666666673 / 138
友情点: 0 / 441970`
_2024-06-17 04:36:04_
--------
*507f766cf75da0b70eb68d7b324d917b*
`登陆天数: 25天 / 662天
等级: 130
石头: 4069
呼符: 275
体力: 29.803333333333327 / 138
友情点: 0 / 442020`
_2024-06-17 04:36:12_
--------
*4f2027fed62c9c49b78fd28501b77e45*
`登陆天数: 25天 / 662天
等级: 130
石头: 4071
呼符: 297
体力: 29.773333333333326 / 138
友情点: 0 / 442195`
_2024-06-17 04:36:20_
--------
*80ca42db235ad0f1272ac9859d32bc24*
`登陆天数: 25天 / 663天
等级: 130
石头: 4071
呼符: 317
体力: 29.74333333333334 / 138
友情点: 0 / 443850`
_2024-06-17 04:36:28_
--------
*6e2f7b4ef9e6081b745add320fba79f5*
`登陆天数: 25天 / 663天
等级: 130
石头: 4076
呼符: 35
体力: 29.71333333333334 / 138
友情点: 0 / 443675`
_2024-06-17 04:36:36_
--------
*fd2adbfe86cd2ad3d7255fc256b75bc2*
`登陆天数: 25天 / 663天
等级: 130
石头: 4068
呼符: 300
体力: 29.683333333333337 / 138
友情点: 0 / 442610`
_2024-06-17 04:36:44_
--------
*1d341ee0b29ad7788e8b4266705e8b76*
`登陆天数: 25天 / 662天
等级: 130
石头: 4067
呼符: 187
体力: 29.653333333333336 / 138
友情点: 0 / 442475`
_2024-06-17 04:36:52_
--------
*3d133f3c928c3e78ffbe07316572bfee*
`登陆天数: 25天 / 662天
等级: 130
石头: 4065
呼符: 278
体力: 29.626666666666665 / 138
友情点: 0 / 442365`
_2024-06-17 04:37:00_
--------
*313db5b217a08f67ab8e60718cb261e6*
`登陆天数: 25天 / 662天
等级: 130
石头: 4067
呼符: 296
体力: 29.599999999999994 / 138
友情点: 0 / 442925`
_2024-06-17 04:37:08_
--------
*274c3532571f884b74fee411bb18b2bb*
`登陆天数: 25天 / 663天
等级: 130
石头: 4070
呼符: 280
体力: 29.566666666666663 / 138
友情点: 0 / 442650`
_2024-06-17 04:37:16_
--------
*7b0d4d11086605f45fb0df9c2f892bfb*
`登陆天数: 25天 / 662天
等级: 130
石头: 4066
呼符: 246
体力: 29.540000000000006 / 138
友情点: 0 / 443765`
_2024-06-17 04:37:24_
--------
*d7ff81a6a499b582a169dc0e518ac884*
`登陆天数: 25天 / 662天
等级: 130
石头: 4064
呼符: 291
体力: 29.50666666666666 / 138
友情点: 0 / 442940`
_2024-06-17 04:37:32_
--------
*5a45bbc431edc0484aa4cb8e38d600be*
`登陆天数: 25天 / 663天
等级: 130
石头: 4055
呼符: 98
体力: 29.47333333333333 / 138
友情点: 0 / 442895`
_2024-06-17 04:37:40_
--------
*553bf7b212cc9edc421f87c00d34655d*
`登陆天数: 25天 / 662天
等级: 130
石头: 4070
呼符: 287
体力: 29.446666666666673 / 138
友情点: 0 / 442955`
_2024-06-17 04:37:48_
--------
*5ac34b6c894deb8c0e944d2cd836c59d*
`登陆天数: 25天 / 662天
等级: 130
石头: 4052
呼符: 302
体力: 29.42 / 138
友情点: 0 / 442565`
_2024-06-17 04:37:56_
--------
*bf29c812f99379270241926ddd49421b*
`登陆天数: 25天 / 662天
等级: 130
石头: 4068
呼符: 330
体力: 29.39 / 138
友情点: 0 / 441910`
_2024-06-17 04:38:04_
--------
*0bb36eaaabe7d21ca1ed912448cf945d*
`登陆天数: 25天 / 663天
等级: 130
石头: 4063
呼符: 254
体力: 29.36 / 138
友情点: 0 / 441940`
_2024-06-17 04:38:12_
--------
*1ea8c965f62327f0ad44df589ec185ae*
`登陆天数: 25天 / 662天
等级: 130
石头: 4068
呼符: 249
体力: 29.33 / 138
友情点: 0 / 443015`
_2024-06-17 04:38:20_
--------
*9ee4eadc22981537d9cf75dd4f277bc0*
`登陆天数: 25天 / 663天
等级: 130
石头: 4071
呼符: 271
体力: 29.303333333333327 / 138
友情点: 0 / 443415`
_2024-06-17 04:38:28_
--------
*8057e895fb9e70d1093a9d6290af4684*
`登陆天数: 25天 / 663天
等级: 130
石头: 4024
呼符: 290
体力: 29.273333333333326 / 138
友情点: 0 / 443455`
_2024-06-17 04:38:36_
--------
*740d4af934530c572b942a40933b2bf4*
`登陆天数: 25天 / 662天
等级: 130
石头: 4073
呼符: 291
体力: 29.24333333333334 / 138
友情点: 0 / 442540`
_2024-06-17 04:38:44_
--------
*9004025abcd141c61c179117fb88a601*
`登陆天数: 25天 / 662天
等级: 130
石头: 4065
呼符: 314
体力: 29.21666666666667 / 138
友情点: 0 / 442585`
_2024-06-17 04:38:52_
--------
*9fe4660f2c336ca246c4238fd8c583e5*
`登陆天数: 25天 / 663天
等级: 130
石头: 4022
呼符: 283
体力: 29.189999999999998 / 138
友情点: 0 / 442940`
_2024-06-17 04:39:00_
--------
*0aef84db5226d670f527438090555540*
`登陆天数: 25天 / 662天
等级: 130
石头: 4031
呼符: 266
体力: 29.159999999999997 / 138
友情点: 0 / 442130`
_2024-06-17 04:39:08_
--------
*598d48a432718df785414f903a3c1ca6*
`登陆天数: 25天 / 662天
等级: 130
石头: 4066
呼符: 314
体力: 29.129999999999995 / 138
友情点: 0 / 441935`
_2024-06-17 04:39:16_
--------
*e70c5fbb86b56b8d13b0d75e15a2b660*
`登陆天数: 25天 / 663天
等级: 130
石头: 4068
呼符: 35
体力: 29.10333333333334 / 138
友情点: 0 / 442025`
_2024-06-17 04:39:24_
--------
*2fd782c4dc0ebf482af4dd92aadb2e11*
`登陆天数: 25天 / 663天
等级: 130
石头: 4070
呼符: 261
体力: 29.073333333333338 / 138
友情点: 0 / 445230`
_2024-06-17 04:39:32_
--------
*fba1cc9af4246db78526318adfd5e915*
`登陆天数: 25天 / 663天
等级: 130
石头: 4057
呼符: 331
体力: 29.043333333333337 / 138
友情点: 0 / 442865`
_2024-06-17 04:39:40_
--------
*58113125fd8e6e7daa6886570d01a5e1*
`登陆天数: 25天 / 662天
等级: 130
石头: 4010
呼符: 24
体力: 19062.213333333333 / 138
友情点: 0 / 468535`
_2024-06-17 04:39:49_
--------
