【登录信息】
*b0be8ec3c973f045a4ae91cf2d997f5f*
`登陆天数: 26天 / 664天
等级: 130
石头: 4067
呼符: 211
体力: 29.763333333333335 / 138
友情点: 0 / 435185`
_2024-06-18 04:29:54_
--------
*eb2249351f62e8f53edd212e354b4ab0*
`登陆天数: 26天 / 663天
等级: 130
石头: 4056
呼符: 290
体力: 29.730000000000004 / 138
友情点: 0 / 435660`
_2024-06-18 04:30:02_
--------
*75e790417deaedf66a35fa3ab3f26639*
`登陆天数: 26天 / 664天
等级: 130
石头: 4066
呼符: 211
体力: 29.696666666666673 / 138
友情点: 0 / 436770`
_2024-06-18 04:30:10_
--------
*00a84f6e84e13de772bf49acefa6fc7e*
`登陆天数: 26天 / 664天
等级: 130
石头: 4063
呼符: 35
体力: 29.66666666666667 / 138
友情点: 0 / 438310`
_2024-06-18 04:30:18_
--------
*25b5b0980a09bb194720b885c2db93c1*
`登陆天数: 26天 / 663天
等级: 130
石头: 4055
呼符: 230
体力: 29.63333333333334 / 138
友情点: 0 / 437690`
_2024-06-18 04:30:26_
--------
*c18683b9479c8ce71d91e4c7be7f9e76*
`登陆天数: 26天 / 663天
等级: 130
石头: 4062
呼符: 284
体力: 29.60333333333334 / 138
友情点: 0 / 436385`
_2024-06-18 04:30:34_
--------
*0e1bd5e231db09692ee34cf2c0b70d51*
`登陆天数: 26天 / 663天
等级: 130
石头: 4071
呼符: 76
体力: 29.569999999999993 / 138
友情点: 0 / 437375`
_2024-06-18 04:30:42_
--------
*b47dbe145b08f3cfbe87b7807296db90*
`登陆天数: 26天 / 663天
等级: 130
石头: 4063
呼符: 72
体力: 29.540000000000006 / 138
友情点: 0 / 436280`
_2024-06-18 04:30:51_
--------
*b530e8c4258bfcc88af39490c55a47af*
`登陆天数: 26天 / 665天
等级: 130
石头: 4074
呼符: 66
体力: 29.510000000000005 / 138
友情点: 0 / 436815`
_2024-06-18 04:30:59_
--------
*b86c825dac1ea8f15d25f75c35fada21*
`登陆天数: 26天 / 664天
等级: 130
石头: 4075
呼符: 165
体力: 29.483333333333334 / 138
友情点: 0 / 436635`
_2024-06-18 04:31:07_
--------
*b94c54a2875840777c50a96d4d265f1f*
`登陆天数: 26天 / 663天
等级: 130
石头: 4052
呼符: 244
体力: 29.450000000000003 / 138
友情点: 0 / 437625`
_2024-06-18 04:31:15_
--------
*df8cfb9e510537bfd10243005fe97845*
`登陆天数: 26天 / 664天
等级: 130
石头: 4064
呼符: 234
体力: 29.41666666666667 / 138
友情点: 0 / 435975`
_2024-06-18 04:31:23_
--------
*67e271c2249c946385b3420be623a16f*
`登陆天数: 26天 / 663天
等级: 130
石头: 4052
呼符: 232
体力: 29.38666666666667 / 138
友情点: 0 / 436110`
_2024-06-18 04:31:31_
--------
*6cff570ebf13a96c25b0b39f4004a1de*
`登陆天数: 26天 / 663天
等级: 130
石头: 4040
呼符: 178
体力: 29.35333333333334 / 138
友情点: 0 / 437990`
_2024-06-18 04:31:38_
--------
*ac5d32649e3e9df38c2f61467831f9b8*
`登陆天数: 26天 / 663天
等级: 130
石头: 4054
呼符: 194
体力: 29.323333333333338 / 138
友情点: 0 / 436930`
_2024-06-18 04:31:47_
--------
*caac5ba732410d259f8ff56d837f7d90*
`登陆天数: 26天 / 663天
等级: 130
石头: 4062
呼符: 325
体力: 29.293333333333337 / 138
友情点: 0 / 436345`
_2024-06-18 04:31:55_
--------
*5f5f8a8d61889cb68af952c9bc50adc5*
`登陆天数: 26天 / 664天
等级: 130
石头: 4038
呼符: 194
体力: 29.263333333333335 / 138
友情点: 0 / 436135`
_2024-06-18 04:32:03_
--------
*baf9ab9f160b6298d65428c56e79a8dd*
`登陆天数: 26天 / 663天
等级: 130
石头: 4073
呼符: 263
体力: 29.233333333333334 / 138
友情点: 0 / 435510`
_2024-06-18 04:32:11_
--------
*6e2837d3f5424f813d1262f4ffee4787*
`登陆天数: 26天 / 663天
等级: 130
石头: 4064
呼符: 260
体力: 29.200000000000003 / 138
友情点: 0 / 436880`
_2024-06-18 04:32:19_
--------
*af074a2c5a2afae6484b6040d8ea3a7f*
`登陆天数: 26天 / 663天
等级: 130
石头: 4063
呼符: 122
体力: 29.17 / 138
友情点: 0 / 436595`
_2024-06-18 04:32:27_
--------
*1e2fd353db51a8006ab9d4ac0fc45db4*
`登陆天数: 26天 / 664天
等级: 130
石头: 4056
呼符: 254
体力: 29.14333333333333 / 138
友情点: 0 / 436425`
_2024-06-18 04:32:35_
--------
*41e5b952ef0c8025f198679921798a92*
`登陆天数: 26天 / 663天
等级: 130
石头: 4067
呼符: 254
体力: 29.11333333333333 / 138
友情点: 0 / 435970`
_2024-06-18 04:32:43_
--------
*507f766cf75da0b70eb68d7b324d917b*
`登陆天数: 26天 / 663天
等级: 130
石头: 4069
呼符: 275
体力: 29.08 / 138
友情点: 0 / 436020`
_2024-06-18 04:32:51_
--------
*4f2027fed62c9c49b78fd28501b77e45*
`登陆天数: 26天 / 663天
等级: 130
石头: 4071
呼符: 297
体力: 29.053333333333327 / 138
友情点: 0 / 436195`
_2024-06-18 04:32:59_
--------
*80ca42db235ad0f1272ac9859d32bc24*
`登陆天数: 26天 / 664天
等级: 130
石头: 4071
呼符: 317
体力: 29.019999999999996 / 138
友情点: 0 / 437850`
_2024-06-18 04:33:07_
--------
*6e2f7b4ef9e6081b745add320fba79f5*
`登陆天数: 26天 / 664天
等级: 130
石头: 4076
呼符: 35
体力: 28.989999999999995 / 138
友情点: 0 / 437675`
_2024-06-18 04:33:15_
--------
*fd2adbfe86cd2ad3d7255fc256b75bc2*
`登陆天数: 26天 / 664天
等级: 130
石头: 4068
呼符: 300
体力: 28.959999999999994 / 138
友情点: 0 / 436610`
_2024-06-18 04:33:23_
--------
*1d341ee0b29ad7788e8b4266705e8b76*
`登陆天数: 26天 / 663天
等级: 130
石头: 4067
呼符: 187
体力: 28.926666666666662 / 138
友情点: 0 / 436475`
_2024-06-18 04:33:31_
--------
*3d133f3c928c3e78ffbe07316572bfee*
`登陆天数: 26天 / 663天
等级: 130
石头: 4065
呼符: 278
体力: 28.89666666666666 / 138
友情点: 0 / 436365`
_2024-06-18 04:33:39_
--------
*313db5b217a08f67ab8e60718cb261e6*
`登陆天数: 26天 / 663天
等级: 130
石头: 4067
呼符: 296
体力: 28.86666666666666 / 138
友情点: 0 / 436925`
_2024-06-18 04:33:47_
--------
*274c3532571f884b74fee411bb18b2bb*
`登陆天数: 26天 / 664天
等级: 130
石头: 4070
呼符: 280
体力: 28.836666666666673 / 138
友情点: 0 / 436650`
_2024-06-18 04:33:55_
--------
*7b0d4d11086605f45fb0df9c2f892bfb*
`登陆天数: 26天 / 663天
等级: 130
石头: 4066
呼符: 246
体力: 28.806666666666672 / 138
友情点: 0 / 437765`
_2024-06-18 04:34:03_
--------
*d7ff81a6a499b582a169dc0e518ac884*
`登陆天数: 26天 / 663天
等级: 130
石头: 4064
呼符: 291
体力: 28.77666666666667 / 138
友情点: 0 / 436940`
_2024-06-18 04:34:12_
--------
*5a45bbc431edc0484aa4cb8e38d600be*
`登陆天数: 26天 / 664天
等级: 130
石头: 4055
呼符: 98
体力: 28.74666666666667 / 138
友情点: 0 / 436895`
_2024-06-18 04:34:20_
--------
*553bf7b212cc9edc421f87c00d34655d*
`登陆天数: 26天 / 663天
等级: 130
石头: 4070
呼符: 287
体力: 28.71666666666667 / 138
友情点: 0 / 436955`
_2024-06-18 04:34:28_
--------
*5ac34b6c894deb8c0e944d2cd836c59d*
`登陆天数: 26天 / 663天
等级: 130
石头: 4052
呼符: 302
体力: 28.686666666666667 / 138
友情点: 0 / 436565`
_2024-06-18 04:34:36_
--------
*bf29c812f99379270241926ddd49421b*
`登陆天数: 26天 / 663天
等级: 130
石头: 4068
呼符: 330
体力: 28.653333333333336 / 138
友情点: 0 / 435910`
_2024-06-18 04:34:44_
--------
*0bb36eaaabe7d21ca1ed912448cf945d*
`登陆天数: 26天 / 664天
等级: 130
石头: 4063
呼符: 254
体力: 28.623333333333335 / 138
友情点: 0 / 435940`
_2024-06-18 04:34:52_
--------
*1ea8c965f62327f0ad44df589ec185ae*
`登陆天数: 26天 / 663天
等级: 130
石头: 4068
呼符: 249
体力: 28.593333333333334 / 138
友情点: 0 / 437015`
_2024-06-18 04:35:00_
--------
*9ee4eadc22981537d9cf75dd4f277bc0*
`登陆天数: 26天 / 664天
等级: 130
石头: 4071
呼符: 271
体力: 28.563333333333333 / 138
友情点: 0 / 437415`
_2024-06-18 04:35:08_
--------
*8057e895fb9e70d1093a9d6290af4684*
`登陆天数: 26天 / 664天
等级: 130
石头: 4024
呼符: 290
体力: 28.53333333333333 / 138
友情点: 0 / 437455`
_2024-06-18 04:35:16_
--------
*740d4af934530c572b942a40933b2bf4*
`登陆天数: 26天 / 663天
等级: 130
石头: 4073
呼符: 291
体力: 28.50666666666666 / 138
友情点: 0 / 436540`
_2024-06-18 04:35:24_
--------
*9004025abcd141c61c179117fb88a601*
`登陆天数: 26天 / 663天
等级: 130
石头: 4065
呼符: 314
体力: 28.47333333333333 / 138
友情点: 0 / 436585`
_2024-06-18 04:35:32_
--------
*9fe4660f2c336ca246c4238fd8c583e5*
`登陆天数: 26天 / 664天
等级: 130
石头: 4022
呼符: 283
体力: 28.443333333333328 / 138
友情点: 0 / 436940`
_2024-06-18 04:35:40_
--------
*0aef84db5226d670f527438090555540*
`登陆天数: 26天 / 663天
等级: 130
石头: 4031
呼符: 266
体力: 28.409999999999997 / 138
友情点: 0 / 436130`
_2024-06-18 04:35:48_
--------
*598d48a432718df785414f903a3c1ca6*
`登陆天数: 26天 / 663天
等级: 130
石头: 4066
呼符: 314
体力: 28.38333333333334 / 138
友情点: 0 / 435935`
_2024-06-18 04:35:56_
--------
*e70c5fbb86b56b8d13b0d75e15a2b660*
`登陆天数: 26天 / 664天
等级: 130
石头: 4068
呼符: 35
体力: 28.35333333333334 / 138
友情点: 0 / 436025`
_2024-06-18 04:36:04_
--------
*2fd782c4dc0ebf482af4dd92aadb2e11*
`登陆天数: 26天 / 664天
等级: 130
石头: 4070
呼符: 261
体力: 28.33 / 138
友情点: 0 / 439230`
_2024-06-18 04:36:12_
--------
*fba1cc9af4246db78526318adfd5e915*
`登陆天数: 26天 / 664天
等级: 130
石头: 4057
呼符: 331
体力: 28.293333333333337 / 138
友情点: 0 / 436865`
_2024-06-18 04:36:20_
--------
*58113125fd8e6e7daa6886570d01a5e1*
`登陆天数: 26天 / 663天
等级: 130
石头: 4010
呼符: 24
体力: 19349.543333333335 / 138
友情点: 0 / 468535`
_2024-06-18 04:36:28_
--------
