【登录信息】
*b0be8ec3c973f045a4ae91cf2d997f5f*
`登陆天数: 28天 / 666天
等级: 130
石头: 4075
呼符: 212
体力: 29.846666666666664 / 138
友情点: 0 / 423185`
_2024-06-20 04:28:32_
--------
*eb2249351f62e8f53edd212e354b4ab0*
`登陆天数: 28天 / 665天
等级: 130
石头: 4064
呼符: 291
体力: 29.819999999999993 / 138
友情点: 0 / 423660`
_2024-06-20 04:28:40_
--------
*75e790417deaedf66a35fa3ab3f26639*
`登陆天数: 28天 / 666天
等级: 130
石头: 4074
呼符: 212
体力: 29.793333333333337 / 138
友情点: 0 / 424770`
_2024-06-20 04:28:49_
--------
*00a84f6e84e13de772bf49acefa6fc7e*
`登陆天数: 28天 / 666天
等级: 130
石头: 4071
呼符: 36
体力: 29.766666666666666 / 138
友情点: 0 / 426310`
_2024-06-20 04:28:57_
--------
*25b5b0980a09bb194720b885c2db93c1*
`登陆天数: 28天 / 665天
等级: 130
石头: 4063
呼符: 231
体力: 29.736666666666665 / 138
友情点: 0 / 425690`
_2024-06-20 04:29:06_
--------
*c18683b9479c8ce71d91e4c7be7f9e76*
`登陆天数: 28天 / 665天
等级: 130
石头: 4070
呼符: 285
体力: 29.706666666666663 / 138
友情点: 0 / 424385`
_2024-06-20 04:29:14_
--------
*0e1bd5e231db09692ee34cf2c0b70d51*
`登陆天数: 28天 / 665天
等级: 130
石头: 4079
呼符: 77
体力: 29.680000000000007 / 138
友情点: 0 / 425375`
_2024-06-20 04:29:22_
--------
*b47dbe145b08f3cfbe87b7807296db90*
`登陆天数: 28天 / 665天
等级: 130
石头: 4071
呼符: 73
体力: 29.64666666666666 / 138
友情点: 0 / 424280`
_2024-06-20 04:29:30_
--------
*b530e8c4258bfcc88af39490c55a47af*
`登陆天数: 28天 / 667天
等级: 130
石头: 4082
呼符: 67
体力: 29.620000000000005 / 138
友情点: 0 / 424815`
_2024-06-20 04:29:38_
--------
*b86c825dac1ea8f15d25f75c35fada21*
`登陆天数: 28天 / 666天
等级: 130
石头: 4083
呼符: 166
体力: 29.590000000000003 / 138
友情点: 0 / 424635`
_2024-06-20 04:29:47_
--------
*b94c54a2875840777c50a96d4d265f1f*
`登陆天数: 28天 / 665天
等级: 130
石头: 4060
呼符: 245
体力: 29.563333333333333 / 138
友情点: 0 / 425625`
_2024-06-20 04:29:55_
--------
*df8cfb9e510537bfd10243005fe97845*
`登陆天数: 28天 / 666天
等级: 130
石头: 4072
呼符: 235
体力: 29.540000000000006 / 138
友情点: 0 / 423975`
_2024-06-20 04:30:03_
--------
*67e271c2249c946385b3420be623a16f*
`登陆天数: 28天 / 665天
等级: 130
石头: 4060
呼符: 233
体力: 29.510000000000005 / 138
友情点: 0 / 424110`
_2024-06-20 04:30:11_
--------
*6cff570ebf13a96c25b0b39f4004a1de*
`登陆天数: 28天 / 665天
等级: 130
石头: 4048
呼符: 179
体力: 29.476666666666674 / 138
友情点: 0 / 425990`
_2024-06-20 04:30:19_
--------
*ac5d32649e3e9df38c2f61467831f9b8*
`登陆天数: 28天 / 665天
等级: 130
石头: 4062
呼符: 195
体力: 29.446666666666673 / 138
友情点: 0 / 424930`
_2024-06-20 04:30:27_
--------
*caac5ba732410d259f8ff56d837f7d90*
`登陆天数: 28天 / 665天
等级: 130
石头: 4070
呼符: 326
体力: 29.41666666666667 / 138
友情点: 0 / 424345`
_2024-06-20 04:30:36_
--------
*5f5f8a8d61889cb68af952c9bc50adc5*
`登陆天数: 28天 / 666天
等级: 130
石头: 4046
呼符: 195
体力: 29.39 / 138
友情点: 0 / 424135`
_2024-06-20 04:30:44_
--------
*baf9ab9f160b6298d65428c56e79a8dd*
`登陆天数: 28天 / 665天
等级: 130
石头: 4081
呼符: 264
体力: 29.36333333333333 / 138
友情点: 0 / 423510`
_2024-06-20 04:30:52_
--------
*6e2837d3f5424f813d1262f4ffee4787*
`登陆天数: 28天 / 665天
等级: 130
石头: 4072
呼符: 261
体力: 29.33333333333333 / 138
友情点: 0 / 424880`
_2024-06-20 04:31:00_
--------
*af074a2c5a2afae6484b6040d8ea3a7f*
`登陆天数: 28天 / 665天
等级: 130
石头: 4071
呼符: 123
体力: 29.306666666666672 / 138
友情点: 0 / 424595`
_2024-06-20 04:31:08_
--------
*1e2fd353db51a8006ab9d4ac0fc45db4*
`登陆天数: 28天 / 666天
等级: 130
石头: 4064
呼符: 255
体力: 29.27666666666667 / 138
友情点: 0 / 424425`
_2024-06-20 04:31:16_
--------
*41e5b952ef0c8025f198679921798a92*
`登陆天数: 28天 / 665天
等级: 130
石头: 4075
呼符: 255
体力: 29.25 / 138
友情点: 0 / 423970`
_2024-06-20 04:31:24_
--------
*507f766cf75da0b70eb68d7b324d917b*
`登陆天数: 28天 / 665天
等级: 130
石头: 4077
呼符: 276
体力: 29.230000000000004 / 138
友情点: 0 / 424020`
_2024-06-20 04:31:32_
--------
*4f2027fed62c9c49b78fd28501b77e45*
`登陆天数: 28天 / 665天
等级: 130
石头: 4079
呼符: 298
体力: 29.200000000000003 / 138
友情点: 0 / 424195`
_2024-06-20 04:31:40_
--------
*80ca42db235ad0f1272ac9859d32bc24*
`登陆天数: 28天 / 666天
等级: 130
石头: 4079
呼符: 318
体力: 29.17 / 138
友情点: 0 / 425850`
_2024-06-20 04:31:48_
--------
*6e2f7b4ef9e6081b745add320fba79f5*
`登陆天数: 28天 / 666天
等级: 130
石头: 4084
呼符: 36
体力: 29.14 / 138
友情点: 0 / 425675`
_2024-06-20 04:31:57_
--------
*fd2adbfe86cd2ad3d7255fc256b75bc2*
`登陆天数: 28天 / 666天
等级: 130
石头: 4076
呼符: 301
体力: 29.11333333333333 / 138
友情点: 0 / 424610`
_2024-06-20 04:32:05_
--------
*1d341ee0b29ad7788e8b4266705e8b76*
`登陆天数: 28天 / 665天
等级: 130
石头: 4075
呼符: 188
体力: 29.08333333333333 / 138
友情点: 0 / 424475`
_2024-06-20 04:32:13_
--------
*3d133f3c928c3e78ffbe07316572bfee*
`登陆天数: 28天 / 665天
等级: 130
石头: 4073
呼符: 279
体力: 29.053333333333327 / 138
友情点: 0 / 424365`
_2024-06-20 04:32:21_
--------
*313db5b217a08f67ab8e60718cb261e6*
`登陆天数: 28天 / 665天
等级: 130
石头: 4075
呼符: 297
体力: 29.023333333333326 / 138
友情点: 0 / 424925`
_2024-06-20 04:32:30_
--------
*274c3532571f884b74fee411bb18b2bb*
`登陆天数: 28天 / 666天
等级: 130
石头: 4078
呼符: 281
体力: 28.99666666666667 / 138
友情点: 0 / 424650`
_2024-06-20 04:32:38_
--------
*7b0d4d11086605f45fb0df9c2f892bfb*
`登陆天数: 28天 / 665天
等级: 130
石头: 4074
呼符: 247
体力: 28.96666666666667 / 138
友情点: 0 / 425765`
_2024-06-20 04:32:46_
--------
*d7ff81a6a499b582a169dc0e518ac884*
`登陆天数: 28天 / 665天
等级: 130
石头: 4072
呼符: 292
体力: 28.936666666666667 / 138
友情点: 0 / 424940`
_2024-06-20 04:32:54_
--------
*5a45bbc431edc0484aa4cb8e38d600be*
`登陆天数: 28天 / 666天
等级: 130
石头: 4063
呼符: 99
体力: 28.909999999999997 / 138
友情点: 0 / 424895`
_2024-06-20 04:33:03_
--------
*553bf7b212cc9edc421f87c00d34655d*
`登陆天数: 28天 / 665天
等级: 130
石头: 4078
呼符: 288
体力: 28.88333333333334 / 138
友情点: 0 / 424955`
_2024-06-20 04:33:11_
--------
*5ac34b6c894deb8c0e944d2cd836c59d*
`登陆天数: 28天 / 665天
等级: 130
石头: 4060
呼符: 303
体力: 28.85333333333334 / 138
友情点: 0 / 424565`
_2024-06-20 04:33:19_
--------
*bf29c812f99379270241926ddd49421b*
`登陆天数: 28天 / 665天
等级: 130
石头: 4076
呼符: 331
体力: 28.823333333333338 / 138
友情点: 0 / 423910`
_2024-06-20 04:33:27_
--------
*0bb36eaaabe7d21ca1ed912448cf945d*
`登陆天数: 28天 / 666天
等级: 130
石头: 4071
呼符: 255
体力: 28.796666666666667 / 138
友情点: 0 / 423940`
_2024-06-20 04:33:36_
--------
*1ea8c965f62327f0ad44df589ec185ae*
`登陆天数: 28天 / 665天
等级: 130
石头: 4076
呼符: 250
体力: 28.766666666666666 / 138
友情点: 0 / 425015`
_2024-06-20 04:33:44_
--------
*9ee4eadc22981537d9cf75dd4f277bc0*
`登陆天数: 28天 / 666天
等级: 130
石头: 4079
呼符: 272
体力: 28.736666666666665 / 138
友情点: 0 / 425415`
_2024-06-20 04:33:52_
--------
*8057e895fb9e70d1093a9d6290af4684*
`登陆天数: 28天 / 666天
等级: 130
石头: 4032
呼符: 291
体力: 28.706666666666663 / 138
友情点: 0 / 425455`
_2024-06-20 04:34:00_
--------
*740d4af934530c572b942a40933b2bf4*
`登陆天数: 28天 / 665天
等级: 130
石头: 4081
呼符: 292
体力: 28.680000000000007 / 138
友情点: 0 / 424540`
_2024-06-20 04:34:08_
--------
*9004025abcd141c61c179117fb88a601*
`登陆天数: 28天 / 665天
等级: 130
石头: 4073
呼符: 315
体力: 28.650000000000006 / 138
友情点: 0 / 424585`
_2024-06-20 04:34:16_
--------
*9fe4660f2c336ca246c4238fd8c583e5*
`登陆天数: 28天 / 666天
等级: 130
石头: 4030
呼符: 284
体力: 28.620000000000005 / 138
友情点: 0 / 424940`
_2024-06-20 04:34:24_
--------
*0aef84db5226d670f527438090555540*
`登陆天数: 28天 / 665天
等级: 130
石头: 4039
呼符: 267
体力: 28.593333333333334 / 138
友情点: 0 / 424130`
_2024-06-20 04:34:33_
--------
*598d48a432718df785414f903a3c1ca6*
`登陆天数: 28天 / 665天
等级: 130
石头: 4074
呼符: 315
体力: 28.563333333333333 / 138
友情点: 0 / 423935`
_2024-06-20 04:34:41_
--------
*e70c5fbb86b56b8d13b0d75e15a2b660*
`登陆天数: 28天 / 666天
等级: 130
石头: 4076
呼符: 36
体力: 28.53333333333333 / 138
友情点: 0 / 424025`
_2024-06-20 04:34:49_
--------
*2fd782c4dc0ebf482af4dd92aadb2e11*
`登陆天数: 28天 / 666天
等级: 130
石头: 4078
呼符: 262
体力: 28.50333333333333 / 138
友情点: 0 / 427230`
_2024-06-20 04:34:58_
--------
*fba1cc9af4246db78526318adfd5e915*
`登陆天数: 28天 / 666天
等级: 130
石头: 4065
呼符: 332
体力: 28.47333333333333 / 138
友情点: 0 / 424865`
_2024-06-20 04:35:06_
--------
*58113125fd8e6e7daa6886570d01a5e1*
`登陆天数: 28天 / 665天
等级: 130
石头: 4010
呼符: 24
体力: 19925.3 / 138
友情点: 0 / 468535`
_2024-06-20 04:35:14_
--------
