【登录信息】
*b0be8ec3c973f045a4ae91cf2d997f5f*
`登陆天数: 29天 / 667天
等级: 130
石头: 4075
呼符: 212
体力: 29.85333333333334 / 138
友情点: 0 / 419185`
_2024-06-21 04:30:33_
--------
*eb2249351f62e8f53edd212e354b4ab0*
`登陆天数: 29天 / 666天
等级: 130
石头: 4064
呼符: 291
体力: 29.823333333333338 / 138
友情点: 0 / 419660`
_2024-06-21 04:30:41_
--------
*75e790417deaedf66a35fa3ab3f26639*
`登陆天数: 29天 / 667天
等级: 130
石头: 4074
呼符: 212
体力: 29.796666666666667 / 138
友情点: 0 / 420770`
_2024-06-21 04:30:49_
--------
*00a84f6e84e13de772bf49acefa6fc7e*
`登陆天数: 29天 / 667天
等级: 130
石头: 4071
呼符: 36
体力: 29.769999999999996 / 138
友情点: 0 / 422310`
_2024-06-21 04:30:56_
--------
*25b5b0980a09bb194720b885c2db93c1*
`登陆天数: 29天 / 666天
等级: 130
石头: 4063
呼符: 231
体力: 29.739999999999995 / 138
友情点: 0 / 421690`
_2024-06-21 04:31:04_
--------
*c18683b9479c8ce71d91e4c7be7f9e76*
`登陆天数: 29天 / 666天
等级: 130
石头: 4070
呼符: 285
体力: 29.71333333333334 / 138
友情点: 0 / 420385`
_2024-06-21 04:31:12_
--------
*0e1bd5e231db09692ee34cf2c0b70d51*
`登陆天数: 29天 / 666天
等级: 130
石头: 4079
呼符: 77
体力: 29.683333333333337 / 138
友情点: 0 / 421375`
_2024-06-21 04:31:19_
--------
*b47dbe145b08f3cfbe87b7807296db90*
`登陆天数: 29天 / 666天
等级: 130
石头: 4071
呼符: 73
体力: 29.653333333333336 / 138
友情点: 0 / 420280`
_2024-06-21 04:31:27_
--------
*b530e8c4258bfcc88af39490c55a47af*
`登陆天数: 29天 / 668天
等级: 130
石头: 4082
呼符: 67
体力: 29.626666666666665 / 138
友情点: 0 / 420815`
_2024-06-21 04:31:34_
--------
*b86c825dac1ea8f15d25f75c35fada21*
`登陆天数: 29天 / 667天
等级: 130
石头: 4083
呼符: 166
体力: 29.599999999999994 / 138
友情点: 0 / 420635`
_2024-06-21 04:31:42_
--------
*b94c54a2875840777c50a96d4d265f1f*
`登陆天数: 29天 / 666天
等级: 130
石头: 4060
呼符: 245
体力: 29.569999999999993 / 138
友情点: 0 / 421625`
_2024-06-21 04:31:50_
--------
*df8cfb9e510537bfd10243005fe97845*
`登陆天数: 29天 / 667天
等级: 130
石头: 4072
呼符: 235
体力: 29.540000000000006 / 138
友情点: 0 / 419975`
_2024-06-21 04:31:57_
--------
*67e271c2249c946385b3420be623a16f*
`登陆天数: 29天 / 666天
等级: 130
石头: 4060
呼符: 233
体力: 29.513333333333335 / 138
友情点: 0 / 420110`
_2024-06-21 04:32:05_
--------
*6cff570ebf13a96c25b0b39f4004a1de*
`登陆天数: 29天 / 666天
等级: 130
石头: 4048
呼符: 179
体力: 29.483333333333334 / 138
友情点: 0 / 421990`
_2024-06-21 04:32:13_
--------
*ac5d32649e3e9df38c2f61467831f9b8*
`登陆天数: 29天 / 666天
等级: 130
石头: 4062
呼符: 195
体力: 29.456666666666663 / 138
友情点: 0 / 420930`
_2024-06-21 04:32:21_
--------
*caac5ba732410d259f8ff56d837f7d90*
`登陆天数: 29天 / 666天
等级: 130
石头: 4070
呼符: 326
体力: 29.426666666666662 / 138
友情点: 0 / 420345`
_2024-06-21 04:32:28_
--------
*5f5f8a8d61889cb68af952c9bc50adc5*
`登陆天数: 29天 / 667天
等级: 130
石头: 4046
呼符: 195
体力: 29.39333333333333 / 138
友情点: 0 / 420135`
_2024-06-21 04:32:36_
--------
*baf9ab9f160b6298d65428c56e79a8dd*
`登陆天数: 29天 / 666天
等级: 130
石头: 4081
呼符: 264
体力: 29.36666666666666 / 138
友情点: 0 / 419510`
_2024-06-21 04:32:43_
--------
*6e2837d3f5424f813d1262f4ffee4787*
`登陆天数: 29天 / 666天
等级: 130
石头: 4072
呼符: 261
体力: 29.336666666666673 / 138
友情点: 0 / 420880`
_2024-06-21 04:32:51_
--------
*af074a2c5a2afae6484b6040d8ea3a7f*
`登陆天数: 29天 / 666天
等级: 130
石头: 4071
呼符: 123
体力: 29.306666666666672 / 138
友情点: 0 / 420595`
_2024-06-21 04:32:58_
--------
*1e2fd353db51a8006ab9d4ac0fc45db4*
`登陆天数: 29天 / 667天
等级: 130
石头: 4064
呼符: 255
体力: 29.27666666666667 / 138
友情点: 0 / 420425`
_2024-06-21 04:33:06_
--------
*41e5b952ef0c8025f198679921798a92*
`登陆天数: 29天 / 666天
等级: 130
石头: 4075
呼符: 255
体力: 29.24666666666667 / 138
友情点: 0 / 419970`
_2024-06-21 04:33:14_
--------
*507f766cf75da0b70eb68d7b324d917b*
`登陆天数: 29天 / 666天
等级: 130
石头: 4077
呼符: 276
体力: 29.21666666666667 / 138
友情点: 0 / 420020`
_2024-06-21 04:33:21_
--------
*4f2027fed62c9c49b78fd28501b77e45*
`登陆天数: 29天 / 666天
等级: 130
石头: 4079
呼符: 298
体力: 29.183333333333337 / 138
友情点: 0 / 420195`
_2024-06-21 04:33:29_
--------
*80ca42db235ad0f1272ac9859d32bc24*
`登陆天数: 29天 / 667天
等级: 130
石头: 4079
呼符: 318
体力: 29.153333333333336 / 138
友情点: 0 / 421850`
_2024-06-21 04:33:37_
--------
*6e2f7b4ef9e6081b745add320fba79f5*
`登陆天数: 29天 / 667天
等级: 130
石头: 4084
呼符: 36
体力: 29.123333333333335 / 138
友情点: 0 / 421675`
_2024-06-21 04:33:44_
--------
*fd2adbfe86cd2ad3d7255fc256b75bc2*
`登陆天数: 29天 / 667天
等级: 130
石头: 4076
呼符: 301
体力: 29.093333333333334 / 138
友情点: 0 / 420610`
_2024-06-21 04:33:52_
--------
*1d341ee0b29ad7788e8b4266705e8b76*
`登陆天数: 29天 / 666天
等级: 130
石头: 4075
呼符: 188
体力: 29.063333333333333 / 138
友情点: 0 / 420475`
_2024-06-21 04:34:00_
--------
*3d133f3c928c3e78ffbe07316572bfee*
`登陆天数: 29天 / 666天
等级: 130
石头: 4073
呼符: 279
体力: 29.03333333333333 / 138
友情点: 0 / 420365`
_2024-06-21 04:34:07_
--------
*313db5b217a08f67ab8e60718cb261e6*
`登陆天数: 29天 / 666天
等级: 130
石头: 4075
呼符: 297
体力: 29.00333333333333 / 138
友情点: 0 / 420925`
_2024-06-21 04:34:15_
--------
*274c3532571f884b74fee411bb18b2bb*
`登陆天数: 29天 / 667天
等级: 130
石头: 4078
呼符: 281
体力: 28.97 / 138
友情点: 0 / 420650`
_2024-06-21 04:34:23_
--------
*7b0d4d11086605f45fb0df9c2f892bfb*
`登陆天数: 29天 / 666天
等级: 130
石头: 4074
呼符: 247
体力: 28.943333333333328 / 138
友情点: 0 / 421765`
_2024-06-21 04:34:30_
--------
*d7ff81a6a499b582a169dc0e518ac884*
`登陆天数: 29天 / 666天
等级: 130
石头: 4072
呼符: 292
体力: 28.913333333333327 / 138
友情点: 0 / 420940`
_2024-06-21 04:34:38_
--------
*5a45bbc431edc0484aa4cb8e38d600be*
`登陆天数: 29天 / 667天
等级: 130
石头: 4063
呼符: 99
体力: 28.879999999999995 / 138
友情点: 0 / 420895`
_2024-06-21 04:34:46_
--------
*553bf7b212cc9edc421f87c00d34655d*
`登陆天数: 29天 / 666天
等级: 130
石头: 4078
呼符: 288
体力: 28.85333333333334 / 138
友情点: 0 / 420955`
_2024-06-21 04:34:53_
--------
*5ac34b6c894deb8c0e944d2cd836c59d*
`登陆天数: 29天 / 666天
等级: 130
石头: 4060
呼符: 303
体力: 28.819999999999993 / 138
友情点: 0 / 420565`
_2024-06-21 04:35:01_
--------
*bf29c812f99379270241926ddd49421b*
`登陆天数: 29天 / 666天
等级: 130
石头: 4076
呼符: 331
体力: 28.78666666666666 / 138
友情点: 0 / 419910`
_2024-06-21 04:35:09_
--------
*0bb36eaaabe7d21ca1ed912448cf945d*
`登陆天数: 29天 / 667天
等级: 130
石头: 4071
呼符: 255
体力: 28.75666666666666 / 138
友情点: 0 / 419940`
_2024-06-21 04:35:16_
--------
*1ea8c965f62327f0ad44df589ec185ae*
`登陆天数: 29天 / 666天
等级: 130
石头: 4076
呼符: 250
体力: 28.72333333333333 / 138
友情点: 0 / 421015`
_2024-06-21 04:35:24_
--------
*9ee4eadc22981537d9cf75dd4f277bc0*
`登陆天数: 29天 / 667天
等级: 130
石头: 4079
呼符: 272
体力: 28.696666666666673 / 138
友情点: 0 / 421415`
_2024-06-21 04:35:31_
--------
*8057e895fb9e70d1093a9d6290af4684*
`登陆天数: 29天 / 667天
等级: 130
石头: 4032
呼符: 291
体力: 28.66666666666667 / 138
友情点: 0 / 421455`
_2024-06-21 04:35:39_
--------
*740d4af934530c572b942a40933b2bf4*
`登陆天数: 29天 / 666天
等级: 130
石头: 4081
呼符: 292
体力: 28.64 / 138
友情点: 0 / 420540`
_2024-06-21 04:35:47_
--------
*9004025abcd141c61c179117fb88a601*
`登陆天数: 29天 / 666天
等级: 130
石头: 4073
呼符: 315
体力: 28.60666666666667 / 138
友情点: 0 / 420585`
_2024-06-21 04:35:55_
--------
*9fe4660f2c336ca246c4238fd8c583e5*
`登陆天数: 29天 / 667天
等级: 130
石头: 4030
呼符: 284
体力: 28.58 / 138
友情点: 0 / 420940`
_2024-06-21 04:36:02_
--------
*0aef84db5226d670f527438090555540*
`登陆天数: 29天 / 666天
等级: 130
石头: 4039
呼符: 267
体力: 28.549999999999997 / 138
友情点: 0 / 420130`
_2024-06-21 04:36:10_
--------
*598d48a432718df785414f903a3c1ca6*
`登陆天数: 29天 / 666天
等级: 130
石头: 4074
呼符: 315
体力: 28.519999999999996 / 138
友情点: 0 / 419935`
_2024-06-21 04:36:18_
--------
*e70c5fbb86b56b8d13b0d75e15a2b660*
`登陆天数: 29天 / 667天
等级: 130
石头: 4076
呼符: 36
体力: 28.489999999999995 / 138
友情点: 0 / 420025`
_2024-06-21 04:36:26_
--------
*2fd782c4dc0ebf482af4dd92aadb2e11*
`登陆天数: 29天 / 667天
等级: 130
石头: 4078
呼符: 262
体力: 28.46333333333334 / 138
友情点: 0 / 423230`
_2024-06-21 04:36:33_
--------
*fba1cc9af4246db78526318adfd5e915*
`登陆天数: 29天 / 667天
等级: 130
石头: 4065
呼符: 332
体力: 28.433333333333337 / 138
友情点: 0 / 420865`
_2024-06-21 04:36:41_
--------
*58113125fd8e6e7daa6886570d01a5e1*
`登陆天数: 29天 / 666天
等级: 130
石头: 4010
呼符: 24
体力: 20213.613333333335 / 138
友情点: 0 / 468535`
_2024-06-21 04:36:49_
--------
