【登录信息】
*b0be8ec3c973f045a4ae91cf2d997f5f*
`登陆天数: 30天 / 668天
等级: 130
石头: 4076
呼符: 213
体力: 29.400000000000006 / 138
友情点: 0 / 413185`
_2024-06-22 04:28:30_
--------
*eb2249351f62e8f53edd212e354b4ab0*
`登陆天数: 30天 / 667天
等级: 130
石头: 4065
呼符: 292
体力: 29.370000000000005 / 138
友情点: 0 / 413660`
_2024-06-22 04:28:38_
--------
*75e790417deaedf66a35fa3ab3f26639*
`登陆天数: 30天 / 668天
等级: 130
石头: 4075
呼符: 213
体力: 29.340000000000003 / 138
友情点: 0 / 414770`
_2024-06-22 04:28:46_
--------
*00a84f6e84e13de772bf49acefa6fc7e*
`登陆天数: 30天 / 668天
等级: 130
石头: 4072
呼符: 37
体力: 29.313333333333333 / 138
友情点: 0 / 416310`
_2024-06-22 04:28:55_
--------
*25b5b0980a09bb194720b885c2db93c1*
`登陆天数: 30天 / 667天
等级: 130
石头: 4064
呼符: 232
体力: 29.28666666666666 / 138
友情点: 0 / 415690`
_2024-06-22 04:29:03_
--------
*c18683b9479c8ce71d91e4c7be7f9e76*
`登陆天数: 30天 / 667天
等级: 130
石头: 4071
呼符: 286
体力: 29.260000000000005 / 138
友情点: 0 / 414385`
_2024-06-22 04:29:11_
--------
*0e1bd5e231db09692ee34cf2c0b70d51*
`登陆天数: 30天 / 667天
等级: 130
石头: 4080
呼符: 78
体力: 29.233333333333334 / 138
友情点: 0 / 415375`
_2024-06-22 04:29:19_
--------
*b47dbe145b08f3cfbe87b7807296db90*
`登陆天数: 30天 / 667天
等级: 130
石头: 4072
呼符: 74
体力: 29.206666666666663 / 138
友情点: 0 / 414280`
_2024-06-22 04:29:28_
--------
*b530e8c4258bfcc88af39490c55a47af*
`登陆天数: 30天 / 669天
等级: 130
石头: 4083
呼符: 68
体力: 29.176666666666662 / 138
友情点: 0 / 414815`
_2024-06-22 04:29:36_
--------
*b86c825dac1ea8f15d25f75c35fada21*
`登陆天数: 30天 / 668天
等级: 130
石头: 4084
呼符: 167
体力: 29.153333333333336 / 138
友情点: 0 / 414635`
_2024-06-22 04:29:44_
--------
*b94c54a2875840777c50a96d4d265f1f*
`登陆天数: 30天 / 667天
等级: 130
石头: 4061
呼符: 246
体力: 29.123333333333335 / 138
友情点: 0 / 415625`
_2024-06-22 04:29:51_
--------
*df8cfb9e510537bfd10243005fe97845*
`登陆天数: 30天 / 668天
等级: 130
石头: 4073
呼符: 236
体力: 29.096666666666664 / 138
友情点: 0 / 413975`
_2024-06-22 04:30:00_
--------
*67e271c2249c946385b3420be623a16f*
`登陆天数: 30天 / 667天
等级: 130
石头: 4061
呼符: 234
体力: 29.073333333333338 / 138
友情点: 0 / 414110`
_2024-06-22 04:30:08_
--------
*6cff570ebf13a96c25b0b39f4004a1de*
`登陆天数: 30天 / 667天
等级: 130
石头: 4049
呼符: 180
体力: 29.043333333333337 / 138
友情点: 0 / 415990`
_2024-06-22 04:30:16_
--------
*ac5d32649e3e9df38c2f61467831f9b8*
`登陆天数: 30天 / 667天
等级: 130
石头: 4063
呼符: 196
体力: 29.016666666666666 / 138
友情点: 0 / 414930`
_2024-06-22 04:30:24_
--------
*caac5ba732410d259f8ff56d837f7d90*
`登陆天数: 30天 / 667天
等级: 130
石头: 4071
呼符: 327
体力: 28.99333333333334 / 138
友情点: 0 / 414345`
_2024-06-22 04:30:32_
--------
*5f5f8a8d61889cb68af952c9bc50adc5*
`登陆天数: 30天 / 668天
等级: 130
石头: 4047
呼符: 196
体力: 28.96333333333334 / 138
友情点: 0 / 414135`
_2024-06-22 04:30:40_
--------
*baf9ab9f160b6298d65428c56e79a8dd*
`登陆天数: 30天 / 667天
等级: 130
石头: 4082
呼符: 265
体力: 28.939999999999998 / 138
友情点: 0 / 413510`
_2024-06-22 04:30:49_
--------
*6e2837d3f5424f813d1262f4ffee4787*
`登陆天数: 30天 / 667天
等级: 130
石头: 4073
呼符: 262
体力: 28.913333333333327 / 138
友情点: 0 / 414880`
_2024-06-22 04:30:57_
--------
*af074a2c5a2afae6484b6040d8ea3a7f*
`登陆天数: 30天 / 667天
等级: 130
石头: 4072
呼符: 124
体力: 28.88666666666667 / 138
友情点: 0 / 414595`
_2024-06-22 04:31:05_
--------
*1e2fd353db51a8006ab9d4ac0fc45db4*
`登陆天数: 30天 / 668天
等级: 130
石头: 4065
呼符: 256
体力: 28.85666666666667 / 138
友情点: 0 / 414425`
_2024-06-22 04:31:13_
--------
*41e5b952ef0c8025f198679921798a92*
`登陆天数: 30天 / 667天
等级: 130
石头: 4076
呼符: 256
体力: 28.83 / 138
友情点: 0 / 413970`
_2024-06-22 04:31:21_
--------
*507f766cf75da0b70eb68d7b324d917b*
`登陆天数: 30天 / 667天
等级: 130
石头: 4078
呼符: 277
体力: 28.799999999999997 / 138
友情点: 0 / 414020`
_2024-06-22 04:31:30_
--------
*4f2027fed62c9c49b78fd28501b77e45*
`登陆天数: 30天 / 667天
等级: 130
石头: 4080
呼符: 299
体力: 28.773333333333326 / 138
友情点: 0 / 414195`
_2024-06-22 04:31:38_
--------
*80ca42db235ad0f1272ac9859d32bc24*
`登陆天数: 30天 / 668天
等级: 130
石头: 4080
呼符: 319
体力: 28.74666666666667 / 138
友情点: 0 / 415850`
_2024-06-22 04:31:46_
--------
*6e2f7b4ef9e6081b745add320fba79f5*
`登陆天数: 30天 / 668天
等级: 130
石头: 4085
呼符: 37
体力: 28.72 / 138
友情点: 0 / 415675`
_2024-06-22 04:31:54_
--------
*fd2adbfe86cd2ad3d7255fc256b75bc2*
`登陆天数: 30天 / 668天
等级: 130
石头: 4077
呼符: 302
体力: 28.693333333333328 / 138
友情点: 0 / 414610`
_2024-06-22 04:32:02_
--------
*1d341ee0b29ad7788e8b4266705e8b76*
`登陆天数: 30天 / 667天
等级: 130
石头: 4076
呼符: 189
体力: 28.66666666666667 / 138
友情点: 0 / 414475`
_2024-06-22 04:32:10_
--------
*3d133f3c928c3e78ffbe07316572bfee*
`登陆天数: 30天 / 667天
等级: 130
石头: 4074
呼符: 280
体力: 28.64 / 138
友情点: 0 / 414365`
_2024-06-22 04:32:19_
--------
*313db5b217a08f67ab8e60718cb261e6*
`登陆天数: 30天 / 667天
等级: 130
石头: 4076
呼符: 298
体力: 28.61 / 138
友情点: 0 / 414925`
_2024-06-22 04:32:27_
--------
*274c3532571f884b74fee411bb18b2bb*
`登陆天数: 30天 / 668天
等级: 130
石头: 4079
呼符: 282
体力: 28.58333333333333 / 138
友情点: 0 / 414650`
_2024-06-22 04:32:35_
--------
*7b0d4d11086605f45fb0df9c2f892bfb*
`登陆天数: 30天 / 667天
等级: 130
石头: 4075
呼符: 248
体力: 28.560000000000002 / 138
友情点: 0 / 415765`
_2024-06-22 04:32:43_
--------
*d7ff81a6a499b582a169dc0e518ac884*
`登陆天数: 30天 / 667天
等级: 130
石头: 4073
呼符: 293
体力: 28.53333333333333 / 138
友情点: 0 / 414940`
_2024-06-22 04:32:51_
--------
*5a45bbc431edc0484aa4cb8e38d600be*
`登陆天数: 30天 / 668天
等级: 130
石头: 4064
呼符: 100
体力: 28.50666666666666 / 138
友情点: 0 / 414895`
_2024-06-22 04:32:59_
--------
*553bf7b212cc9edc421f87c00d34655d*
`登陆天数: 30天 / 667天
等级: 130
石头: 4079
呼符: 289
体力: 28.480000000000004 / 138
友情点: 0 / 414955`
_2024-06-22 04:33:07_
--------
*5ac34b6c894deb8c0e944d2cd836c59d*
`登陆天数: 30天 / 667天
等级: 130
石头: 4061
呼符: 304
体力: 28.450000000000003 / 138
友情点: 0 / 414565`
_2024-06-22 04:33:15_
--------
*bf29c812f99379270241926ddd49421b*
`登陆天数: 30天 / 667天
等级: 130
石头: 4077
呼符: 332
体力: 28.423333333333332 / 138
友情点: 0 / 413910`
_2024-06-22 04:33:23_
--------
*0bb36eaaabe7d21ca1ed912448cf945d*
`登陆天数: 30天 / 668天
等级: 130
石头: 4072
呼符: 256
体力: 28.39666666666666 / 138
友情点: 0 / 413940`
_2024-06-22 04:33:31_
--------
*1ea8c965f62327f0ad44df589ec185ae*
`登陆天数: 30天 / 667天
等级: 130
石头: 4077
呼符: 251
体力: 28.36666666666666 / 138
友情点: 0 / 415015`
_2024-06-22 04:33:39_
--------
*9ee4eadc22981537d9cf75dd4f277bc0*
`登陆天数: 30天 / 668天
等级: 130
石头: 4080
呼符: 273
体力: 28.343333333333334 / 138
友情点: 0 / 415415`
_2024-06-22 04:33:47_
--------
*8057e895fb9e70d1093a9d6290af4684*
`登陆天数: 30天 / 668天
等级: 130
石头: 4033
呼符: 292
体力: 28.313333333333333 / 138
友情点: 0 / 415455`
_2024-06-22 04:33:55_
--------
*740d4af934530c572b942a40933b2bf4*
`登陆天数: 30天 / 667天
等级: 130
石头: 4082
呼符: 293
体力: 28.28666666666666 / 138
友情点: 0 / 414540`
_2024-06-22 04:34:03_
--------
*9004025abcd141c61c179117fb88a601*
`登陆天数: 30天 / 667天
等级: 130
石头: 4074
呼符: 316
体力: 28.260000000000005 / 138
友情点: 0 / 414585`
_2024-06-22 04:34:11_
--------
*9fe4660f2c336ca246c4238fd8c583e5*
`登陆天数: 30天 / 668天
等级: 130
石头: 4031
呼符: 285
体力: 28.233333333333334 / 138
友情点: 0 / 414940`
_2024-06-22 04:34:19_
--------
*0aef84db5226d670f527438090555540*
`登陆天数: 30天 / 667天
等级: 130
石头: 4040
呼符: 268
体力: 28.203333333333333 / 138
友情点: 0 / 414130`
_2024-06-22 04:34:26_
--------
*598d48a432718df785414f903a3c1ca6*
`登陆天数: 30天 / 667天
等级: 130
石头: 4075
呼符: 316
体力: 28.176666666666662 / 138
友情点: 0 / 413935`
_2024-06-22 04:34:34_
--------
*e70c5fbb86b56b8d13b0d75e15a2b660*
`登陆天数: 30天 / 668天
等级: 130
石头: 4077
呼符: 37
体力: 28.150000000000006 / 138
友情点: 0 / 414025`
_2024-06-22 04:34:42_
--------
*2fd782c4dc0ebf482af4dd92aadb2e11*
`登陆天数: 30天 / 668天
等级: 130
石头: 4079
呼符: 263
体力: 28.123333333333335 / 138
友情点: 0 / 417230`
_2024-06-22 04:34:50_
--------
*fba1cc9af4246db78526318adfd5e915*
`登陆天数: 30天 / 668天
等级: 130
石头: 4066
呼符: 333
体力: 28.096666666666664 / 138
友情点: 0 / 414865`
_2024-06-22 04:34:58_
--------
*58113125fd8e6e7daa6886570d01a5e1*
`登陆天数: 30天 / 667天
等级: 130
石头: 4010
呼符: 24
体力: 20501.27 / 138
友情点: 0 / 468535`
_2024-06-22 04:35:06_
--------
