【登录信息】
*b0be8ec3c973f045a4ae91cf2d997f5f*
`登陆天数: 31天 / 669天
等级: 130
石头: 4077
呼符: 213
体力: 30.290000000000006 / 138
友情点: 0 / 407185`
_2024-06-23 04:29:27_
--------
*eb2249351f62e8f53edd212e354b4ab0*
`登陆天数: 31天 / 668天
等级: 130
石头: 4066
呼符: 292
体力: 30.25666666666666 / 138
友情点: 0 / 407660`
_2024-06-23 04:29:35_
--------
*75e790417deaedf66a35fa3ab3f26639*
`登陆天数: 31天 / 669天
等级: 130
石头: 4076
呼符: 213
体力: 30.226666666666674 / 138
友情点: 0 / 408770`
_2024-06-23 04:29:43_
--------
*00a84f6e84e13de772bf49acefa6fc7e*
`登陆天数: 31天 / 669天
等级: 130
石头: 4073
呼符: 37
体力: 30.196666666666673 / 138
友情点: 0 / 410310`
_2024-06-23 04:29:51_
--------
*25b5b0980a09bb194720b885c2db93c1*
`登陆天数: 31天 / 668天
等级: 130
石头: 4065
呼符: 232
体力: 30.163333333333327 / 138
友情点: 0 / 409690`
_2024-06-23 04:30:00_
--------
*c18683b9479c8ce71d91e4c7be7f9e76*
`登陆天数: 31天 / 668天
等级: 130
石头: 4072
呼符: 286
体力: 30.13666666666667 / 138
友情点: 0 / 408385`
_2024-06-23 04:30:08_
--------
*0e1bd5e231db09692ee34cf2c0b70d51*
`登陆天数: 31天 / 668天
等级: 130
石头: 4081
呼符: 78
体力: 30.10333333333334 / 138
友情点: 0 / 409375`
_2024-06-23 04:30:16_
--------
*b47dbe145b08f3cfbe87b7807296db90*
`登陆天数: 31天 / 668天
等级: 130
石头: 4073
呼符: 74
体力: 30.073333333333338 / 138
友情点: 0 / 408280`
_2024-06-23 04:30:24_
--------
*b530e8c4258bfcc88af39490c55a47af*
`登陆天数: 31天 / 670天
等级: 130
石头: 4084
呼符: 68
体力: 30.046666666666667 / 138
友情点: 0 / 408815`
_2024-06-23 04:30:32_
--------
*b86c825dac1ea8f15d25f75c35fada21*
`登陆天数: 31天 / 669天
等级: 130
石头: 4085
呼符: 167
体力: 30.019999999999996 / 138
友情点: 0 / 408635`
_2024-06-23 04:30:40_
--------
*b94c54a2875840777c50a96d4d265f1f*
`登陆天数: 31天 / 668天
等级: 130
石头: 4062
呼符: 246
体力: 29.989999999999995 / 138
友情点: 0 / 409625`
_2024-06-23 04:30:48_
--------
*df8cfb9e510537bfd10243005fe97845*
`登陆天数: 31天 / 669天
等级: 130
石头: 4074
呼符: 236
体力: 29.959999999999994 / 138
友情点: 0 / 407975`
_2024-06-23 04:30:56_
--------
*67e271c2249c946385b3420be623a16f*
`登陆天数: 31天 / 668天
等级: 130
石头: 4062
呼符: 234
体力: 29.930000000000007 / 138
友情点: 0 / 408110`
_2024-06-23 04:31:04_
--------
*6cff570ebf13a96c25b0b39f4004a1de*
`登陆天数: 31天 / 668天
等级: 130
石头: 4050
呼符: 180
体力: 29.900000000000006 / 138
友情点: 0 / 409990`
_2024-06-23 04:31:12_
--------
*ac5d32649e3e9df38c2f61467831f9b8*
`登陆天数: 31天 / 668天
等级: 130
石头: 4064
呼符: 196
体力: 29.86666666666666 / 138
友情点: 0 / 408930`
_2024-06-23 04:31:20_
--------
*caac5ba732410d259f8ff56d837f7d90*
`登陆天数: 31天 / 668天
等级: 130
石头: 4072
呼符: 327
体力: 29.843333333333334 / 138
友情点: 0 / 408345`
_2024-06-23 04:31:28_
--------
*5f5f8a8d61889cb68af952c9bc50adc5*
`登陆天数: 31天 / 669天
等级: 130
石头: 4048
呼符: 196
体力: 29.813333333333333 / 138
友情点: 0 / 408135`
_2024-06-23 04:31:36_
--------
*baf9ab9f160b6298d65428c56e79a8dd*
`登陆天数: 31天 / 668天
等级: 130
石头: 4083
呼符: 265
体力: 29.78666666666666 / 138
友情点: 0 / 407510`
_2024-06-23 04:31:44_
--------
*6e2837d3f5424f813d1262f4ffee4787*
`登陆天数: 31天 / 668天
等级: 130
石头: 4074
呼符: 262
体力: 29.760000000000005 / 138
友情点: 0 / 408880`
_2024-06-23 04:31:53_
--------
*af074a2c5a2afae6484b6040d8ea3a7f*
`登陆天数: 31天 / 668天
等级: 130
石头: 4073
呼符: 124
体力: 29.730000000000004 / 138
友情点: 0 / 408595`
_2024-06-23 04:32:01_
--------
*1e2fd353db51a8006ab9d4ac0fc45db4*
`登陆天数: 31天 / 669天
等级: 130
石头: 4066
呼符: 256
体力: 29.703333333333333 / 138
友情点: 0 / 408425`
_2024-06-23 04:32:08_
--------
*41e5b952ef0c8025f198679921798a92*
`登陆天数: 31天 / 668天
等级: 130
石头: 4077
呼符: 256
体力: 29.676666666666662 / 138
友情点: 0 / 407970`
_2024-06-23 04:32:16_
--------
*507f766cf75da0b70eb68d7b324d917b*
`登陆天数: 31天 / 668天
等级: 130
石头: 4079
呼符: 277
体力: 29.64666666666666 / 138
友情点: 0 / 408020`
_2024-06-23 04:32:24_
--------
*4f2027fed62c9c49b78fd28501b77e45*
`登陆天数: 31天 / 668天
等级: 130
石头: 4081
呼符: 299
体力: 29.620000000000005 / 138
友情点: 0 / 408195`
_2024-06-23 04:32:33_
--------
*80ca42db235ad0f1272ac9859d32bc24*
`登陆天数: 31天 / 669天
等级: 130
石头: 4081
呼符: 319
体力: 29.593333333333334 / 138
友情点: 0 / 409850`
_2024-06-23 04:32:41_
--------
*6e2f7b4ef9e6081b745add320fba79f5*
`登陆天数: 31天 / 669天
等级: 130
石头: 4086
呼符: 37
体力: 29.563333333333333 / 138
友情点: 0 / 409675`
_2024-06-23 04:32:49_
--------
*fd2adbfe86cd2ad3d7255fc256b75bc2*
`登陆天数: 31天 / 669天
等级: 130
石头: 4078
呼符: 302
体力: 29.53666666666666 / 138
友情点: 0 / 408610`
_2024-06-23 04:32:57_
--------
*1d341ee0b29ad7788e8b4266705e8b76*
`登陆天数: 31天 / 668天
等级: 130
石头: 4077
呼符: 189
体力: 29.50666666666666 / 138
友情点: 0 / 408475`
_2024-06-23 04:33:04_
--------
*3d133f3c928c3e78ffbe07316572bfee*
`登陆天数: 31天 / 668天
等级: 130
石头: 4075
呼符: 280
体力: 29.480000000000004 / 138
友情点: 0 / 408365`
_2024-06-23 04:33:12_
--------
*313db5b217a08f67ab8e60718cb261e6*
`登陆天数: 31天 / 668天
等级: 130
石头: 4077
呼符: 298
体力: 29.453333333333333 / 138
友情点: 0 / 408925`
_2024-06-23 04:33:21_
--------
*274c3532571f884b74fee411bb18b2bb*
`登陆天数: 31天 / 669天
等级: 130
石头: 4080
呼符: 282
体力: 29.426666666666662 / 138
友情点: 0 / 408650`
_2024-06-23 04:33:29_
--------
*7b0d4d11086605f45fb0df9c2f892bfb*
`登陆天数: 31天 / 668天
等级: 130
石头: 4076
呼符: 248
体力: 29.400000000000006 / 138
友情点: 0 / 409765`
_2024-06-23 04:33:37_
--------
*d7ff81a6a499b582a169dc0e518ac884*
`登陆天数: 31天 / 668天
等级: 130
石头: 4074
呼符: 293
体力: 29.373333333333335 / 138
友情点: 0 / 408940`
_2024-06-23 04:33:45_
--------
*5a45bbc431edc0484aa4cb8e38d600be*
`登陆天数: 31天 / 669天
等级: 130
石头: 4065
呼符: 100
体力: 29.346666666666664 / 138
友情点: 0 / 408895`
_2024-06-23 04:33:53_
--------
*553bf7b212cc9edc421f87c00d34655d*
`登陆天数: 31天 / 668天
等级: 130
石头: 4080
呼符: 289
体力: 29.319999999999993 / 138
友情点: 0 / 408955`
_2024-06-23 04:34:01_
--------
*5ac34b6c894deb8c0e944d2cd836c59d*
`登陆天数: 31天 / 668天
等级: 130
石头: 4062
呼符: 304
体力: 29.290000000000006 / 138
友情点: 0 / 408565`
_2024-06-23 04:34:09_
--------
*bf29c812f99379270241926ddd49421b*
`登陆天数: 31天 / 668天
等级: 130
石头: 4078
呼符: 332
体力: 29.260000000000005 / 138
友情点: 0 / 407910`
_2024-06-23 04:34:17_
--------
*0bb36eaaabe7d21ca1ed912448cf945d*
`登陆天数: 31天 / 669天
等级: 130
石头: 4073
呼符: 256
体力: 29.233333333333334 / 138
友情点: 0 / 407940`
_2024-06-23 04:34:25_
--------
*1ea8c965f62327f0ad44df589ec185ae*
`登陆天数: 31天 / 668天
等级: 130
石头: 4078
呼符: 251
体力: 29.203333333333333 / 138
友情点: 0 / 409015`
_2024-06-23 04:34:33_
--------
*9ee4eadc22981537d9cf75dd4f277bc0*
`登陆天数: 31天 / 669天
等级: 130
石头: 4081
呼符: 273
体力: 29.173333333333332 / 138
友情点: 0 / 409415`
_2024-06-23 04:34:41_
--------
*8057e895fb9e70d1093a9d6290af4684*
`登陆天数: 31天 / 669天
等级: 130
石头: 4034
呼符: 292
体力: 29.14666666666666 / 138
友情点: 0 / 409455`
_2024-06-23 04:34:49_
--------
*740d4af934530c572b942a40933b2bf4*
`登陆天数: 31天 / 668天
等级: 130
石头: 4083
呼符: 293
体力: 29.120000000000005 / 138
友情点: 0 / 408540`
_2024-06-23 04:34:58_
--------
*9004025abcd141c61c179117fb88a601*
`登陆天数: 31天 / 668天
等级: 130
石头: 4075
呼符: 316
体力: 29.090000000000003 / 138
友情点: 0 / 408585`
_2024-06-23 04:35:06_
--------
*9fe4660f2c336ca246c4238fd8c583e5*
`登陆天数: 31天 / 669天
等级: 130
石头: 4032
呼符: 285
体力: 29.063333333333333 / 138
友情点: 0 / 408940`
_2024-06-23 04:35:14_
--------
*0aef84db5226d670f527438090555540*
`登陆天数: 31天 / 668天
等级: 130
石头: 4041
呼符: 268
体力: 29.03666666666666 / 138
友情点: 0 / 408130`
_2024-06-23 04:35:22_
--------
*598d48a432718df785414f903a3c1ca6*
`登陆天数: 31天 / 668天
等级: 130
石头: 4076
呼符: 316
体力: 29.00666666666666 / 138
友情点: 0 / 407935`
_2024-06-23 04:35:30_
--------
*e70c5fbb86b56b8d13b0d75e15a2b660*
`登陆天数: 31天 / 669天
等级: 130
石头: 4078
呼符: 37
体力: 28.983333333333334 / 138
友情点: 0 / 408025`
_2024-06-23 04:35:38_
--------
*2fd782c4dc0ebf482af4dd92aadb2e11*
`登陆天数: 31天 / 669天
等级: 130
石头: 4080
呼符: 263
体力: 28.956666666666663 / 138
友情点: 0 / 411230`
_2024-06-23 04:35:47_
--------
*fba1cc9af4246db78526318adfd5e915*
`登陆天数: 31天 / 669天
等级: 130
石头: 4067
呼符: 333
体力: 28.930000000000007 / 138
友情点: 0 / 408865`
_2024-06-23 04:35:54_
--------
*58113125fd8e6e7daa6886570d01a5e1*
`登陆天数: 31天 / 668天
等级: 130
石头: 4010
呼符: 24
体力: 20789.463333333333 / 138
友情点: 0 / 468535`
_2024-06-23 04:36:03_
--------
