【登录信息】
*b0be8ec3c973f045a4ae91cf2d997f5f*
`登陆天数: 32天 / 670天
等级: 130
石头: 4078
呼符: 213
体力: 30.25333333333333 / 138
友情点: 0 / 401185`
_2024-06-24 04:30:26_
--------
*eb2249351f62e8f53edd212e354b4ab0*
`登陆天数: 32天 / 669天
等级: 130
石头: 4067
呼符: 292
体力: 30.22333333333333 / 138
友情点: 0 / 401660`
_2024-06-24 04:30:34_
--------
*75e790417deaedf66a35fa3ab3f26639*
`登陆天数: 32天 / 670天
等级: 130
石头: 4077
呼符: 213
体力: 30.193333333333328 / 138
友情点: 0 / 402770`
_2024-06-24 04:30:42_
--------
*00a84f6e84e13de772bf49acefa6fc7e*
`登陆天数: 32天 / 670天
等级: 130
石头: 4074
呼符: 37
体力: 30.163333333333327 / 138
友情点: 0 / 404310`
_2024-06-24 04:30:50_
--------
*25b5b0980a09bb194720b885c2db93c1*
`登陆天数: 32天 / 669天
等级: 130
石头: 4066
呼符: 232
体力: 30.13666666666667 / 138
友情点: 0 / 403690`
_2024-06-24 04:30:59_
--------
*c18683b9479c8ce71d91e4c7be7f9e76*
`登陆天数: 32天 / 669天
等级: 130
石头: 4073
呼符: 286
体力: 30.10666666666667 / 138
友情点: 0 / 402385`
_2024-06-24 04:31:07_
--------
*0e1bd5e231db09692ee34cf2c0b70d51*
`登陆天数: 32天 / 669天
等级: 130
石头: 4082
呼符: 78
体力: 30.08 / 138
友情点: 0 / 403375`
_2024-06-24 04:31:15_
--------
*b47dbe145b08f3cfbe87b7807296db90*
`登陆天数: 32天 / 669天
等级: 130
石头: 4074
呼符: 74
体力: 30.056666666666672 / 138
友情点: 0 / 402280`
_2024-06-24 04:31:23_
--------
*b530e8c4258bfcc88af39490c55a47af*
`登陆天数: 32天 / 671天
等级: 130
石头: 4085
呼符: 68
体力: 30.02666666666667 / 138
友情点: 0 / 402815`
_2024-06-24 04:31:31_
--------
*b86c825dac1ea8f15d25f75c35fada21*
`登陆天数: 32天 / 670天
等级: 130
石头: 4086
呼符: 167
体力: 30.0 / 138
友情点: 0 / 402635`
_2024-06-24 04:31:39_
--------
*b94c54a2875840777c50a96d4d265f1f*
`登陆天数: 32天 / 669天
等级: 130
石头: 4063
呼符: 246
体力: 29.97333333333333 / 138
友情点: 0 / 403625`
_2024-06-24 04:31:47_
--------
*df8cfb9e510537bfd10243005fe97845*
`登陆天数: 32天 / 670天
等级: 130
石头: 4075
呼符: 236
体力: 29.946666666666673 / 138
友情点: 0 / 401975`
_2024-06-24 04:31:55_
--------
*67e271c2249c946385b3420be623a16f*
`登陆天数: 32天 / 669天
等级: 130
石头: 4063
呼符: 234
体力: 29.91666666666667 / 138
友情点: 0 / 402110`
_2024-06-24 04:32:03_
--------
*6cff570ebf13a96c25b0b39f4004a1de*
`登陆天数: 32天 / 669天
等级: 130
石头: 4051
呼符: 180
体力: 29.89 / 138
友情点: 0 / 403990`
_2024-06-24 04:32:11_
--------
*ac5d32649e3e9df38c2f61467831f9b8*
`登陆天数: 32天 / 669天
等级: 130
石头: 4065
呼符: 196
体力: 29.86333333333333 / 138
友情点: 0 / 402930`
_2024-06-24 04:32:19_
--------
*caac5ba732410d259f8ff56d837f7d90*
`登陆天数: 32天 / 669天
等级: 130
石头: 4073
呼符: 327
体力: 29.836666666666673 / 138
友情点: 0 / 402345`
_2024-06-24 04:32:28_
--------
*5f5f8a8d61889cb68af952c9bc50adc5*
`登陆天数: 32天 / 670天
等级: 130
石头: 4049
呼符: 196
体力: 29.813333333333333 / 138
友情点: 0 / 402135`
_2024-06-24 04:32:36_
--------
*baf9ab9f160b6298d65428c56e79a8dd*
`登陆天数: 32天 / 669天
等级: 130
石头: 4084
呼符: 265
体力: 29.78666666666666 / 138
友情点: 0 / 401510`
_2024-06-24 04:32:44_
--------
*6e2837d3f5424f813d1262f4ffee4787*
`登陆天数: 32天 / 669天
等级: 130
石头: 4075
呼符: 262
体力: 29.75666666666666 / 138
友情点: 0 / 402880`
_2024-06-24 04:32:52_
--------
*af074a2c5a2afae6484b6040d8ea3a7f*
`登陆天数: 32天 / 669天
等级: 130
石头: 4074
呼符: 124
体力: 29.730000000000004 / 138
友情点: 0 / 402595`
_2024-06-24 04:33:00_
--------
*1e2fd353db51a8006ab9d4ac0fc45db4*
`登陆天数: 32天 / 670天
等级: 130
石头: 4067
呼符: 256
体力: 29.700000000000003 / 138
友情点: 0 / 402425`
_2024-06-24 04:33:08_
--------
*41e5b952ef0c8025f198679921798a92*
`登陆天数: 32天 / 669天
等级: 130
石头: 4078
呼符: 256
体力: 29.673333333333332 / 138
友情点: 0 / 401970`
_2024-06-24 04:33:17_
--------
*507f766cf75da0b70eb68d7b324d917b*
`登陆天数: 32天 / 669天
等级: 130
石头: 4080
呼符: 277
体力: 29.64333333333333 / 138
友情点: 0 / 402020`
_2024-06-24 04:33:25_
--------
*4f2027fed62c9c49b78fd28501b77e45*
`登陆天数: 32天 / 669天
等级: 130
石头: 4082
呼符: 299
体力: 29.620000000000005 / 138
友情点: 0 / 402195`
_2024-06-24 04:33:33_
--------
*80ca42db235ad0f1272ac9859d32bc24*
`登陆天数: 32天 / 670天
等级: 130
石头: 4082
呼符: 319
体力: 29.593333333333334 / 138
友情点: 0 / 403850`
_2024-06-24 04:33:41_
--------
*6e2f7b4ef9e6081b745add320fba79f5*
`登陆天数: 32天 / 670天
等级: 130
石头: 4087
呼符: 37
体力: 29.566666666666663 / 138
友情点: 0 / 403675`
_2024-06-24 04:33:49_
--------
*fd2adbfe86cd2ad3d7255fc256b75bc2*
`登陆天数: 32天 / 670天
等级: 130
石头: 4079
呼符: 302
体力: 29.540000000000006 / 138
友情点: 0 / 402610`
_2024-06-24 04:33:57_
--------
*1d341ee0b29ad7788e8b4266705e8b76*
`登陆天数: 32天 / 669天
等级: 130
石头: 4078
呼符: 189
体力: 29.513333333333335 / 138
友情点: 0 / 402475`
_2024-06-24 04:34:05_
--------
*3d133f3c928c3e78ffbe07316572bfee*
`登陆天数: 32天 / 669天
等级: 130
石头: 4076
呼符: 280
体力: 29.483333333333334 / 138
友情点: 0 / 402365`
_2024-06-24 04:34:12_
--------
*313db5b217a08f67ab8e60718cb261e6*
`登陆天数: 32天 / 669天
等级: 130
石头: 4078
呼符: 298
体力: 29.456666666666663 / 138
友情点: 0 / 402925`
_2024-06-24 04:34:20_
--------
*274c3532571f884b74fee411bb18b2bb*
`登陆天数: 32天 / 670天
等级: 130
石头: 4081
呼符: 282
体力: 29.430000000000007 / 138
友情点: 0 / 402650`
_2024-06-24 04:34:29_
--------
*7b0d4d11086605f45fb0df9c2f892bfb*
`登陆天数: 32天 / 669天
等级: 130
石头: 4077
呼符: 248
体力: 29.403333333333336 / 138
友情点: 0 / 403765`
_2024-06-24 04:34:37_
--------
*d7ff81a6a499b582a169dc0e518ac884*
`登陆天数: 32天 / 669天
等级: 130
石头: 4075
呼符: 293
体力: 29.379999999999995 / 138
友情点: 0 / 402940`
_2024-06-24 04:34:45_
--------
*5a45bbc431edc0484aa4cb8e38d600be*
`登陆天数: 32天 / 670天
等级: 130
石头: 4066
呼符: 100
体力: 29.35333333333334 / 138
友情点: 0 / 402895`
_2024-06-24 04:34:53_
--------
*553bf7b212cc9edc421f87c00d34655d*
`登陆天数: 32天 / 669天
等级: 130
石头: 4081
呼符: 289
体力: 29.323333333333338 / 138
友情点: 0 / 402955`
_2024-06-24 04:35:01_
--------
*5ac34b6c894deb8c0e944d2cd836c59d*
`登陆天数: 32天 / 669天
等级: 130
石头: 4063
呼符: 304
体力: 29.296666666666667 / 138
友情点: 0 / 402565`
_2024-06-24 04:35:09_
--------
*bf29c812f99379270241926ddd49421b*
`登陆天数: 32天 / 669天
等级: 130
石头: 4079
呼符: 332
体力: 29.269999999999996 / 138
友情点: 0 / 401910`
_2024-06-24 04:35:17_
--------
*0bb36eaaabe7d21ca1ed912448cf945d*
`登陆天数: 32天 / 670天
等级: 130
石头: 4074
呼符: 256
体力: 29.24333333333334 / 138
友情点: 0 / 401940`
_2024-06-24 04:35:25_
--------
*1ea8c965f62327f0ad44df589ec185ae*
`登陆天数: 32天 / 669天
等级: 130
石头: 4079
呼符: 251
体力: 29.22 / 138
友情点: 0 / 403015`
_2024-06-24 04:35:34_
--------
*9ee4eadc22981537d9cf75dd4f277bc0*
`登陆天数: 32天 / 670天
等级: 130
石头: 4082
呼符: 273
体力: 29.189999999999998 / 138
友情点: 0 / 403415`
_2024-06-24 04:35:42_
--------
*8057e895fb9e70d1093a9d6290af4684*
`登陆天数: 32天 / 670天
等级: 130
石头: 4035
呼符: 292
体力: 29.159999999999997 / 138
友情点: 0 / 403455`
_2024-06-24 04:35:50_
--------
*740d4af934530c572b942a40933b2bf4*
`登陆天数: 32天 / 669天
等级: 130
石头: 4084
呼符: 293
体力: 29.13666666666667 / 138
友情点: 0 / 402540`
_2024-06-24 04:35:58_
--------
*9004025abcd141c61c179117fb88a601*
`登陆天数: 32天 / 669天
等级: 130
石头: 4076
呼符: 316
体力: 29.11333333333333 / 138
友情点: 0 / 402585`
_2024-06-24 04:36:06_
--------
*9fe4660f2c336ca246c4238fd8c583e5*
`登陆天数: 32天 / 670天
等级: 130
石头: 4033
呼符: 285
体力: 29.08333333333333 / 138
友情点: 0 / 402940`
_2024-06-24 04:36:14_
--------
*0aef84db5226d670f527438090555540*
`登陆天数: 32天 / 669天
等级: 130
石头: 4042
呼符: 268
体力: 29.053333333333327 / 138
友情点: 0 / 402130`
_2024-06-24 04:36:22_
--------
*598d48a432718df785414f903a3c1ca6*
`登陆天数: 32天 / 669天
等级: 130
石头: 4077
呼符: 316
体力: 29.02666666666667 / 138
友情点: 0 / 401935`
_2024-06-24 04:36:30_
--------
*e70c5fbb86b56b8d13b0d75e15a2b660*
`登陆天数: 32天 / 670天
等级: 130
石头: 4079
呼符: 37
体力: 28.99666666666667 / 138
友情点: 0 / 402025`
_2024-06-24 04:36:38_
--------
*2fd782c4dc0ebf482af4dd92aadb2e11*
`登陆天数: 32天 / 670天
等级: 130
石头: 4081
呼符: 263
体力: 28.97 / 138
友情点: 0 / 405230`
_2024-06-24 04:36:46_
--------
*fba1cc9af4246db78526318adfd5e915*
`登陆天数: 32天 / 670天
等级: 130
石头: 4068
呼符: 333
体力: 28.943333333333328 / 138
友情点: 0 / 402865`
_2024-06-24 04:36:54_
--------
*58113125fd8e6e7daa6886570d01a5e1*
`登陆天数: 32天 / 669天
等级: 130
石头: 4010
呼符: 24
体力: 21077.66 / 138
友情点: 0 / 468535`
_2024-06-24 04:37:02_
--------
