【登录信息】
*b0be8ec3c973f045a4ae91cf2d997f5f*
`登陆天数: 33天 / 671天
等级: 130
石头: 4078
呼符: 214
体力: 30.186666666666667 / 138
友情点: 0 / 395185`
_2024-06-25 04:30:30_
--------
*eb2249351f62e8f53edd212e354b4ab0*
`登陆天数: 33天 / 670天
等级: 130
石头: 4067
呼符: 293
体力: 30.153333333333336 / 138
友情点: 0 / 395660`
_2024-06-25 04:30:38_
--------
*75e790417deaedf66a35fa3ab3f26639*
`登陆天数: 33天 / 671天
等级: 130
石头: 4077
呼符: 214
体力: 30.126666666666665 / 138
友情点: 0 / 396770`
_2024-06-25 04:30:45_
--------
*00a84f6e84e13de772bf49acefa6fc7e*
`登陆天数: 33天 / 671天
等级: 130
石头: 4074
呼符: 38
体力: 30.093333333333334 / 138
友情点: 0 / 398310`
_2024-06-25 04:30:53_
--------
*25b5b0980a09bb194720b885c2db93c1*
`登陆天数: 33天 / 670天
等级: 130
石头: 4066
呼符: 233
体力: 30.063333333333333 / 138
友情点: 0 / 397690`
_2024-06-25 04:31:01_
--------
*c18683b9479c8ce71d91e4c7be7f9e76*
`登陆天数: 33天 / 670天
等级: 130
石头: 4073
呼符: 287
体力: 30.03666666666666 / 138
友情点: 0 / 396385`
_2024-06-25 04:31:08_
--------
*0e1bd5e231db09692ee34cf2c0b70d51*
`登陆天数: 33天 / 670天
等级: 130
石头: 4082
呼符: 79
体力: 30.00666666666666 / 138
友情点: 0 / 397375`
_2024-06-25 04:31:16_
--------
*b47dbe145b08f3cfbe87b7807296db90*
`登陆天数: 33天 / 670天
等级: 130
石头: 4074
呼符: 75
体力: 29.97333333333333 / 138
友情点: 0 / 396280`
_2024-06-25 04:31:24_
--------
*b530e8c4258bfcc88af39490c55a47af*
`登陆天数: 33天 / 672天
等级: 130
石头: 4085
呼符: 69
体力: 29.943333333333328 / 138
友情点: 0 / 396815`
_2024-06-25 04:31:32_
--------
*b86c825dac1ea8f15d25f75c35fada21*
`登陆天数: 33天 / 671天
等级: 130
石头: 4086
呼符: 168
体力: 29.91666666666667 / 138
友情点: 0 / 396635`
_2024-06-25 04:31:40_
--------
*b94c54a2875840777c50a96d4d265f1f*
`登陆天数: 33天 / 670天
等级: 130
石头: 4063
呼符: 247
体力: 29.88666666666667 / 138
友情点: 0 / 397625`
_2024-06-25 04:31:47_
--------
*df8cfb9e510537bfd10243005fe97845*
`登陆天数: 33天 / 671天
等级: 130
石头: 4075
呼符: 237
体力: 29.85333333333334 / 138
友情点: 0 / 395975`
_2024-06-25 04:31:55_
--------
*67e271c2249c946385b3420be623a16f*
`登陆天数: 33天 / 670天
等级: 130
石头: 4063
呼符: 235
体力: 29.823333333333338 / 138
友情点: 0 / 396110`
_2024-06-25 04:32:03_
--------
*6cff570ebf13a96c25b0b39f4004a1de*
`登陆天数: 33天 / 670天
等级: 130
石头: 4051
呼符: 181
体力: 29.793333333333337 / 138
友情点: 0 / 397990`
_2024-06-25 04:32:10_
--------
*ac5d32649e3e9df38c2f61467831f9b8*
`登陆天数: 33天 / 670天
等级: 130
石头: 4065
呼符: 197
体力: 29.760000000000005 / 138
友情点: 0 / 396930`
_2024-06-25 04:32:18_
--------
*caac5ba732410d259f8ff56d837f7d90*
`登陆天数: 33天 / 670天
等级: 130
石头: 4073
呼符: 328
体力: 29.730000000000004 / 138
友情点: 0 / 396345`
_2024-06-25 04:32:26_
--------
*5f5f8a8d61889cb68af952c9bc50adc5*
`登陆天数: 33天 / 671天
等级: 130
石头: 4049
呼符: 197
体力: 29.700000000000003 / 138
友情点: 0 / 396135`
_2024-06-25 04:32:34_
--------
*baf9ab9f160b6298d65428c56e79a8dd*
`登陆天数: 33天 / 670天
等级: 130
石头: 4084
呼符: 266
体力: 29.673333333333332 / 138
友情点: 0 / 395510`
_2024-06-25 04:32:41_
--------
*6e2837d3f5424f813d1262f4ffee4787*
`登陆天数: 33天 / 670天
等级: 130
石头: 4075
呼符: 263
体力: 29.63666666666667 / 138
友情点: 0 / 396880`
_2024-06-25 04:32:49_
--------
*af074a2c5a2afae6484b6040d8ea3a7f*
`登陆天数: 33天 / 670天
等级: 130
石头: 4074
呼符: 125
体力: 29.61 / 138
友情点: 0 / 396595`
_2024-06-25 04:32:56_
--------
*1e2fd353db51a8006ab9d4ac0fc45db4*
`登陆天数: 33天 / 671天
等级: 130
石头: 4067
呼符: 257
体力: 29.58 / 138
友情点: 0 / 396425`
_2024-06-25 04:33:04_
--------
*41e5b952ef0c8025f198679921798a92*
`登陆天数: 33天 / 670天
等级: 130
石头: 4078
呼符: 257
体力: 29.546666666666667 / 138
友情点: 0 / 395970`
_2024-06-25 04:33:12_
--------
*507f766cf75da0b70eb68d7b324d917b*
`登陆天数: 33天 / 670天
等级: 130
石头: 4080
呼符: 278
体力: 29.516666666666666 / 138
友情点: 0 / 396020`
_2024-06-25 04:33:19_
--------
*4f2027fed62c9c49b78fd28501b77e45*
`登陆天数: 33天 / 670天
等级: 130
石头: 4082
呼符: 300
体力: 29.486666666666665 / 138
友情点: 0 / 396195`
_2024-06-25 04:33:27_
--------
*80ca42db235ad0f1272ac9859d32bc24*
`登陆天数: 33天 / 671天
等级: 130
石头: 4082
呼符: 320
体力: 29.456666666666663 / 138
友情点: 0 / 397850`
_2024-06-25 04:33:35_
--------
*6e2f7b4ef9e6081b745add320fba79f5*
`登陆天数: 33天 / 671天
等级: 130
石头: 4087
呼符: 38
体力: 29.426666666666662 / 138
友情点: 0 / 399675`
_2024-06-25 04:33:42_
--------
*fd2adbfe86cd2ad3d7255fc256b75bc2*
`登陆天数: 33天 / 671天
等级: 130
石头: 4079
呼符: 303
体力: 29.39666666666666 / 138
友情点: 0 / 396610`
_2024-06-25 04:33:50_
--------
*1d341ee0b29ad7788e8b4266705e8b76*
`登陆天数: 33天 / 670天
等级: 130
石头: 4078
呼符: 190
体力: 29.36666666666666 / 138
友情点: 0 / 396475`
_2024-06-25 04:33:58_
--------
*3d133f3c928c3e78ffbe07316572bfee*
`登陆天数: 33天 / 670天
等级: 130
石头: 4076
呼符: 281
体力: 29.336666666666673 / 138
友情点: 0 / 396365`
_2024-06-25 04:34:06_
--------
*313db5b217a08f67ab8e60718cb261e6*
`登陆天数: 33天 / 670天
等级: 130
石头: 4078
呼符: 299
体力: 29.306666666666672 / 138
友情点: 0 / 396925`
_2024-06-25 04:34:13_
--------
*274c3532571f884b74fee411bb18b2bb*
`登陆天数: 33天 / 671天
等级: 130
石头: 4081
呼符: 283
体力: 29.27666666666667 / 138
友情点: 0 / 396650`
_2024-06-25 04:34:21_
--------
*7b0d4d11086605f45fb0df9c2f892bfb*
`登陆天数: 33天 / 670天
等级: 130
石头: 4077
呼符: 249
体力: 29.24666666666667 / 138
友情点: 0 / 397765`
_2024-06-25 04:34:29_
--------
*d7ff81a6a499b582a169dc0e518ac884*
`登陆天数: 33天 / 670天
等级: 130
石头: 4075
呼符: 294
体力: 29.22 / 138
友情点: 0 / 396940`
_2024-06-25 04:34:36_
--------
*5a45bbc431edc0484aa4cb8e38d600be*
`登陆天数: 33天 / 671天
等级: 130
石头: 4066
呼符: 101
体力: 29.186666666666667 / 138
友情点: 0 / 396895`
_2024-06-25 04:34:44_
--------
*553bf7b212cc9edc421f87c00d34655d*
`登陆天数: 33天 / 670天
等级: 130
石头: 4081
呼符: 290
体力: 29.156666666666666 / 138
友情点: 0 / 396955`
_2024-06-25 04:34:51_
--------
*5ac34b6c894deb8c0e944d2cd836c59d*
`登陆天数: 33天 / 670天
等级: 130
石头: 4063
呼符: 305
体力: 29.126666666666665 / 138
友情点: 0 / 396565`
_2024-06-25 04:34:59_
--------
*bf29c812f99379270241926ddd49421b*
`登陆天数: 33天 / 670天
等级: 130
石头: 4079
呼符: 333
体力: 29.093333333333334 / 138
友情点: 0 / 395910`
_2024-06-25 04:35:07_
--------
*0bb36eaaabe7d21ca1ed912448cf945d*
`登陆天数: 33天 / 671天
等级: 130
石头: 4074
呼符: 257
体力: 29.063333333333333 / 138
友情点: 0 / 395940`
_2024-06-25 04:35:14_
--------
*1ea8c965f62327f0ad44df589ec185ae*
`登陆天数: 33天 / 670天
等级: 130
石头: 4079
呼符: 252
体力: 29.03333333333333 / 138
友情点: 0 / 397015`
_2024-06-25 04:35:22_
--------
*9ee4eadc22981537d9cf75dd4f277bc0*
`登陆天数: 33天 / 671天
等级: 130
石头: 4082
呼符: 274
体力: 29.00666666666666 / 138
友情点: 0 / 397415`
_2024-06-25 04:35:30_
--------
*8057e895fb9e70d1093a9d6290af4684*
`登陆天数: 33天 / 671天
等级: 130
石头: 4035
呼符: 293
体力: 28.976666666666674 / 138
友情点: 0 / 397455`
_2024-06-25 04:35:38_
--------
*740d4af934530c572b942a40933b2bf4*
`登陆天数: 33天 / 670天
等级: 130
石头: 4084
呼符: 294
体力: 28.946666666666673 / 138
友情点: 0 / 396540`
_2024-06-25 04:35:45_
--------
*9004025abcd141c61c179117fb88a601*
`登陆天数: 33天 / 670天
等级: 130
石头: 4076
呼符: 317
体力: 28.91666666666667 / 138
友情点: 0 / 396585`
_2024-06-25 04:35:53_
--------
*9fe4660f2c336ca246c4238fd8c583e5*
`登陆天数: 33天 / 671天
等级: 130
石头: 4033
呼符: 286
体力: 28.88666666666667 / 138
友情点: 0 / 396940`
_2024-06-25 04:36:00_
--------
*0aef84db5226d670f527438090555540*
`登陆天数: 33天 / 670天
等级: 130
石头: 4042
呼符: 269
体力: 28.85333333333334 / 138
友情点: 0 / 396130`
_2024-06-25 04:36:08_
--------
*598d48a432718df785414f903a3c1ca6*
`登陆天数: 33天 / 670天
等级: 130
石头: 4077
呼符: 317
体力: 28.823333333333338 / 138
友情点: 0 / 395935`
_2024-06-25 04:36:16_
--------
*e70c5fbb86b56b8d13b0d75e15a2b660*
`登陆天数: 33天 / 671天
等级: 130
石头: 4079
呼符: 38
体力: 28.796666666666667 / 138
友情点: 0 / 396025`
_2024-06-25 04:36:23_
--------
*2fd782c4dc0ebf482af4dd92aadb2e11*
`登陆天数: 33天 / 671天
等级: 130
石头: 4081
呼符: 264
体力: 28.763333333333335 / 138
友情点: 0 / 399230`
_2024-06-25 04:36:31_
--------
*fba1cc9af4246db78526318adfd5e915*
`登陆天数: 33天 / 671天
等级: 130
石头: 4068
呼符: 334
体力: 28.736666666666665 / 138
友情点: 0 / 396865`
_2024-06-25 04:36:39_
--------
*58113125fd8e6e7daa6886570d01a5e1*
`登陆天数: 33天 / 670天
等级: 130
石头: 4010
呼符: 24
体力: 21365.606666666667 / 138
友情点: 0 / 468535`
_2024-06-25 04:36:47_
--------
