【登录信息】
*b0be8ec3c973f045a4ae91cf2d997f5f*
`登陆天数: 34天 / 672天
等级: 130
石头: 4081
呼符: 214
体力: 30.28666666666666 / 138
友情点: 0 / 389185`
_2024-06-26 04:31:53_
--------
*eb2249351f62e8f53edd212e354b4ab0*
`登陆天数: 34天 / 671天
等级: 130
石头: 4070
呼符: 293
体力: 30.25 / 138
友情点: 0 / 389660`
_2024-06-26 04:32:02_
--------
*75e790417deaedf66a35fa3ab3f26639*
`登陆天数: 34天 / 672天
等级: 130
石头: 4080
呼符: 214
体力: 30.22333333333333 / 138
友情点: 0 / 390770`
_2024-06-26 04:32:10_
--------
*00a84f6e84e13de772bf49acefa6fc7e*
`登陆天数: 34天 / 672天
等级: 130
石头: 4077
呼符: 38
体力: 30.189999999999998 / 138
友情点: 0 / 396310`
_2024-06-26 04:32:18_
--------
*25b5b0980a09bb194720b885c2db93c1*
`登陆天数: 34天 / 671天
等级: 130
石头: 4069
呼符: 233
体力: 30.163333333333327 / 138
友情点: 0 / 391690`
_2024-06-26 04:32:26_
--------
*c18683b9479c8ce71d91e4c7be7f9e76*
`登陆天数: 34天 / 671天
等级: 130
石头: 4076
呼符: 287
体力: 30.13333333333334 / 138
友情点: 0 / 390385`
_2024-06-26 04:32:34_
--------
*0e1bd5e231db09692ee34cf2c0b70d51*
`登陆天数: 34天 / 671天
等级: 130
石头: 4085
呼符: 79
体力: 30.10333333333334 / 138
友情点: 0 / 391375`
_2024-06-26 04:32:42_
--------
*b47dbe145b08f3cfbe87b7807296db90*
`登陆天数: 34天 / 671天
等级: 130
石头: 4077
呼符: 75
体力: 30.073333333333338 / 138
友情点: 0 / 390280`
_2024-06-26 04:32:51_
--------
*b530e8c4258bfcc88af39490c55a47af*
`登陆天数: 34天 / 673天
等级: 130
石头: 4088
呼符: 69
体力: 30.043333333333337 / 138
友情点: 0 / 390815`
_2024-06-26 04:32:59_
--------
*b86c825dac1ea8f15d25f75c35fada21*
`登陆天数: 34天 / 672天
等级: 130
石头: 4089
呼符: 168
体力: 30.013333333333335 / 138
友情点: 0 / 390635`
_2024-06-26 04:33:07_
--------
*b94c54a2875840777c50a96d4d265f1f*
`登陆天数: 34天 / 671天
等级: 130
石头: 4066
呼符: 247
体力: 29.983333333333334 / 138
友情点: 0 / 391625`
_2024-06-26 04:33:15_
--------
*df8cfb9e510537bfd10243005fe97845*
`登陆天数: 34天 / 672天
等级: 130
石头: 4078
呼符: 237
体力: 29.953333333333333 / 138
友情点: 0 / 389975`
_2024-06-26 04:33:23_
--------
*67e271c2249c946385b3420be623a16f*
`登陆天数: 34天 / 671天
等级: 130
石头: 4066
呼符: 235
体力: 29.923333333333332 / 138
友情点: 0 / 390110`
_2024-06-26 04:33:31_
--------
*6cff570ebf13a96c25b0b39f4004a1de*
`登陆天数: 34天 / 671天
等级: 130
石头: 4054
呼符: 181
体力: 29.89333333333333 / 138
友情点: 0 / 391990`
_2024-06-26 04:33:38_
--------
*ac5d32649e3e9df38c2f61467831f9b8*
`登陆天数: 34天 / 671天
等级: 130
石头: 4068
呼符: 197
体力: 29.86666666666666 / 138
友情点: 0 / 390930`
_2024-06-26 04:33:47_
--------
*caac5ba732410d259f8ff56d837f7d90*
`登陆天数: 34天 / 671天
等级: 130
石头: 4076
呼符: 328
体力: 29.840000000000003 / 138
友情点: 0 / 390345`
_2024-06-26 04:33:55_
--------
*5f5f8a8d61889cb68af952c9bc50adc5*
`登陆天数: 34天 / 672天
等级: 130
石头: 4052
呼符: 197
体力: 29.810000000000002 / 138
友情点: 0 / 390135`
_2024-06-26 04:34:03_
--------
*baf9ab9f160b6298d65428c56e79a8dd*
`登陆天数: 34天 / 671天
等级: 130
石头: 4087
呼符: 266
体力: 29.78 / 138
友情点: 0 / 389510`
_2024-06-26 04:34:11_
--------
*6e2837d3f5424f813d1262f4ffee4787*
`登陆天数: 34天 / 671天
等级: 130
石头: 4078
呼符: 263
体力: 29.75 / 138
友情点: 0 / 390880`
_2024-06-26 04:34:19_
--------
*af074a2c5a2afae6484b6040d8ea3a7f*
`登陆天数: 34天 / 671天
等级: 130
石头: 4077
呼符: 125
体力: 29.71333333333334 / 138
友情点: 0 / 390595`
_2024-06-26 04:34:27_
--------
*1e2fd353db51a8006ab9d4ac0fc45db4*
`登陆天数: 34天 / 672天
等级: 130
石头: 4070
呼符: 257
体力: 29.683333333333337 / 138
友情点: 0 / 390425`
_2024-06-26 04:34:35_
--------
*41e5b952ef0c8025f198679921798a92*
`登陆天数: 34天 / 671天
等级: 130
石头: 4081
呼符: 257
体力: 29.653333333333336 / 138
友情点: 0 / 389970`
_2024-06-26 04:34:43_
--------
*507f766cf75da0b70eb68d7b324d917b*
`登陆天数: 34天 / 671天
等级: 130
石头: 4083
呼符: 278
体力: 29.626666666666665 / 138
友情点: 0 / 390020`
_2024-06-26 04:34:52_
--------
*4f2027fed62c9c49b78fd28501b77e45*
`登陆天数: 34天 / 671天
等级: 130
石头: 4085
呼符: 300
体力: 29.596666666666664 / 138
友情点: 0 / 390195`
_2024-06-26 04:35:00_
--------
*80ca42db235ad0f1272ac9859d32bc24*
`登陆天数: 34天 / 672天
等级: 130
石头: 4085
呼符: 320
体力: 29.569999999999993 / 138
友情点: 0 / 391850`
_2024-06-26 04:35:08_
--------
*6e2f7b4ef9e6081b745add320fba79f5*
`登陆天数: 34天 / 672天
等级: 130
石头: 4090
呼符: 38
体力: 29.540000000000006 / 138
友情点: 0 / 399675`
_2024-06-26 04:35:16_
--------
*fd2adbfe86cd2ad3d7255fc256b75bc2*
`登陆天数: 34天 / 672天
等级: 130
石头: 4082
呼符: 303
体力: 29.513333333333335 / 138
友情点: 0 / 390610`
_2024-06-26 04:35:24_
--------
*1d341ee0b29ad7788e8b4266705e8b76*
`登陆天数: 34天 / 671天
等级: 130
石头: 4081
呼符: 190
体力: 29.483333333333334 / 138
友情点: 0 / 390475`
_2024-06-26 04:35:32_
--------
*3d133f3c928c3e78ffbe07316572bfee*
`登陆天数: 34天 / 671天
等级: 130
石头: 4079
呼符: 281
体力: 29.453333333333333 / 138
友情点: 0 / 390365`
_2024-06-26 04:35:40_
--------
*313db5b217a08f67ab8e60718cb261e6*
`登陆天数: 34天 / 671天
等级: 130
石头: 4081
呼符: 299
体力: 29.423333333333332 / 138
友情点: 0 / 390925`
_2024-06-26 04:35:48_
--------
*274c3532571f884b74fee411bb18b2bb*
`登陆天数: 34天 / 672天
等级: 130
石头: 4084
呼符: 283
体力: 29.39333333333333 / 138
友情点: 0 / 390650`
_2024-06-26 04:35:56_
--------
*7b0d4d11086605f45fb0df9c2f892bfb*
`登陆天数: 34天 / 671天
等级: 130
石头: 4080
呼符: 249
体力: 29.36333333333333 / 138
友情点: 0 / 391765`
_2024-06-26 04:36:04_
--------
*d7ff81a6a499b582a169dc0e518ac884*
`登陆天数: 34天 / 671天
等级: 130
石头: 4078
呼符: 294
体力: 29.336666666666673 / 138
友情点: 0 / 390940`
_2024-06-26 04:36:12_
--------
*5a45bbc431edc0484aa4cb8e38d600be*
`登陆天数: 34天 / 672天
等级: 130
石头: 4069
呼符: 101
体力: 29.303333333333327 / 138
友情点: 0 / 390895`
_2024-06-26 04:36:20_
--------
*553bf7b212cc9edc421f87c00d34655d*
`登陆天数: 34天 / 671天
等级: 130
石头: 4084
呼符: 290
体力: 29.273333333333326 / 138
友情点: 0 / 390955`
_2024-06-26 04:36:28_
--------
*5ac34b6c894deb8c0e944d2cd836c59d*
`登陆天数: 34天 / 671天
等级: 130
石头: 4066
呼符: 305
体力: 29.24333333333334 / 138
友情点: 0 / 390565`
_2024-06-26 04:36:36_
--------
*bf29c812f99379270241926ddd49421b*
`登陆天数: 34天 / 671天
等级: 130
石头: 4082
呼符: 333
体力: 29.21333333333334 / 138
友情点: 0 / 389910`
_2024-06-26 04:36:44_
--------
*0bb36eaaabe7d21ca1ed912448cf945d*
`登陆天数: 34天 / 672天
等级: 130
石头: 4077
呼符: 257
体力: 29.183333333333337 / 138
友情点: 0 / 389940`
_2024-06-26 04:36:52_
--------
*1ea8c965f62327f0ad44df589ec185ae*
`登陆天数: 34天 / 671天
等级: 130
石头: 4082
呼符: 252
体力: 29.153333333333336 / 138
友情点: 0 / 391015`
_2024-06-26 04:37:01_
--------
*9ee4eadc22981537d9cf75dd4f277bc0*
`登陆天数: 34天 / 672天
等级: 130
石头: 4085
呼符: 274
体力: 29.123333333333335 / 138
友情点: 0 / 391415`
_2024-06-26 04:37:09_
--------
*8057e895fb9e70d1093a9d6290af4684*
`登陆天数: 34天 / 672天
等级: 130
石头: 4038
呼符: 293
体力: 29.096666666666664 / 138
友情点: 0 / 391455`
_2024-06-26 04:37:16_
--------
*740d4af934530c572b942a40933b2bf4*
`登陆天数: 34天 / 671天
等级: 130
石头: 4087
呼符: 294
体力: 29.066666666666663 / 138
友情点: 0 / 390540`
_2024-06-26 04:37:25_
--------
*9004025abcd141c61c179117fb88a601*
`登陆天数: 34天 / 671天
等级: 130
石头: 4079
呼符: 317
体力: 29.040000000000006 / 138
友情点: 0 / 390585`
_2024-06-26 04:37:33_
--------
*9fe4660f2c336ca246c4238fd8c583e5*
`登陆天数: 34天 / 672天
等级: 130
石头: 4036
呼符: 286
体力: 29.00666666666666 / 138
友情点: 0 / 390940`
_2024-06-26 04:37:40_
--------
*0aef84db5226d670f527438090555540*
`登陆天数: 34天 / 671天
等级: 130
石头: 4045
呼符: 269
体力: 28.980000000000004 / 138
友情点: 0 / 390130`
_2024-06-26 04:37:48_
--------
*598d48a432718df785414f903a3c1ca6*
`登陆天数: 34天 / 671天
等级: 130
石头: 4080
呼符: 317
体力: 28.950000000000003 / 138
友情点: 0 / 389935`
_2024-06-26 04:37:56_
--------
*e70c5fbb86b56b8d13b0d75e15a2b660*
`登陆天数: 34天 / 672天
等级: 130
石头: 4082
呼符: 38
体力: 28.91666666666667 / 138
友情点: 0 / 392025`
_2024-06-26 04:38:04_
--------
*2fd782c4dc0ebf482af4dd92aadb2e11*
`登陆天数: 34天 / 672天
等级: 130
石头: 4084
呼符: 264
体力: 28.89333333333333 / 138
友情点: 0 / 393230`
_2024-06-26 04:38:12_
--------
*fba1cc9af4246db78526318adfd5e915*
`登陆天数: 34天 / 672天
等级: 130
石头: 4071
呼符: 334
体力: 28.86333333333333 / 138
友情点: 0 / 390865`
_2024-06-26 04:38:20_
--------
*58113125fd8e6e7daa6886570d01a5e1*
`登陆天数: 34天 / 671天
等级: 130
石头: 4010
呼符: 24
体力: 21653.946666666667 / 138
友情点: 0 / 468535`
_2024-06-26 04:38:29_
--------
