【登录信息】
*b0be8ec3c973f045a4ae91cf2d997f5f*
`登陆天数: 35天 / 673天
等级: 130
石头: 4081
呼符: 215
体力: 31.206666666666663 / 138
友情点: 0 / 383185`
_2024-06-27 04:35:06_
--------
*eb2249351f62e8f53edd212e354b4ab0*
`登陆天数: 35天 / 672天
等级: 130
石头: 4070
呼符: 294
体力: 31.173333333333332 / 138
友情点: 0 / 383660`
_2024-06-27 04:35:14_
--------
*75e790417deaedf66a35fa3ab3f26639*
`登陆天数: 35天 / 673天
等级: 130
石头: 4080
呼符: 215
体力: 31.14333333333333 / 138
友情点: 0 / 384770`
_2024-06-27 04:35:22_
--------
*00a84f6e84e13de772bf49acefa6fc7e*
`登陆天数: 35天 / 673天
等级: 130
石头: 4077
呼符: 39
体力: 31.11 / 138
友情点: 0 / 396310`
_2024-06-27 04:35:30_
--------
*25b5b0980a09bb194720b885c2db93c1*
`登陆天数: 35天 / 672天
等级: 130
石头: 4069
呼符: 234
体力: 31.08333333333333 / 138
友情点: 0 / 385690`
_2024-06-27 04:35:38_
--------
*c18683b9479c8ce71d91e4c7be7f9e76*
`登陆天数: 35天 / 672天
等级: 130
石头: 4076
呼符: 288
体力: 31.049999999999997 / 138
友情点: 0 / 384385`
_2024-06-27 04:35:46_
--------
*0e1bd5e231db09692ee34cf2c0b70d51*
`登陆天数: 35天 / 672天
等级: 130
石头: 4085
呼符: 80
体力: 31.019999999999996 / 138
友情点: 0 / 391375`
_2024-06-27 04:35:54_
--------
*b47dbe145b08f3cfbe87b7807296db90*
`登陆天数: 35天 / 672天
等级: 130
石头: 4077
呼符: 76
体力: 30.99333333333334 / 138
友情点: 0 / 384280`
_2024-06-27 04:36:02_
--------
*b530e8c4258bfcc88af39490c55a47af*
`登陆天数: 35天 / 674天
等级: 130
石头: 4088
呼符: 70
体力: 30.959999999999994 / 138
友情点: 0 / 388815`
_2024-06-27 04:36:10_
--------
*b86c825dac1ea8f15d25f75c35fada21*
`登陆天数: 35天 / 673天
等级: 130
石头: 4089
呼符: 169
体力: 30.933333333333337 / 138
友情点: 0 / 384635`
_2024-06-27 04:36:17_
--------
*b94c54a2875840777c50a96d4d265f1f*
`登陆天数: 35天 / 672天
等级: 130
石头: 4066
呼符: 248
体力: 30.900000000000006 / 138
友情点: 0 / 385625`
_2024-06-27 04:36:25_
--------
*df8cfb9e510537bfd10243005fe97845*
`登陆天数: 35天 / 673天
等级: 130
石头: 4078
呼符: 238
体力: 30.870000000000005 / 138
友情点: 0 / 383975`
_2024-06-27 04:36:33_
--------
*67e271c2249c946385b3420be623a16f*
`登陆天数: 35天 / 672天
等级: 130
石头: 4066
呼符: 236
体力: 30.836666666666673 / 138
友情点: 0 / 384110`
_2024-06-27 04:36:41_
--------
*6cff570ebf13a96c25b0b39f4004a1de*
`登陆天数: 35天 / 672天
等级: 130
石头: 4054
呼符: 182
体力: 30.806666666666672 / 138
友情点: 0 / 385990`
_2024-06-27 04:36:49_
--------
*ac5d32649e3e9df38c2f61467831f9b8*
`登陆天数: 35天 / 672天
等级: 130
石头: 4068
呼符: 198
体力: 30.77666666666667 / 138
友情点: 0 / 384930`
_2024-06-27 04:36:56_
--------
*caac5ba732410d259f8ff56d837f7d90*
`登陆天数: 35天 / 672天
等级: 130
石头: 4076
呼符: 329
体力: 30.74666666666667 / 138
友情点: 0 / 384345`
_2024-06-27 04:37:04_
--------
*5f5f8a8d61889cb68af952c9bc50adc5*
`登陆天数: 35天 / 673天
等级: 130
石头: 4052
呼符: 198
体力: 30.71666666666667 / 138
友情点: 0 / 384135`
_2024-06-27 04:37:12_
--------
*baf9ab9f160b6298d65428c56e79a8dd*
`登陆天数: 35天 / 672天
等级: 130
石头: 4087
呼符: 267
体力: 30.683333333333337 / 138
友情点: 0 / 383510`
_2024-06-27 04:37:20_
--------
*6e2837d3f5424f813d1262f4ffee4787*
`登陆天数: 35天 / 672天
等级: 130
石头: 4078
呼符: 264
体力: 30.653333333333336 / 138
友情点: 0 / 384880`
_2024-06-27 04:37:28_
--------
*af074a2c5a2afae6484b6040d8ea3a7f*
`登陆天数: 35天 / 672天
等级: 130
石头: 4077
呼符: 126
体力: 30.620000000000005 / 138
友情点: 0 / 384595`
_2024-06-27 04:37:36_
--------
*1e2fd353db51a8006ab9d4ac0fc45db4*
`登陆天数: 35天 / 673天
等级: 130
石头: 4070
呼符: 258
体力: 30.590000000000003 / 138
友情点: 0 / 384425`
_2024-06-27 04:37:43_
--------
*41e5b952ef0c8025f198679921798a92*
`登陆天数: 35天 / 672天
等级: 130
石头: 4081
呼符: 258
体力: 30.556666666666672 / 138
友情点: 0 / 383970`
_2024-06-27 04:37:51_
--------
*507f766cf75da0b70eb68d7b324d917b*
`登陆天数: 35天 / 672天
等级: 130
石头: 4083
呼符: 279
体力: 30.52666666666667 / 138
友情点: 0 / 384020`
_2024-06-27 04:37:59_
--------
*4f2027fed62c9c49b78fd28501b77e45*
`登陆天数: 35天 / 672天
等级: 130
石头: 4085
呼符: 301
体力: 30.49333333333334 / 138
友情点: 0 / 384195`
_2024-06-27 04:38:07_
--------
*80ca42db235ad0f1272ac9859d32bc24*
`登陆天数: 35天 / 673天
等级: 130
石头: 4085
呼符: 321
体力: 30.46333333333334 / 138
友情点: 0 / 385850`
_2024-06-27 04:38:14_
--------
*6e2f7b4ef9e6081b745add320fba79f5*
`登陆天数: 35天 / 673天
等级: 130
石头: 4090
呼符: 39
体力: 30.433333333333337 / 138
友情点: 0 / 399675`
_2024-06-27 04:38:22_
--------
*fd2adbfe86cd2ad3d7255fc256b75bc2*
`登陆天数: 35天 / 673天
等级: 130
石头: 4082
呼符: 304
体力: 30.403333333333336 / 138
友情点: 0 / 384610`
_2024-06-27 04:38:30_
--------
*1d341ee0b29ad7788e8b4266705e8b76*
`登陆天数: 35天 / 672天
等级: 130
石头: 4081
呼符: 191
体力: 30.373333333333335 / 138
友情点: 0 / 384475`
_2024-06-27 04:38:38_
--------
*3d133f3c928c3e78ffbe07316572bfee*
`登陆天数: 35天 / 672天
等级: 130
石头: 4079
呼符: 282
体力: 30.340000000000003 / 138
友情点: 0 / 384365`
_2024-06-27 04:38:46_
--------
*313db5b217a08f67ab8e60718cb261e6*
`登陆天数: 35天 / 672天
等级: 130
石头: 4081
呼符: 300
体力: 30.310000000000002 / 138
友情点: 0 / 384925`
_2024-06-27 04:38:54_
--------
*274c3532571f884b74fee411bb18b2bb*
`登陆天数: 35天 / 673天
等级: 130
石头: 4084
呼符: 284
体力: 30.28 / 138
友情点: 0 / 384650`
_2024-06-27 04:39:02_
--------
*7b0d4d11086605f45fb0df9c2f892bfb*
`登陆天数: 35天 / 672天
等级: 130
石头: 4080
呼符: 250
体力: 30.25 / 138
友情点: 0 / 385765`
_2024-06-27 04:39:10_
--------
*d7ff81a6a499b582a169dc0e518ac884*
`登陆天数: 35天 / 672天
等级: 130
石头: 4078
呼符: 295
体力: 30.22 / 138
友情点: 0 / 384940`
_2024-06-27 04:39:17_
--------
*5a45bbc431edc0484aa4cb8e38d600be*
`登陆天数: 35天 / 673天
等级: 130
石头: 4069
呼符: 102
体力: 30.189999999999998 / 138
友情点: 0 / 384895`
_2024-06-27 04:39:25_
--------
*553bf7b212cc9edc421f87c00d34655d*
`登陆天数: 35天 / 672天
等级: 130
石头: 4084
呼符: 291
体力: 30.163333333333327 / 138
友情点: 0 / 384955`
_2024-06-27 04:39:33_
--------
*5ac34b6c894deb8c0e944d2cd836c59d*
`登陆天数: 35天 / 672天
等级: 130
石头: 4066
呼符: 306
体力: 30.129999999999995 / 138
友情点: 0 / 384565`
_2024-06-27 04:39:41_
--------
*bf29c812f99379270241926ddd49421b*
`登陆天数: 35天 / 672天
等级: 130
石头: 4082
呼符: 334
体力: 30.099999999999994 / 138
友情点: 0 / 383910`
_2024-06-27 04:39:49_
--------
*0bb36eaaabe7d21ca1ed912448cf945d*
`登陆天数: 35天 / 673天
等级: 130
石头: 4077
呼符: 258
体力: 30.069999999999993 / 138
友情点: 0 / 383940`
_2024-06-27 04:39:56_
--------
*1ea8c965f62327f0ad44df589ec185ae*
`登陆天数: 35天 / 672天
等级: 130
石头: 4082
呼符: 253
体力: 30.040000000000006 / 138
友情点: 0 / 385015`
_2024-06-27 04:40:04_
--------
*9ee4eadc22981537d9cf75dd4f277bc0*
`登陆天数: 35天 / 673天
等级: 130
石头: 4085
呼符: 275
体力: 30.013333333333335 / 138
友情点: 0 / 385415`
_2024-06-27 04:40:12_
--------
*8057e895fb9e70d1093a9d6290af4684*
`登陆天数: 35天 / 673天
等级: 130
石头: 4038
呼符: 294
体力: 29.983333333333334 / 138
友情点: 0 / 385455`
_2024-06-27 04:40:20_
--------
*740d4af934530c572b942a40933b2bf4*
`登陆天数: 35天 / 672天
等级: 130
石头: 4087
呼符: 295
体力: 29.953333333333333 / 138
友情点: 0 / 384540`
_2024-06-27 04:40:28_
--------
*9004025abcd141c61c179117fb88a601*
`登陆天数: 35天 / 672天
等级: 130
石头: 4079
呼符: 318
体力: 29.923333333333332 / 138
友情点: 0 / 384585`
_2024-06-27 04:40:35_
--------
*9fe4660f2c336ca246c4238fd8c583e5*
`登陆天数: 35天 / 673天
等级: 130
石头: 4036
呼符: 287
体力: 29.89666666666666 / 138
友情点: 0 / 384940`
_2024-06-27 04:40:43_
--------
*0aef84db5226d670f527438090555540*
`登陆天数: 35天 / 672天
等级: 130
石头: 4045
呼符: 270
体力: 29.86333333333333 / 138
友情点: 0 / 384130`
_2024-06-27 04:40:51_
--------
*598d48a432718df785414f903a3c1ca6*
`登陆天数: 35天 / 672天
等级: 130
石头: 4080
呼符: 318
体力: 29.836666666666673 / 138
友情点: 0 / 383935`
_2024-06-27 04:40:58_
--------
*e70c5fbb86b56b8d13b0d75e15a2b660*
`登陆天数: 35天 / 673天
等级: 130
石头: 4082
呼符: 39
体力: 29.806666666666672 / 138
友情点: 0 / 392025`
_2024-06-27 04:41:06_
--------
*2fd782c4dc0ebf482af4dd92aadb2e11*
`登陆天数: 35天 / 673天
等级: 130
石头: 4084
呼符: 265
体力: 29.78 / 138
友情点: 0 / 387230`
_2024-06-27 04:41:14_
--------
*fba1cc9af4246db78526318adfd5e915*
`登陆天数: 35天 / 673天
等级: 130
石头: 4071
呼符: 335
体力: 29.74666666666667 / 138
友情点: 0 / 384865`
_2024-06-27 04:41:22_
--------
*58113125fd8e6e7daa6886570d01a5e1*
`登陆天数: 35天 / 672天
等级: 130
石头: 4010
呼符: 24
体力: 21942.553333333333 / 138
友情点: 0 / 468535`
_2024-06-27 04:41:30_
--------
