【登录信息】
*b0be8ec3c973f045a4ae91cf2d997f5f*
`登陆天数: 37天 / 675天
等级: 130
石头: 4101
呼符: 215
体力: 25.97 / 138
友情点: 0 / 373185`
_2024-06-29 04:08:57_
--------
*eb2249351f62e8f53edd212e354b4ab0*
`登陆天数: 37天 / 674天
等级: 130
石头: 4090
呼符: 294
体力: 25.939999999999998 / 138
友情点: 0 / 373660`
_2024-06-29 04:09:06_
--------
*75e790417deaedf66a35fa3ab3f26639*
`登陆天数: 37天 / 675天
等级: 130
石头: 4100
呼符: 215
体力: 25.91666666666667 / 138
友情点: 0 / 374770`
_2024-06-29 04:09:14_
--------
*00a84f6e84e13de772bf49acefa6fc7e*
`登陆天数: 37天 / 675天
等级: 130
石头: 4097
呼符: 39
体力: 25.89 / 138
友情点: 0 / 398310`
_2024-06-29 04:09:22_
--------
*25b5b0980a09bb194720b885c2db93c1*
`登陆天数: 37天 / 674天
等级: 130
石头: 4089
呼符: 234
体力: 25.86333333333333 / 138
友情点: 0 / 377690`
_2024-06-29 04:09:30_
--------
*c18683b9479c8ce71d91e4c7be7f9e76*
`登陆天数: 37天 / 674天
等级: 130
石头: 4096
呼符: 288
体力: 25.836666666666673 / 138
友情点: 0 / 376385`
_2024-06-29 04:09:39_
--------
*0e1bd5e231db09692ee34cf2c0b70d51*
`登陆天数: 37天 / 674天
等级: 130
石头: 4105
呼符: 80
体力: 25.806666666666672 / 138
友情点: 0 / 393375`
_2024-06-29 04:09:47_
--------
*b47dbe145b08f3cfbe87b7807296db90*
`登陆天数: 37天 / 674天
等级: 130
石头: 4097
呼符: 76
体力: 25.78666666666666 / 138
友情点: 0 / 380280`
_2024-06-29 04:09:55_
--------
*b530e8c4258bfcc88af39490c55a47af*
`登陆天数: 37天 / 676天
等级: 130
石头: 4108
呼符: 70
体力: 25.763333333333335 / 138
友情点: 0 / 390815`
_2024-06-29 04:10:03_
--------
*b86c825dac1ea8f15d25f75c35fada21*
`登陆天数: 37天 / 675天
等级: 130
石头: 4109
呼符: 169
体力: 25.736666666666665 / 138
友情点: 0 / 374635`
_2024-06-29 04:10:11_
--------
*b94c54a2875840777c50a96d4d265f1f*
`登陆天数: 37天 / 674天
等级: 130
石头: 4086
呼符: 248
体力: 25.709999999999994 / 138
友情点: 0 / 375625`
_2024-06-29 04:10:19_
--------
*df8cfb9e510537bfd10243005fe97845*
`登陆天数: 37天 / 675天
等级: 130
石头: 4098
呼符: 238
体力: 25.680000000000007 / 138
友情点: 0 / 373975`
_2024-06-29 04:10:27_
--------
*67e271c2249c946385b3420be623a16f*
`登陆天数: 37天 / 674天
等级: 130
石头: 4086
呼符: 236
体力: 25.653333333333336 / 138
友情点: 0 / 374110`
_2024-06-29 04:10:35_
--------
*6cff570ebf13a96c25b0b39f4004a1de*
`登陆天数: 37天 / 674天
等级: 130
石头: 4074
呼符: 182
体力: 25.626666666666665 / 138
友情点: 0 / 375990`
_2024-06-29 04:10:44_
--------
*ac5d32649e3e9df38c2f61467831f9b8*
`登陆天数: 37天 / 674天
等级: 130
石头: 4088
呼符: 198
体力: 25.60333333333334 / 138
友情点: 0 / 374930`
_2024-06-29 04:10:52_
--------
*caac5ba732410d259f8ff56d837f7d90*
`登陆天数: 37天 / 674天
等级: 130
石头: 4096
呼符: 329
体力: 25.576666666666668 / 138
友情点: 0 / 374345`
_2024-06-29 04:11:00_
--------
*5f5f8a8d61889cb68af952c9bc50adc5*
`登陆天数: 37天 / 675天
等级: 130
石头: 4072
呼符: 198
体力: 25.549999999999997 / 138
友情点: 0 / 374135`
_2024-06-29 04:11:09_
--------
*baf9ab9f160b6298d65428c56e79a8dd*
`登陆天数: 37天 / 674天
等级: 130
石头: 4107
呼符: 267
体力: 25.523333333333326 / 138
友情点: 0 / 373510`
_2024-06-29 04:11:17_
--------
*6e2837d3f5424f813d1262f4ffee4787*
`登陆天数: 37天 / 674天
等级: 130
石头: 4098
呼符: 264
体力: 25.49666666666667 / 138
友情点: 0 / 374880`
_2024-06-29 04:11:25_
--------
*af074a2c5a2afae6484b6040d8ea3a7f*
`登陆天数: 37天 / 674天
等级: 130
石头: 4097
呼符: 126
体力: 25.46666666666667 / 138
友情点: 0 / 378595`
_2024-06-29 04:11:33_
--------
*1e2fd353db51a8006ab9d4ac0fc45db4*
`登陆天数: 37天 / 675天
等级: 130
石头: 4090
呼符: 258
体力: 25.443333333333328 / 138
友情点: 0 / 374425`
_2024-06-29 04:11:41_
--------
*41e5b952ef0c8025f198679921798a92*
`登陆天数: 37天 / 674天
等级: 130
石头: 4101
呼符: 258
体力: 25.41666666666667 / 138
友情点: 0 / 373970`
_2024-06-29 04:11:49_
--------
*507f766cf75da0b70eb68d7b324d917b*
`登陆天数: 37天 / 674天
等级: 130
石头: 4103
呼符: 279
体力: 25.39 / 138
友情点: 0 / 374020`
_2024-06-29 04:11:57_
--------
*4f2027fed62c9c49b78fd28501b77e45*
`登陆天数: 37天 / 674天
等级: 130
石头: 4105
呼符: 301
体力: 25.36666666666666 / 138
友情点: 0 / 374195`
_2024-06-29 04:12:05_
--------
*80ca42db235ad0f1272ac9859d32bc24*
`登陆天数: 37天 / 675天
等级: 130
石头: 4105
呼符: 321
体力: 25.336666666666673 / 138
友情点: 0 / 375850`
_2024-06-29 04:12:13_
--------
*6e2f7b4ef9e6081b745add320fba79f5*
`登陆天数: 37天 / 675天
等级: 130
石头: 4110
呼符: 39
体力: 25.310000000000002 / 138
友情点: 0 / 401675`
_2024-06-29 04:12:21_
--------
*fd2adbfe86cd2ad3d7255fc256b75bc2*
`登陆天数: 37天 / 675天
等级: 130
石头: 4102
呼符: 304
体力: 25.28666666666666 / 138
友情点: 0 / 374610`
_2024-06-29 04:12:29_
--------
*1d341ee0b29ad7788e8b4266705e8b76*
`登陆天数: 37天 / 674天
等级: 130
石头: 4101
呼符: 191
体力: 25.260000000000005 / 138
友情点: 0 / 374475`
_2024-06-29 04:12:38_
--------
*3d133f3c928c3e78ffbe07316572bfee*
`登陆天数: 37天 / 674天
等级: 130
石头: 4099
呼符: 282
体力: 25.230000000000004 / 138
友情点: 0 / 374365`
_2024-06-29 04:12:46_
--------
*313db5b217a08f67ab8e60718cb261e6*
`登陆天数: 37天 / 674天
等级: 130
石头: 4101
呼符: 300
体力: 25.206666666666663 / 138
友情点: 0 / 374925`
_2024-06-29 04:12:54_
--------
*274c3532571f884b74fee411bb18b2bb*
`登陆天数: 37天 / 675天
等级: 130
石头: 4104
呼符: 284
体力: 25.180000000000007 / 138
友情点: 0 / 374650`
_2024-06-29 04:13:02_
--------
*7b0d4d11086605f45fb0df9c2f892bfb*
`登陆天数: 37天 / 674天
等级: 130
石头: 4100
呼符: 250
体力: 25.153333333333336 / 138
友情点: 0 / 375765`
_2024-06-29 04:13:11_
--------
*d7ff81a6a499b582a169dc0e518ac884*
`登陆天数: 37天 / 674天
等级: 130
石头: 4098
呼符: 295
体力: 25.126666666666665 / 138
友情点: 0 / 374940`
_2024-06-29 04:13:19_
--------
*5a45bbc431edc0484aa4cb8e38d600be*
`登陆天数: 37天 / 675天
等级: 130
石头: 4089
呼符: 102
体力: 25.099999999999994 / 138
友情点: 0 / 384895`
_2024-06-29 04:13:27_
--------
*553bf7b212cc9edc421f87c00d34655d*
`登陆天数: 37天 / 674天
等级: 130
石头: 4104
呼符: 291
体力: 25.076666666666668 / 138
友情点: 0 / 374955`
_2024-06-29 04:13:35_
--------
*5ac34b6c894deb8c0e944d2cd836c59d*
`登陆天数: 37天 / 674天
等级: 130
石头: 4086
呼符: 306
体力: 25.049999999999997 / 138
友情点: 0 / 374565`
_2024-06-29 04:13:43_
--------
*bf29c812f99379270241926ddd49421b*
`登陆天数: 37天 / 674天
等级: 130
石头: 4102
呼符: 334
体力: 25.019999999999996 / 138
友情点: 0 / 373910`
_2024-06-29 04:13:52_
--------
*0bb36eaaabe7d21ca1ed912448cf945d*
`登陆天数: 37天 / 675天
等级: 130
石头: 4097
呼符: 258
体力: 24.99333333333334 / 138
友情点: 0 / 373940`
_2024-06-29 04:14:00_
--------
*1ea8c965f62327f0ad44df589ec185ae*
`登陆天数: 37天 / 674天
等级: 130
石头: 4102
呼符: 253
体力: 24.96666666666667 / 138
友情点: 0 / 375015`
_2024-06-29 04:14:08_
--------
*9ee4eadc22981537d9cf75dd4f277bc0*
`登陆天数: 37天 / 675天
等级: 130
石头: 4105
呼符: 275
体力: 24.939999999999998 / 138
友情点: 0 / 375415`
_2024-06-29 04:14:16_
--------
*8057e895fb9e70d1093a9d6290af4684*
`登陆天数: 37天 / 675天
等级: 130
石头: 4058
呼符: 294
体力: 24.909999999999997 / 138
友情点: 0 / 375455`
_2024-06-29 04:14:24_
--------
*740d4af934530c572b942a40933b2bf4*
`登陆天数: 37天 / 674天
等级: 130
石头: 4107
呼符: 295
体力: 24.88666666666667 / 138
友情点: 0 / 374540`
_2024-06-29 04:14:32_
--------
*9004025abcd141c61c179117fb88a601*
`登陆天数: 37天 / 674天
等级: 130
石头: 4099
呼符: 318
体力: 24.86 / 138
友情点: 0 / 374585`
_2024-06-29 04:14:40_
--------
*9fe4660f2c336ca246c4238fd8c583e5*
`登陆天数: 37天 / 675天
等级: 130
石头: 4056
呼符: 287
体力: 24.826666666666668 / 138
友情点: 0 / 374940`
_2024-06-29 04:14:48_
--------
*0aef84db5226d670f527438090555540*
`登陆天数: 37天 / 674天
等级: 130
石头: 4065
呼符: 270
体力: 24.799999999999997 / 138
友情点: 0 / 374130`
_2024-06-29 04:14:56_
--------
*598d48a432718df785414f903a3c1ca6*
`登陆天数: 37天 / 674天
等级: 130
石头: 4100
呼符: 318
体力: 24.773333333333326 / 138
友情点: 0 / 375935`
_2024-06-29 04:15:04_
--------
*e70c5fbb86b56b8d13b0d75e15a2b660*
`登陆天数: 37天 / 675天
等级: 130
石头: 4102
呼符: 39
体力: 24.75333333333333 / 138
友情点: 0 / 394025`
_2024-06-29 04:15:12_
--------
*2fd782c4dc0ebf482af4dd92aadb2e11*
`登陆天数: 37天 / 675天
等级: 130
石头: 4104
呼符: 265
体力: 24.739999999999995 / 138
友情点: 0 / 377230`
_2024-06-29 04:15:20_
--------
*fba1cc9af4246db78526318adfd5e915*
`登陆天数: 37天 / 675天
等级: 130
石头: 4091
呼符: 335
体力: 24.71333333333334 / 138
友情点: 0 / 374865`
_2024-06-29 04:15:29_
--------
*58113125fd8e6e7daa6886570d01a5e1*
`登陆天数: 37天 / 674天
等级: 130
石头: 4010
呼符: 24
体力: 22513.373333333333 / 138
友情点: 0 / 468535`
_2024-06-29 04:15:37_
--------
