【登录信息】
*b0be8ec3c973f045a4ae91cf2d997f5f*
`登陆天数: 38天 / 676天
等级: 130
石头: 4101
呼符: 215
体力: 25.41666666666667 / 138
友情点: 0 / 367185`
_2024-06-30 04:07:47_
--------
*eb2249351f62e8f53edd212e354b4ab0*
`登陆天数: 38天 / 675天
等级: 130
石头: 4090
呼符: 294
体力: 25.39 / 138
友情点: 0 / 367660`
_2024-06-30 04:07:55_
--------
*75e790417deaedf66a35fa3ab3f26639*
`登陆天数: 38天 / 676天
等级: 130
石头: 4100
呼符: 215
体力: 25.36333333333333 / 138
友情点: 0 / 368770`
_2024-06-30 04:08:03_
--------
*00a84f6e84e13de772bf49acefa6fc7e*
`登陆天数: 38天 / 676天
等级: 130
石头: 4097
呼符: 39
体力: 25.33333333333333 / 138
友情点: 0 / 398310`
_2024-06-30 04:08:11_
--------
*25b5b0980a09bb194720b885c2db93c1*
`登陆天数: 38天 / 675天
等级: 130
石头: 4089
呼符: 234
体力: 25.306666666666672 / 138
友情点: 0 / 371690`
_2024-06-30 04:08:19_
--------
*c18683b9479c8ce71d91e4c7be7f9e76*
`登陆天数: 38天 / 675天
等级: 130
石头: 4096
呼符: 288
体力: 25.28 / 138
友情点: 0 / 370385`
_2024-06-30 04:08:28_
--------
*0e1bd5e231db09692ee34cf2c0b70d51*
`登陆天数: 38天 / 675天
等级: 130
石头: 4105
呼符: 80
体力: 25.25 / 138
友情点: 0 / 393375`
_2024-06-30 04:08:36_
--------
*b47dbe145b08f3cfbe87b7807296db90*
`登陆天数: 38天 / 675天
等级: 130
石头: 4097
呼符: 76
体力: 25.226666666666674 / 138
友情点: 0 / 380280`
_2024-06-30 04:08:44_
--------
*b530e8c4258bfcc88af39490c55a47af*
`登陆天数: 38天 / 677天
等级: 130
石头: 4108
呼符: 70
体力: 25.206666666666663 / 138
友情点: 0 / 390815`
_2024-06-30 04:08:52_
--------
*b86c825dac1ea8f15d25f75c35fada21*
`登陆天数: 38天 / 676天
等级: 130
石头: 4109
呼符: 169
体力: 25.183333333333337 / 138
友情点: 0 / 368635`
_2024-06-30 04:09:00_
--------
*b94c54a2875840777c50a96d4d265f1f*
`登陆天数: 38天 / 675天
等级: 130
石头: 4086
呼符: 248
体力: 25.156666666666666 / 138
友情点: 0 / 369625`
_2024-06-30 04:09:08_
--------
*df8cfb9e510537bfd10243005fe97845*
`登陆天数: 38天 / 676天
等级: 130
石头: 4098
呼符: 238
体力: 25.126666666666665 / 138
友情点: 0 / 367975`
_2024-06-30 04:09:16_
--------
*67e271c2249c946385b3420be623a16f*
`登陆天数: 38天 / 675天
等级: 130
石头: 4086
呼符: 236
体力: 25.099999999999994 / 138
友情点: 0 / 370110`
_2024-06-30 04:09:25_
--------
*6cff570ebf13a96c25b0b39f4004a1de*
`登陆天数: 38天 / 675天
等级: 130
石头: 4074
呼符: 182
体力: 25.069999999999993 / 138
友情点: 0 / 369990`
_2024-06-30 04:09:33_
--------
*ac5d32649e3e9df38c2f61467831f9b8*
`登陆天数: 38天 / 675天
等级: 130
石头: 4088
呼符: 198
体力: 25.046666666666667 / 138
友情点: 0 / 368930`
_2024-06-30 04:09:41_
--------
*caac5ba732410d259f8ff56d837f7d90*
`登陆天数: 38天 / 675天
等级: 130
石头: 4096
呼符: 329
体力: 25.016666666666666 / 138
友情点: 0 / 368345`
_2024-06-30 04:09:50_
--------
*5f5f8a8d61889cb68af952c9bc50adc5*
`登陆天数: 38天 / 676天
等级: 130
石头: 4072
呼符: 198
体力: 24.989999999999995 / 138
友情点: 0 / 368135`
_2024-06-30 04:09:58_
--------
*baf9ab9f160b6298d65428c56e79a8dd*
`登陆天数: 38天 / 675天
等级: 130
石头: 4107
呼符: 267
体力: 24.96333333333334 / 138
友情点: 0 / 367510`
_2024-06-30 04:10:06_
--------
*6e2837d3f5424f813d1262f4ffee4787*
`登陆天数: 38天 / 675天
等级: 130
石头: 4098
呼符: 264
体力: 24.930000000000007 / 138
友情点: 0 / 368880`
_2024-06-30 04:10:14_
--------
*af074a2c5a2afae6484b6040d8ea3a7f*
`登陆天数: 38天 / 675天
等级: 130
石头: 4097
呼符: 126
体力: 24.903333333333336 / 138
友情点: 0 / 378595`
_2024-06-30 04:10:22_
--------
*1e2fd353db51a8006ab9d4ac0fc45db4*
`登陆天数: 38天 / 676天
等级: 130
石头: 4090
呼符: 258
体力: 24.876666666666665 / 138
友情点: 0 / 368425`
_2024-06-30 04:10:30_
--------
*41e5b952ef0c8025f198679921798a92*
`登陆天数: 38天 / 675天
等级: 130
石头: 4101
呼符: 258
体力: 24.849999999999994 / 138
友情点: 0 / 367970`
_2024-06-30 04:10:38_
--------
*507f766cf75da0b70eb68d7b324d917b*
`登陆天数: 38天 / 675天
等级: 130
石头: 4103
呼符: 279
体力: 24.819999999999993 / 138
友情点: 0 / 368020`
_2024-06-30 04:10:46_
--------
*4f2027fed62c9c49b78fd28501b77e45*
`登陆天数: 38天 / 675天
等级: 130
石头: 4105
呼符: 301
体力: 24.793333333333337 / 138
友情点: 0 / 368195`
_2024-06-30 04:10:54_
--------
*80ca42db235ad0f1272ac9859d32bc24*
`登陆天数: 38天 / 676天
等级: 130
石头: 4105
呼符: 321
体力: 24.766666666666666 / 138
友情点: 0 / 369850`
_2024-06-30 04:11:02_
--------
*6e2f7b4ef9e6081b745add320fba79f5*
`登陆天数: 38天 / 676天
等级: 130
石头: 4110
呼符: 39
体力: 24.736666666666665 / 138
友情点: 0 / 401675`
_2024-06-30 04:11:11_
--------
*fd2adbfe86cd2ad3d7255fc256b75bc2*
`登陆天数: 38天 / 676天
等级: 130
石头: 4102
呼符: 304
体力: 24.709999999999994 / 138
友情点: 0 / 368610`
_2024-06-30 04:11:18_
--------
*1d341ee0b29ad7788e8b4266705e8b76*
`登陆天数: 38天 / 675天
等级: 130
石头: 4101
呼符: 191
体力: 24.676666666666662 / 138
友情点: 0 / 368475`
_2024-06-30 04:11:26_
--------
*3d133f3c928c3e78ffbe07316572bfee*
`登陆天数: 38天 / 675天
等级: 130
石头: 4099
呼符: 282
体力: 24.650000000000006 / 138
友情点: 0 / 368365`
_2024-06-30 04:11:34_
--------
*313db5b217a08f67ab8e60718cb261e6*
`登陆天数: 38天 / 675天
等级: 130
石头: 4101
呼符: 300
体力: 24.620000000000005 / 138
友情点: 0 / 368925`
_2024-06-30 04:11:42_
--------
*274c3532571f884b74fee411bb18b2bb*
`登陆天数: 38天 / 676天
等级: 130
石头: 4104
呼符: 284
体力: 24.590000000000003 / 138
友情点: 0 / 368650`
_2024-06-30 04:11:50_
--------
*7b0d4d11086605f45fb0df9c2f892bfb*
`登陆天数: 38天 / 675天
等级: 130
石头: 4100
呼符: 250
体力: 24.563333333333333 / 138
友情点: 0 / 369765`
_2024-06-30 04:11:58_
--------
*d7ff81a6a499b582a169dc0e518ac884*
`登陆天数: 38天 / 675天
等级: 130
石头: 4098
呼符: 295
体力: 24.53666666666666 / 138
友情点: 0 / 368940`
_2024-06-30 04:12:06_
--------
*5a45bbc431edc0484aa4cb8e38d600be*
`登陆天数: 38天 / 676天
等级: 130
石头: 4089
呼符: 102
体力: 24.50666666666666 / 138
友情点: 0 / 384895`
_2024-06-30 04:12:14_
--------
*553bf7b212cc9edc421f87c00d34655d*
`登陆天数: 38天 / 675天
等级: 130
石头: 4104
呼符: 291
体力: 24.483333333333334 / 138
友情点: 0 / 368955`
_2024-06-30 04:12:22_
--------
*5ac34b6c894deb8c0e944d2cd836c59d*
`登陆天数: 38天 / 675天
等级: 130
石头: 4086
呼符: 306
体力: 24.453333333333333 / 138
友情点: 0 / 368565`
_2024-06-30 04:12:30_
--------
*bf29c812f99379270241926ddd49421b*
`登陆天数: 38天 / 675天
等级: 130
石头: 4102
呼符: 334
体力: 24.423333333333332 / 138
友情点: 0 / 367910`
_2024-06-30 04:12:38_
--------
*0bb36eaaabe7d21ca1ed912448cf945d*
`登陆天数: 38天 / 676天
等级: 130
石头: 4097
呼符: 258
体力: 24.39666666666666 / 138
友情点: 0 / 367940`
_2024-06-30 04:12:46_
--------
*1ea8c965f62327f0ad44df589ec185ae*
`登陆天数: 38天 / 675天
等级: 130
石头: 4102
呼符: 253
体力: 24.370000000000005 / 138
友情点: 0 / 369015`
_2024-06-30 04:12:54_
--------
*9ee4eadc22981537d9cf75dd4f277bc0*
`登陆天数: 38天 / 676天
等级: 130
石头: 4105
呼符: 275
体力: 24.343333333333334 / 138
友情点: 0 / 369415`
_2024-06-30 04:13:03_
--------
*8057e895fb9e70d1093a9d6290af4684*
`登陆天数: 38天 / 676天
等级: 130
石头: 4058
呼符: 294
体力: 24.313333333333333 / 138
友情点: 0 / 369455`
_2024-06-30 04:13:11_
--------
*740d4af934530c572b942a40933b2bf4*
`登陆天数: 38天 / 675天
等级: 130
石头: 4107
呼符: 295
体力: 24.28333333333333 / 138
友情点: 0 / 368540`
_2024-06-30 04:13:19_
--------
*9004025abcd141c61c179117fb88a601*
`登陆天数: 38天 / 675天
等级: 130
石头: 4099
呼符: 318
体力: 24.25666666666666 / 138
友情点: 0 / 368585`
_2024-06-30 04:13:27_
--------
*9fe4660f2c336ca246c4238fd8c583e5*
`登陆天数: 38天 / 676天
等级: 130
石头: 4056
呼符: 287
体力: 24.226666666666674 / 138
友情点: 0 / 368940`
_2024-06-30 04:13:35_
--------
*0aef84db5226d670f527438090555540*
`登陆天数: 38天 / 675天
等级: 130
石头: 4065
呼符: 270
体力: 24.200000000000003 / 138
友情点: 0 / 368130`
_2024-06-30 04:13:44_
--------
*598d48a432718df785414f903a3c1ca6*
`登陆天数: 38天 / 675天
等级: 130
石头: 4100
呼符: 318
体力: 24.173333333333332 / 138
友情点: 0 / 369935`
_2024-06-30 04:13:52_
--------
*e70c5fbb86b56b8d13b0d75e15a2b660*
`登陆天数: 38天 / 676天
等级: 130
石头: 4102
呼符: 39
体力: 24.14333333333333 / 138
友情点: 0 / 394025`
_2024-06-30 04:14:00_
--------
*2fd782c4dc0ebf482af4dd92aadb2e11*
`登陆天数: 38天 / 676天
等级: 130
石头: 4104
呼符: 265
体力: 24.11666666666666 / 138
友情点: 0 / 371230`
_2024-06-30 04:14:09_
--------
*fba1cc9af4246db78526318adfd5e915*
`登陆天数: 38天 / 676天
等级: 130
石头: 4091
呼符: 335
体力: 24.090000000000003 / 138
友情点: 0 / 368865`
_2024-06-30 04:14:17_
--------
*58113125fd8e6e7daa6886570d01a5e1*
`登陆天数: 38天 / 675天
等级: 130
石头: 4010
呼符: 24
体力: 22801.133333333335 / 138
友情点: 0 / 468535`
_2024-06-30 04:14:25_
--------
